[0.006s] Invoking command in '/home/dhruft/ws_nirmitsu/build/nirmitsu_ros2_flowgraph': CMAKE_PREFIX_PATH=/home/dhruft/ws_nirmitsu/install/NodeEditor LD_LIBRARY_PATH=/home/dhruft/ws_nirmitsu/install/NodeEditor/lib /usr/bin/cmake /home/dhruft/ws_nirmitsu/src/nirmitsu-ros2/nirmitsu_ros2_flowgraph -DCMAKE_INSTALL_PREFIX=/home/dhruft/ws_nirmitsu/install/nirmitsu_ros2_flowgraph
[0.014s] -- Found ament_cmake: 1.3.2 (/opt/ros/humble/share/ament_cmake/cmake)
[0.129s] Traceback (most recent call last):
[0.129s]   File "/opt/ros/humble/share/ament_cmake_core/cmake/package_templates/templates_2_cmake.py", line 21, in <module>
[0.129s]     from ament_package.templates import get_environment_hook_template_path
[0.129s] ModuleNotFoundError: No module named 'ament_package'
[0.144s] [31mCMake Error at /opt/ros/humble/share/ament_cmake_core/cmake/ament_cmake_package_templates-extras.cmake:41 (message):
[0.144s]   execute_process(/usr/bin/python3.10
[0.144s]   /opt/ros/humble/share/ament_cmake_core/cmake/package_templates/templates_2_cmake.py
[0.144s]   /home/dhruft/ws_nirmitsu/build/nirmitsu_ros2_flowgraph/ament_cmake_package_templates/templates.cmake)
[0.145s]   returned error code 1
[0.145s] Call Stack (most recent call first):
[0.145s]   /opt/ros/humble/share/ament_cmake_core/cmake/ament_cmake_coreConfig.cmake:41 (include)
[0.145s]   /opt/ros/humble/share/ament_cmake/cmake/ament_cmake_export_dependencies-extras.cmake:15 (find_package)
[0.145s]   /opt/ros/humble/share/ament_cmake/cmake/ament_cmakeConfig.cmake:41 (include)
[0.146s]   CMakeLists.txt:9 (find_package)
[0.146s] 
[0.146s] [0m
[0.146s] -- Configuring incomplete, errors occurred!
[0.146s] See also "/home/dhruft/ws_nirmitsu/build/nirmitsu_ros2_flowgraph/CMakeFiles/CMakeOutput.log".
[0.148s] Invoked command in '/home/dhruft/ws_nirmitsu/build/nirmitsu_ros2_flowgraph' returned '1': CMAKE_PREFIX_PATH=/home/dhruft/ws_nirmitsu/install/NodeEditor LD_LIBRARY_PATH=/home/dhruft/ws_nirmitsu/install/NodeEditor/lib /usr/bin/cmake /home/dhruft/ws_nirmitsu/src/nirmitsu-ros2/nirmitsu_ros2_flowgraph -DCMAKE_INSTALL_PREFIX=/home/dhruft/ws_nirmitsu/install/nirmitsu_ros2_flowgraph
