-- The C compiler identification is GNU 11.2.0
-- The CXX compiler identification is GNU 11.2.0
-- Detecting C compiler ABI info
-- Detecting C compiler ABI info - done
-- Check for working C compiler: /usr/bin/cc - skipped
-- Detecting C compile features
-- Detecting C compile features - done
-- Detecting CXX compiler ABI info
-- Detecting CXX compiler ABI info - done
-- Check for working CXX compiler: /usr/bin/c++ - skipped
-- Detecting CXX compile features
-- Detecting CXX compile features - done
-- Found ament_cmake: 1.3.2 (/opt/ros/humble/share/ament_cmake/cmake)
-- Found Python3: /usr/bin/python3.10 (found version "3.10.4") found components: Interpreter 
-- Found rclcpp: 16.0.1 (/opt/ros/humble/share/rclcpp/cmake)
-- Found rosidl_generator_c: 3.1.3 (/opt/ros/humble/share/rosidl_generator_c/cmake)
-- Found rosidl_adapter: 3.1.3 (/opt/ros/humble/share/rosidl_adapter/cmake)
-- Found rosidl_generator_cpp: 3.1.3 (/opt/ros/humble/share/rosidl_generator_cpp/cmake)
-- Using all available rosidl_typesupport_c: rosidl_typesupport_fastrtps_c;rosidl_typesupport_introspection_c
-- Using all available rosidl_typesupport_cpp: rosidl_typesupport_fastrtps_cpp;rosidl_typesupport_introspection_cpp
-- Found rmw_implementation_cmake: 6.1.0 (/opt/ros/humble/share/rmw_implementation_cmake/cmake)
-- Found rmw_fastrtps_cpp: 6.2.1 (/opt/ros/humble/share/rmw_fastrtps_cpp/cmake)
-- Found OpenSSL: /usr/lib/x86_64-linux-gnu/libcrypto.so (found version "3.0.2")  
-- Found FastRTPS: /opt/ros/humble/include  
-- Using RMW implementation 'rmw_fastrtps_cpp' as default
-- Found geometry_msgs: 4.2.2 (/opt/ros/humble/share/geometry_msgs/cmake)
-- Found ament_lint_auto: 0.12.4 (/opt/ros/humble/share/ament_lint_auto/cmake)
-- Added test 'copyright' to check source files copyright and LICENSE
-- Added test 'cppcheck' to perform static code analysis on C / C++ code
-- Configured cppcheck include dirs: $<BUILD_INTERFACE:/home/dhruft/ws_nirmitsu/src/nirmitsu-ros2/nirmitsu_ros2_flowgraph/include>
-- Configured cppcheck exclude dirs and/or files: 
-- Added test 'cpplint' to check C / C++ code against the Google style
-- Configured cpplint exclude dirs and/or files: 
-- Added test 'lint_cmake' to check CMake code style
-- Added test 'uncrustify' to check C / C++ code style
-- Configured uncrustify additional arguments: 
-- Added test 'xmllint' to check XML markup files
-- Configuring done
-- Generating done
-- Build files have been written to: /home/dhruft/ws_nirmitsu/build/nirmitsu_ros2_flowgraph
[  6%] [34m[1mAutomatic MOC and UIC for target nirmitsu[0m
[  6%] Built target nirmitsu_autogen
[ 53%] [32mBuilding CXX object CMakeFiles/nirmitsu.dir/src/datatypes/StringData.cpp.o[0m
[ 53%] [32mBuilding CXX object CMakeFiles/nirmitsu.dir/src/datatypes/IntegerData.cpp.o[0m
[ 53%] [32mBuilding CXX object CMakeFiles/nirmitsu.dir/src/datatypes/WheelData.cpp.o[0m
[ 66%] [32mBuilding CXX object CMakeFiles/nirmitsu.dir/src/datatypes/BoolData.cpp.o[0m
[ 53%] [32mBuilding CXX object CMakeFiles/nirmitsu.dir/src/datatypes/DoubleData.cpp.o[0m
[ 53%] [32mBuilding CXX object CMakeFiles/nirmitsu.dir/nirmitsu_autogen/mocs_compilation.cpp.o[0m
[ 66%] [32mBuilding CXX object CMakeFiles/nirmitsu.dir/src/inputs/NumberSlider.cpp.o[0m
[ 66%] [32mBuilding CXX object CMakeFiles/nirmitsu.dir/src/inputs/Switch.cpp.o[0m
[ 66%] [32mBuilding CXX object CMakeFiles/nirmitsu.dir/src/inputs/TextBox.cpp.o[0m
[ 86%] [32mBuilding CXX object CMakeFiles/nirmitsu.dir/src/robot/RobotWheel.cpp.o[0m
[ 86%] [32mBuilding CXX object CMakeFiles/nirmitsu.dir/src/robot/Robot.cpp.o[0m
[ 93%] [32mBuilding CXX object CMakeFiles/nirmitsu.dir/src/outputs/Display.cpp.o[0m
[ 93%] [32mBuilding CXX object CMakeFiles/nirmitsu.dir/src/main.cpp.o[0m
[100%] [32m[1mLinking CXX executable nirmitsu[0m
[100%] Built target nirmitsu
-- Install configuration: ""
-- Installing: /home/dhruft/ws_nirmitsu/install/nirmitsu_ros2_flowgraph/lib/nirmitsu_ros2_flowgraph/nirmitsu
-- Set runtime path of "/home/dhruft/ws_nirmitsu/install/nirmitsu_ros2_flowgraph/lib/nirmitsu_ros2_flowgraph/nirmitsu" to ""
-- Installing: /home/dhruft/ws_nirmitsu/install/nirmitsu_ros2_flowgraph/share/ament_index/resource_index/package_run_dependencies/nirmitsu_ros2_flowgraph
-- Installing: /home/dhruft/ws_nirmitsu/install/nirmitsu_ros2_flowgraph/share/ament_index/resource_index/parent_prefix_path/nirmitsu_ros2_flowgraph
-- Installing: /home/dhruft/ws_nirmitsu/install/nirmitsu_ros2_flowgraph/share/nirmitsu_ros2_flowgraph/environment/ament_prefix_path.sh
-- Installing: /home/dhruft/ws_nirmitsu/install/nirmitsu_ros2_flowgraph/share/nirmitsu_ros2_flowgraph/environment/ament_prefix_path.dsv
-- Installing: /home/dhruft/ws_nirmitsu/install/nirmitsu_ros2_flowgraph/share/nirmitsu_ros2_flowgraph/environment/path.sh
-- Installing: /home/dhruft/ws_nirmitsu/install/nirmitsu_ros2_flowgraph/share/nirmitsu_ros2_flowgraph/environment/path.dsv
-- Installing: /home/dhruft/ws_nirmitsu/install/nirmitsu_ros2_flowgraph/share/nirmitsu_ros2_flowgraph/local_setup.bash
-- Installing: /home/dhruft/ws_nirmitsu/install/nirmitsu_ros2_flowgraph/share/nirmitsu_ros2_flowgraph/local_setup.sh
-- Installing: /home/dhruft/ws_nirmitsu/install/nirmitsu_ros2_flowgraph/share/nirmitsu_ros2_flowgraph/local_setup.zsh
-- Installing: /home/dhruft/ws_nirmitsu/install/nirmitsu_ros2_flowgraph/share/nirmitsu_ros2_flowgraph/local_setup.dsv
-- Installing: /home/dhruft/ws_nirmitsu/install/nirmitsu_ros2_flowgraph/share/nirmitsu_ros2_flowgraph/package.dsv
-- Installing: /home/dhruft/ws_nirmitsu/install/nirmitsu_ros2_flowgraph/share/ament_index/resource_index/packages/nirmitsu_ros2_flowgraph
-- Installing: /home/dhruft/ws_nirmitsu/install/nirmitsu_ros2_flowgraph/share/nirmitsu_ros2_flowgraph/cmake/nirmitsu_ros2_flowgraphConfig.cmake
-- Installing: /home/dhruft/ws_nirmitsu/install/nirmitsu_ros2_flowgraph/share/nirmitsu_ros2_flowgraph/cmake/nirmitsu_ros2_flowgraphConfig-version.cmake
-- Installing: /home/dhruft/ws_nirmitsu/install/nirmitsu_ros2_flowgraph/share/nirmitsu_ros2_flowgraph/package.xml
