[0.008s] Invoking command in '/home/dhruft/ws_nirmitsu/build/nirmitsu_ros2_flowgraph': CMAKE_PREFIX_PATH=/home/dhruft/ws_nirmitsu/install/NodeEditor:/home/dhruft/ws_nirmitsu/install/nirmitsu_ros2_flowgraph:/opt/ros/humble /usr/bin/cmake --build /home/dhruft/ws_nirmitsu/build/nirmitsu_ros2_flowgraph -- -j16 -l16
[0.054s] [  5%] [34m[1mAutomatic MOC and UIC for target nirmitsu[0m
[0.078s] [  5%] Built target nirmitsu_autogen
[0.100s] [35m[1mConsolidate compiler generated dependencies of target nirmitsu[0m
[0.136s] [ 11%] [32mBuilding CXX object CMakeFiles/nirmitsu.dir/src/datatypes/Pos.cpp.o[0m
[0.137s] [ 16%] [32mBuilding CXX object CMakeFiles/nirmitsu.dir/src/inputs/Joystick.cpp.o[0m
[0.610s] [01m[K/home/dhruft/ws_nirmitsu/src/nirmitsu-ros2/nirmitsu_ros2_flowgraph/src/datatypes/Pos.cpp:[m[K In member function ‘[01m[Kvirtual QString Pos::to_string() const[m[K’:
[0.610s] [01m[K/home/dhruft/ws_nirmitsu/src/nirmitsu-ros2/nirmitsu_ros2_flowgraph/src/datatypes/Pos.cpp:56:18:[m[K [01;31m[Kerror: [m[Kexpected ‘[01m[K;[m[K’ before ‘[01m[Kreturn[m[K’
[0.610s]    56 |   return "yomama"
[0.610s]       |                  [01;31m[K^[m[K
[0.610s]       |                  [32m[K;[m[K
[0.610s]    57 |   [32m[Kreturn[m[K QStringLiteral("X Pos: %1\nY Pos: %2")
[0.611s]       |   [32m[K~~~~~~[m[K          
[0.663s] gmake[2]: *** [CMakeFiles/nirmitsu.dir/build.make:146: CMakeFiles/nirmitsu.dir/src/datatypes/Pos.cpp.o] Error 1
[0.663s] gmake[2]: *** Waiting for unfinished jobs....
[1.973s] In file included from [01m[K/home/dhruft/ws_nirmitsu/src/nirmitsu-ros2/nirmitsu_ros2_flowgraph/src/inputs/Joystick.cpp:18[m[K:
[1.974s] [01m[K/home/dhruft/ws_nirmitsu/src/nirmitsu-ros2/nirmitsu_ros2_flowgraph/src/inputs/Joystick.hpp:[m[K In member function ‘[01m[Kvirtual void Joystick::setInData(std::shared_ptr<QtNodes::NodeData>, int)[m[K’:
[1.974s] [01m[K/home/dhruft/ws_nirmitsu/src/nirmitsu-ros2/nirmitsu_ros2_flowgraph/src/inputs/Joystick.hpp:75:39:[m[K [01;35m[Kwarning: [m[Kunused parameter ‘[01m[Kdata[m[K’ [[01;35m[K]8;;https://gcc.gnu.org/onlinedocs/gcc/Warning-Options.html#index-Wunused-parameter-Wunused-parameter]8;;[m[K]
[1.974s]    75 |   setInData([01;35m[Kstd::shared_ptr<NodeData> data[m[K, int) override
[1.974s]       |             [01;35m[K~~~~~~~~~~~~~~~~~~~~~~~~~~^~~~[m[K
[1.982s] [01m[K/home/dhruft/ws_nirmitsu/src/nirmitsu-ros2/nirmitsu_ros2_flowgraph/src/inputs/Joystick.cpp:[m[K In member function ‘[01m[Kvoid Joystick::onMove(PosType)[m[K’:
[1.982s] [01m[K/home/dhruft/ws_nirmitsu/src/nirmitsu-ros2/nirmitsu_ros2_flowgraph/src/inputs/Joystick.cpp:75:18:[m[K [01;31m[Kerror: [m[K‘[01m[Kvalue[m[K’ was not declared in this scope
[1.982s]    75 |   _string->value([01;31m[Kvalue[m[K(_position)->to_string());
[1.982s]       |                  [01;31m[K^~~~~[m[K
[2.266s] gmake[2]: *** [CMakeFiles/nirmitsu.dir/build.make:188: CMakeFiles/nirmitsu.dir/src/inputs/Joystick.cpp.o] Error 1
[2.266s] gmake[1]: *** [CMakeFiles/Makefile2:138: CMakeFiles/nirmitsu.dir/all] Error 2
[2.267s] gmake: *** [Makefile:146: all] Error 2
[2.269s] Invoked command in '/home/dhruft/ws_nirmitsu/build/nirmitsu_ros2_flowgraph' returned '2': CMAKE_PREFIX_PATH=/home/dhruft/ws_nirmitsu/install/NodeEditor:/home/dhruft/ws_nirmitsu/install/nirmitsu_ros2_flowgraph:/opt/ros/humble /usr/bin/cmake --build /home/dhruft/ws_nirmitsu/build/nirmitsu_ros2_flowgraph -- -j16 -l16
