[0.201s] DEBUG:colcon:Command line arguments: ['/usr/bin/colcon', 'build']
[0.201s] DEBUG:colcon:Parsed command line arguments: Namespace(log_base=None, log_level=None, verb_name='build', build_base='build', install_base='install', merge_install=False, symlink_install=False, test_result_base=None, continue_on_error=False, executor='parallel', parallel_workers=16, event_handlers=None, ignore_user_meta=False, metas=['./colcon.meta'], base_paths=['.'], packages_ignore=None, packages_ignore_regex=None, paths=None, packages_up_to=None, packages_up_to_regex=None, packages_above=None, packages_above_and_dependencies=None, packages_above_depth=None, packages_select_by_dep=None, packages_skip_by_dep=None, packages_skip_up_to=None, packages_select_build_failed=False, packages_skip_build_finished=False, packages_select_test_failures=False, packages_skip_test_passed=False, packages_select=None, packages_skip=None, packages_select_regex=None, packages_skip_regex=None, packages_start=None, packages_end=None, allow_overriding=[], cmake_args=None, cmake_target=None, cmake_target_skip_unavailable=False, cmake_clean_cache=False, cmake_clean_first=False, cmake_force_configure=False, ament_cmake_args=None, catkin_cmake_args=None, catkin_skip_building_tests=False, verb_parser=<colcon_defaults.argument_parser.defaults.DefaultArgumentsDecorator object at 0x7f737b619fc0>, verb_extension=<colcon_core.verb.build.BuildVerb object at 0x7f737bfa78b0>, main=<bound method BuildVerb.main of <colcon_core.verb.build.BuildVerb object at 0x7f737bfa78b0>>)
[0.217s] Level 1:colcon.colcon_core.package_discovery:discover_packages(colcon_meta) check parameters
[0.217s] Level 1:colcon.colcon_core.package_discovery:discover_packages(recursive) check parameters
[0.217s] Level 1:colcon.colcon_core.package_discovery:discover_packages(ignore) check parameters
[0.217s] Level 1:colcon.colcon_core.package_discovery:discover_packages(path) check parameters
[0.217s] Level 1:colcon.colcon_core.package_discovery:discover_packages(colcon_meta) discover
[0.218s] Level 1:colcon.colcon_core.package_discovery:discover_packages(recursive) discover
[0.218s] INFO:colcon.colcon_core.package_discovery:Crawling recursively for packages in '/home/dhruft/ws_nirmitsu'
[0.218s] Level 1:colcon.colcon_core.package_identification:_identify(.) by extensions ['ignore', 'ignore_ament_install']
[0.218s] Level 1:colcon.colcon_core.package_identification:_identify(.) by extension 'ignore'
[0.218s] Level 1:colcon.colcon_core.package_identification:_identify(.) by extension 'ignore_ament_install'
[0.218s] Level 1:colcon.colcon_core.package_identification:_identify(.) by extensions ['colcon_pkg']
[0.218s] Level 1:colcon.colcon_core.package_identification:_identify(.) by extension 'colcon_pkg'
[0.218s] Level 1:colcon.colcon_core.package_identification:_identify(.) by extensions ['colcon_meta']
[0.218s] Level 1:colcon.colcon_core.package_identification:_identify(.) by extension 'colcon_meta'
[0.218s] Level 1:colcon.colcon_core.package_identification:_identify(.) by extensions ['ros']
[0.218s] Level 1:colcon.colcon_core.package_identification:_identify(.) by extension 'ros'
[0.237s] Level 1:colcon.colcon_core.package_identification:_identify(.) by extensions ['cmake', 'python']
[0.237s] Level 1:colcon.colcon_core.package_identification:_identify(.) by extension 'cmake'
[0.237s] Level 1:colcon.colcon_core.package_identification:_identify(.) by extension 'python'
[0.237s] Level 1:colcon.colcon_core.package_identification:_identify(.) by extensions ['python_setup_py']
[0.237s] Level 1:colcon.colcon_core.package_identification:_identify(.) by extension 'python_setup_py'
[0.237s] Level 1:colcon.colcon_core.package_identification:_identify(build) by extensions ['ignore', 'ignore_ament_install']
[0.237s] Level 1:colcon.colcon_core.package_identification:_identify(build) by extension 'ignore'
[0.237s] Level 1:colcon.colcon_core.package_identification:_identify(build) ignored
[0.237s] Level 1:colcon.colcon_core.package_identification:_identify(install) by extensions ['ignore', 'ignore_ament_install']
[0.237s] Level 1:colcon.colcon_core.package_identification:_identify(install) by extension 'ignore'
[0.237s] Level 1:colcon.colcon_core.package_identification:_identify(install) ignored
[0.238s] Level 1:colcon.colcon_core.package_identification:_identify(log) by extensions ['ignore', 'ignore_ament_install']
[0.238s] Level 1:colcon.colcon_core.package_identification:_identify(log) by extension 'ignore'
[0.238s] Level 1:colcon.colcon_core.package_identification:_identify(log) ignored
[0.238s] Level 1:colcon.colcon_core.package_identification:_identify(src) by extensions ['ignore', 'ignore_ament_install']
[0.238s] Level 1:colcon.colcon_core.package_identification:_identify(src) by extension 'ignore'
[0.238s] Level 1:colcon.colcon_core.package_identification:_identify(src) by extension 'ignore_ament_install'
[0.238s] Level 1:colcon.colcon_core.package_identification:_identify(src) by extensions ['colcon_pkg']
[0.238s] Level 1:colcon.colcon_core.package_identification:_identify(src) by extension 'colcon_pkg'
[0.238s] Level 1:colcon.colcon_core.package_identification:_identify(src) by extensions ['colcon_meta']
[0.238s] Level 1:colcon.colcon_core.package_identification:_identify(src) by extension 'colcon_meta'
[0.238s] Level 1:colcon.colcon_core.package_identification:_identify(src) by extensions ['ros']
[0.238s] Level 1:colcon.colcon_core.package_identification:_identify(src) by extension 'ros'
[0.238s] Level 1:colcon.colcon_core.package_identification:_identify(src) by extensions ['cmake', 'python']
[0.238s] Level 1:colcon.colcon_core.package_identification:_identify(src) by extension 'cmake'
[0.238s] Level 1:colcon.colcon_core.package_identification:_identify(src) by extension 'python'
[0.238s] Level 1:colcon.colcon_core.package_identification:_identify(src) by extensions ['python_setup_py']
[0.238s] Level 1:colcon.colcon_core.package_identification:_identify(src) by extension 'python_setup_py'
[0.238s] Level 1:colcon.colcon_core.package_identification:_identify(src/nirmitsu-ros2) by extensions ['ignore', 'ignore_ament_install']
[0.238s] Level 1:colcon.colcon_core.package_identification:_identify(src/nirmitsu-ros2) by extension 'ignore'
[0.238s] Level 1:colcon.colcon_core.package_identification:_identify(src/nirmitsu-ros2) by extension 'ignore_ament_install'
[0.238s] Level 1:colcon.colcon_core.package_identification:_identify(src/nirmitsu-ros2) by extensions ['colcon_pkg']
[0.238s] Level 1:colcon.colcon_core.package_identification:_identify(src/nirmitsu-ros2) by extension 'colcon_pkg'
[0.238s] Level 1:colcon.colcon_core.package_identification:_identify(src/nirmitsu-ros2) by extensions ['colcon_meta']
[0.238s] Level 1:colcon.colcon_core.package_identification:_identify(src/nirmitsu-ros2) by extension 'colcon_meta'
[0.238s] Level 1:colcon.colcon_core.package_identification:_identify(src/nirmitsu-ros2) by extensions ['ros']
[0.238s] Level 1:colcon.colcon_core.package_identification:_identify(src/nirmitsu-ros2) by extension 'ros'
[0.239s] Level 1:colcon.colcon_core.package_identification:_identify(src/nirmitsu-ros2) by extensions ['cmake', 'python']
[0.239s] Level 1:colcon.colcon_core.package_identification:_identify(src/nirmitsu-ros2) by extension 'cmake'
[0.239s] Level 1:colcon.colcon_core.package_identification:_identify(src/nirmitsu-ros2) by extension 'python'
[0.239s] Level 1:colcon.colcon_core.package_identification:_identify(src/nirmitsu-ros2) by extensions ['python_setup_py']
[0.239s] Level 1:colcon.colcon_core.package_identification:_identify(src/nirmitsu-ros2) by extension 'python_setup_py'
[0.239s] Level 1:colcon.colcon_core.package_identification:_identify(src/nirmitsu-ros2/nirmitsu_ros2_flowgraph) by extensions ['ignore', 'ignore_ament_install']
[0.239s] Level 1:colcon.colcon_core.package_identification:_identify(src/nirmitsu-ros2/nirmitsu_ros2_flowgraph) by extension 'ignore'
[0.239s] Level 1:colcon.colcon_core.package_identification:_identify(src/nirmitsu-ros2/nirmitsu_ros2_flowgraph) by extension 'ignore_ament_install'
[0.239s] Level 1:colcon.colcon_core.package_identification:_identify(src/nirmitsu-ros2/nirmitsu_ros2_flowgraph) by extensions ['colcon_pkg']
[0.239s] Level 1:colcon.colcon_core.package_identification:_identify(src/nirmitsu-ros2/nirmitsu_ros2_flowgraph) by extension 'colcon_pkg'
[0.239s] Level 1:colcon.colcon_core.package_identification:_identify(src/nirmitsu-ros2/nirmitsu_ros2_flowgraph) by extensions ['colcon_meta']
[0.239s] Level 1:colcon.colcon_core.package_identification:_identify(src/nirmitsu-ros2/nirmitsu_ros2_flowgraph) by extension 'colcon_meta'
[0.239s] Level 1:colcon.colcon_core.package_identification:_identify(src/nirmitsu-ros2/nirmitsu_ros2_flowgraph) by extensions ['ros']
[0.239s] Level 1:colcon.colcon_core.package_identification:_identify(src/nirmitsu-ros2/nirmitsu_ros2_flowgraph) by extension 'ros'
[0.241s] DEBUG:colcon.colcon_core.package_identification:Package 'src/nirmitsu-ros2/nirmitsu_ros2_flowgraph' with type 'ros.ament_cmake' and name 'nirmitsu_ros2_flowgraph'
[0.241s] Level 1:colcon.colcon_core.package_identification:_identify(src/nirmitsu-ros2/nodeeditor) by extensions ['ignore', 'ignore_ament_install']
[0.241s] Level 1:colcon.colcon_core.package_identification:_identify(src/nirmitsu-ros2/nodeeditor) by extension 'ignore'
[0.241s] Level 1:colcon.colcon_core.package_identification:_identify(src/nirmitsu-ros2/nodeeditor) by extension 'ignore_ament_install'
[0.241s] Level 1:colcon.colcon_core.package_identification:_identify(src/nirmitsu-ros2/nodeeditor) by extensions ['colcon_pkg']
[0.241s] Level 1:colcon.colcon_core.package_identification:_identify(src/nirmitsu-ros2/nodeeditor) by extension 'colcon_pkg'
[0.241s] Level 1:colcon.colcon_core.package_identification:_identify(src/nirmitsu-ros2/nodeeditor) by extensions ['colcon_meta']
[0.241s] Level 1:colcon.colcon_core.package_identification:_identify(src/nirmitsu-ros2/nodeeditor) by extension 'colcon_meta'
[0.241s] Level 1:colcon.colcon_core.package_identification:_identify(src/nirmitsu-ros2/nodeeditor) by extensions ['ros']
[0.241s] Level 1:colcon.colcon_core.package_identification:_identify(src/nirmitsu-ros2/nodeeditor) by extension 'ros'
[0.241s] Level 1:colcon.colcon_core.package_identification:_identify(src/nirmitsu-ros2/nodeeditor) by extensions ['cmake', 'python']
[0.242s] Level 1:colcon.colcon_core.package_identification:_identify(src/nirmitsu-ros2/nodeeditor) by extension 'cmake'
[0.244s] Level 1:colcon.colcon_core.package_identification:_identify(src/nirmitsu-ros2/nodeeditor) by extension 'python'
[0.244s] DEBUG:colcon.colcon_core.package_identification:Package 'src/nirmitsu-ros2/nodeeditor' with type 'cmake' and name 'NodeEditor'
[0.244s] Level 1:colcon.colcon_core.package_discovery:discover_packages(recursive) using defaults
[0.244s] Level 1:colcon.colcon_core.package_discovery:discover_packages(ignore) discover
[0.244s] Level 1:colcon.colcon_core.package_discovery:discover_packages(ignore) using defaults
[0.244s] Level 1:colcon.colcon_core.package_discovery:discover_packages(path) discover
[0.244s] Level 1:colcon.colcon_core.package_discovery:discover_packages(path) using defaults
[0.260s] Level 1:colcon.colcon_core.package_discovery:discover_packages(prefix_path) check parameters
[0.260s] Level 1:colcon.colcon_core.package_discovery:discover_packages(prefix_path) discover
[0.262s] DEBUG:colcon.colcon_installed_package_information.package_discovery:Found 2 installed packages in /home/dhruft/ws_nirmitsu/install
[0.263s] DEBUG:colcon.colcon_installed_package_information.package_discovery:Found 270 installed packages in /opt/ros/humble
[0.264s] Level 1:colcon.colcon_core.package_discovery:discover_packages(prefix_path) using defaults
[0.304s] Level 5:colcon.colcon_core.verb:set package 'NodeEditor' build argument 'cmake_args' from command line to 'None'
[0.304s] Level 5:colcon.colcon_core.verb:set package 'NodeEditor' build argument 'cmake_target' from command line to 'None'
[0.304s] Level 5:colcon.colcon_core.verb:set package 'NodeEditor' build argument 'cmake_target_skip_unavailable' from command line to 'False'
[0.304s] Level 5:colcon.colcon_core.verb:set package 'NodeEditor' build argument 'cmake_clean_cache' from command line to 'False'
[0.304s] Level 5:colcon.colcon_core.verb:set package 'NodeEditor' build argument 'cmake_clean_first' from command line to 'False'
[0.304s] Level 5:colcon.colcon_core.verb:set package 'NodeEditor' build argument 'cmake_force_configure' from command line to 'False'
[0.304s] Level 5:colcon.colcon_core.verb:set package 'NodeEditor' build argument 'ament_cmake_args' from command line to 'None'
[0.304s] Level 5:colcon.colcon_core.verb:set package 'NodeEditor' build argument 'catkin_cmake_args' from command line to 'None'
[0.304s] Level 5:colcon.colcon_core.verb:set package 'NodeEditor' build argument 'catkin_skip_building_tests' from command line to 'False'
[0.304s] DEBUG:colcon.colcon_core.verb:Building package 'NodeEditor' with the following arguments: {'ament_cmake_args': None, 'build_base': '/home/dhruft/ws_nirmitsu/build/NodeEditor', 'catkin_cmake_args': None, 'catkin_skip_building_tests': False, 'cmake_args': None, 'cmake_clean_cache': False, 'cmake_clean_first': False, 'cmake_force_configure': False, 'cmake_target': None, 'cmake_target_skip_unavailable': False, 'install_base': '/home/dhruft/ws_nirmitsu/install/NodeEditor', 'merge_install': False, 'path': '/home/dhruft/ws_nirmitsu/src/nirmitsu-ros2/nodeeditor', 'symlink_install': False, 'test_result_base': None}
[0.305s] Level 5:colcon.colcon_core.verb:set package 'nirmitsu_ros2_flowgraph' build argument 'cmake_args' from command line to 'None'
[0.305s] Level 5:colcon.colcon_core.verb:set package 'nirmitsu_ros2_flowgraph' build argument 'cmake_target' from command line to 'None'
[0.305s] Level 5:colcon.colcon_core.verb:set package 'nirmitsu_ros2_flowgraph' build argument 'cmake_target_skip_unavailable' from command line to 'False'
[0.305s] Level 5:colcon.colcon_core.verb:set package 'nirmitsu_ros2_flowgraph' build argument 'cmake_clean_cache' from command line to 'False'
[0.305s] Level 5:colcon.colcon_core.verb:set package 'nirmitsu_ros2_flowgraph' build argument 'cmake_clean_first' from command line to 'False'
[0.305s] Level 5:colcon.colcon_core.verb:set package 'nirmitsu_ros2_flowgraph' build argument 'cmake_force_configure' from command line to 'False'
[0.305s] Level 5:colcon.colcon_core.verb:set package 'nirmitsu_ros2_flowgraph' build argument 'ament_cmake_args' from command line to 'None'
[0.305s] Level 5:colcon.colcon_core.verb:set package 'nirmitsu_ros2_flowgraph' build argument 'catkin_cmake_args' from command line to 'None'
[0.305s] Level 5:colcon.colcon_core.verb:set package 'nirmitsu_ros2_flowgraph' build argument 'catkin_skip_building_tests' from command line to 'False'
[0.305s] DEBUG:colcon.colcon_core.verb:Building package 'nirmitsu_ros2_flowgraph' with the following arguments: {'ament_cmake_args': None, 'build_base': '/home/dhruft/ws_nirmitsu/build/nirmitsu_ros2_flowgraph', 'catkin_cmake_args': None, 'catkin_skip_building_tests': False, 'cmake_args': None, 'cmake_clean_cache': False, 'cmake_clean_first': False, 'cmake_force_configure': False, 'cmake_target': None, 'cmake_target_skip_unavailable': False, 'install_base': '/home/dhruft/ws_nirmitsu/install/nirmitsu_ros2_flowgraph', 'merge_install': False, 'path': '/home/dhruft/ws_nirmitsu/src/nirmitsu-ros2/nirmitsu_ros2_flowgraph', 'symlink_install': False, 'test_result_base': None}
[0.305s] INFO:colcon.colcon_core.executor:Executing jobs using 'parallel' executor
[0.308s] DEBUG:colcon.colcon_parallel_executor.executor.parallel:run_until_complete
[0.308s] INFO:colcon.colcon_cmake.task.cmake.build:Building CMake package in '/home/dhruft/ws_nirmitsu/src/nirmitsu-ros2/nodeeditor'
[0.311s] INFO:colcon.colcon_core.plugin_system:Skipping extension 'colcon_core.shell.bat': Not used on non-Windows systems
[0.312s] INFO:colcon.colcon_core.shell:Skip shell extension 'powershell' for command environment: Not usable outside of PowerShell
[0.312s] DEBUG:colcon.colcon_core.shell:Skip shell extension 'dsv' for command environment
[0.321s] DEBUG:colcon.colcon_core.event_handler.log_command:Invoking command in '/home/dhruft/ws_nirmitsu/build/NodeEditor': /usr/bin/cmake --build /home/dhruft/ws_nirmitsu/build/NodeEditor -- -j16 -l16
[0.477s] DEBUG:colcon.colcon_core.event_handler.log_command:Invoked command in '/home/dhruft/ws_nirmitsu/build/NodeEditor' returned '0': /usr/bin/cmake --build /home/dhruft/ws_nirmitsu/build/NodeEditor -- -j16 -l16
[0.559s] DEBUG:colcon.colcon_core.event_handler.log_command:Invoking command in '/home/dhruft/ws_nirmitsu/build/NodeEditor': /usr/bin/cmake --install /home/dhruft/ws_nirmitsu/build/NodeEditor
[0.569s] Level 1:colcon.colcon_core.environment:create_environment_scripts_only(NodeEditor)
[0.569s] DEBUG:colcon.colcon_core.event_handler.log_command:Invoked command in '/home/dhruft/ws_nirmitsu/build/NodeEditor' returned '0': /usr/bin/cmake --install /home/dhruft/ws_nirmitsu/build/NodeEditor
[0.573s] Level 1:colcon.colcon_core.environment:checking '/home/dhruft/ws_nirmitsu/install/NodeEditor' for CMake module files
[0.573s] Level 1:colcon.colcon_core.environment:checking '/home/dhruft/ws_nirmitsu/install/NodeEditor' for CMake config files
[0.573s] Level 1:colcon.colcon_core.shell:create_environment_hook('NodeEditor', 'cmake_prefix_path')
[0.574s] INFO:colcon.colcon_core.shell:Creating environment hook '/home/dhruft/ws_nirmitsu/install/NodeEditor/share/NodeEditor/hook/cmake_prefix_path.ps1'
[0.575s] INFO:colcon.colcon_core.shell:Creating environment descriptor '/home/dhruft/ws_nirmitsu/install/NodeEditor/share/NodeEditor/hook/cmake_prefix_path.dsv'
[0.575s] INFO:colcon.colcon_core.shell:Creating environment hook '/home/dhruft/ws_nirmitsu/install/NodeEditor/share/NodeEditor/hook/cmake_prefix_path.sh'
[0.576s] Level 1:colcon.colcon_core.environment:checking '/home/dhruft/ws_nirmitsu/install/NodeEditor/lib'
[0.576s] Level 1:colcon.colcon_core.shell:create_environment_hook('NodeEditor', 'ld_library_path_lib')
[0.577s] INFO:colcon.colcon_core.shell:Creating environment hook '/home/dhruft/ws_nirmitsu/install/NodeEditor/share/NodeEditor/hook/ld_library_path_lib.ps1'
[0.577s] INFO:colcon.colcon_core.shell:Creating environment descriptor '/home/dhruft/ws_nirmitsu/install/NodeEditor/share/NodeEditor/hook/ld_library_path_lib.dsv'
[0.577s] INFO:colcon.colcon_core.shell:Creating environment hook '/home/dhruft/ws_nirmitsu/install/NodeEditor/share/NodeEditor/hook/ld_library_path_lib.sh'
[0.577s] Level 1:colcon.colcon_core.environment:checking '/home/dhruft/ws_nirmitsu/install/NodeEditor/bin'
[0.577s] Level 1:colcon.colcon_core.environment:checking '/home/dhruft/ws_nirmitsu/install/NodeEditor/lib/pkgconfig/NodeEditor.pc'
[0.577s] Level 1:colcon.colcon_core.environment:checking '/home/dhruft/ws_nirmitsu/install/NodeEditor/lib/python3.10/site-packages'
[0.578s] Level 1:colcon.colcon_core.environment:checking '/home/dhruft/ws_nirmitsu/install/NodeEditor/bin'
[0.579s] INFO:colcon.colcon_core.shell:Creating package script '/home/dhruft/ws_nirmitsu/install/NodeEditor/share/NodeEditor/package.ps1'
[0.579s] INFO:colcon.colcon_core.shell:Creating package descriptor '/home/dhruft/ws_nirmitsu/install/NodeEditor/share/NodeEditor/package.dsv'
[0.580s] INFO:colcon.colcon_core.shell:Creating package script '/home/dhruft/ws_nirmitsu/install/NodeEditor/share/NodeEditor/package.sh'
[0.580s] INFO:colcon.colcon_core.shell:Creating package script '/home/dhruft/ws_nirmitsu/install/NodeEditor/share/NodeEditor/package.bash'
[0.580s] INFO:colcon.colcon_core.shell:Creating package script '/home/dhruft/ws_nirmitsu/install/NodeEditor/share/NodeEditor/package.zsh'
[0.581s] Level 1:colcon.colcon_core.environment:create_file_with_runtime_dependencies(/home/dhruft/ws_nirmitsu/install/NodeEditor/share/colcon-core/packages/NodeEditor)
[0.581s] INFO:colcon.colcon_ros.task.ament_cmake.build:Building ROS package in '/home/dhruft/ws_nirmitsu/src/nirmitsu-ros2/nirmitsu_ros2_flowgraph' with build type 'ament_cmake'
[0.581s] INFO:colcon.colcon_cmake.task.cmake.build:Building CMake package in '/home/dhruft/ws_nirmitsu/src/nirmitsu-ros2/nirmitsu_ros2_flowgraph'
[0.582s] INFO:colcon.colcon_core.shell:Skip shell extension 'powershell' for command environment: Not usable outside of PowerShell
[0.583s] DEBUG:colcon.colcon_core.shell:Skip shell extension 'dsv' for command environment
[0.592s] DEBUG:colcon.colcon_core.event_handler.log_command:Invoking command in '/home/dhruft/ws_nirmitsu/build/nirmitsu_ros2_flowgraph': CMAKE_PREFIX_PATH=/home/dhruft/ws_nirmitsu/install/NodeEditor:/home/dhruft/ws_nirmitsu/install/nirmitsu_ros2_flowgraph:/opt/ros/humble /usr/bin/cmake --build /home/dhruft/ws_nirmitsu/build/nirmitsu_ros2_flowgraph -- -j16 -l16
[2.642s] DEBUG:colcon.colcon_core.event_handler.log_command:Invoked command in '/home/dhruft/ws_nirmitsu/build/nirmitsu_ros2_flowgraph' returned '2': CMAKE_PREFIX_PATH=/home/dhruft/ws_nirmitsu/install/NodeEditor:/home/dhruft/ws_nirmitsu/install/nirmitsu_ros2_flowgraph:/opt/ros/humble /usr/bin/cmake --build /home/dhruft/ws_nirmitsu/build/nirmitsu_ros2_flowgraph -- -j16 -l16
[2.676s] Level 1:colcon.colcon_core.environment:create_environment_scripts_only(nirmitsu_ros2_flowgraph)
[2.677s] Level 1:colcon.colcon_core.environment:checking '/home/dhruft/ws_nirmitsu/install/nirmitsu_ros2_flowgraph' for CMake module files
[2.678s] Level 1:colcon.colcon_core.environment:checking '/home/dhruft/ws_nirmitsu/install/nirmitsu_ros2_flowgraph' for CMake config files
[2.678s] Level 1:colcon.colcon_core.shell:create_environment_hook('nirmitsu_ros2_flowgraph', 'cmake_prefix_path')
[2.679s] INFO:colcon.colcon_core.shell:Creating environment hook '/home/dhruft/ws_nirmitsu/install/nirmitsu_ros2_flowgraph/share/nirmitsu_ros2_flowgraph/hook/cmake_prefix_path.ps1'
[2.679s] INFO:colcon.colcon_core.shell:Creating environment descriptor '/home/dhruft/ws_nirmitsu/install/nirmitsu_ros2_flowgraph/share/nirmitsu_ros2_flowgraph/hook/cmake_prefix_path.dsv'
[2.679s] INFO:colcon.colcon_core.shell:Creating environment hook '/home/dhruft/ws_nirmitsu/install/nirmitsu_ros2_flowgraph/share/nirmitsu_ros2_flowgraph/hook/cmake_prefix_path.sh'
[2.680s] Level 1:colcon.colcon_core.environment:checking '/home/dhruft/ws_nirmitsu/install/nirmitsu_ros2_flowgraph/lib'
[2.680s] Level 1:colcon.colcon_core.environment:checking '/home/dhruft/ws_nirmitsu/install/nirmitsu_ros2_flowgraph/bin'
[2.680s] Level 1:colcon.colcon_core.environment:checking '/home/dhruft/ws_nirmitsu/install/nirmitsu_ros2_flowgraph/lib/pkgconfig/nirmitsu_ros2_flowgraph.pc'
[2.680s] Level 1:colcon.colcon_core.environment:checking '/home/dhruft/ws_nirmitsu/install/nirmitsu_ros2_flowgraph/lib/python3.10/site-packages'
[2.680s] Level 1:colcon.colcon_core.environment:checking '/home/dhruft/ws_nirmitsu/install/nirmitsu_ros2_flowgraph/bin'
[2.681s] INFO:colcon.colcon_core.shell:Creating package script '/home/dhruft/ws_nirmitsu/install/nirmitsu_ros2_flowgraph/share/nirmitsu_ros2_flowgraph/package.ps1'
[2.681s] INFO:colcon.colcon_core.shell:Creating package descriptor '/home/dhruft/ws_nirmitsu/install/nirmitsu_ros2_flowgraph/share/nirmitsu_ros2_flowgraph/package.dsv'
[2.682s] INFO:colcon.colcon_core.shell:Creating package script '/home/dhruft/ws_nirmitsu/install/nirmitsu_ros2_flowgraph/share/nirmitsu_ros2_flowgraph/package.sh'
[2.682s] INFO:colcon.colcon_core.shell:Creating package script '/home/dhruft/ws_nirmitsu/install/nirmitsu_ros2_flowgraph/share/nirmitsu_ros2_flowgraph/package.bash'
[2.682s] INFO:colcon.colcon_core.shell:Creating package script '/home/dhruft/ws_nirmitsu/install/nirmitsu_ros2_flowgraph/share/nirmitsu_ros2_flowgraph/package.zsh'
[2.682s] Level 1:colcon.colcon_core.environment:create_file_with_runtime_dependencies(/home/dhruft/ws_nirmitsu/install/nirmitsu_ros2_flowgraph/share/colcon-core/packages/nirmitsu_ros2_flowgraph)
[2.693s] DEBUG:colcon.colcon_parallel_executor.executor.parallel:closing loop
[2.693s] DEBUG:colcon.colcon_parallel_executor.executor.parallel:loop closed
[2.693s] DEBUG:colcon.colcon_parallel_executor.executor.parallel:run_until_complete finished with '2'
[2.693s] DEBUG:colcon.colcon_core.event_reactor:joining thread
[2.698s] INFO:colcon.colcon_core.plugin_system:Skipping extension 'colcon_notification.desktop_notification.terminal_notifier': Not used on non-Darwin systems
[2.698s] INFO:colcon.colcon_core.plugin_system:Skipping extension 'colcon_notification.desktop_notification.win32': Not used on non-Windows systems
[2.699s] INFO:colcon.colcon_notification.desktop_notification:Sending desktop notification using 'notify2'
[2.707s] DEBUG:colcon.colcon_core.event_reactor:joined thread
[2.709s] INFO:colcon.colcon_core.shell:Creating prefix script '/home/dhruft/ws_nirmitsu/install/local_setup.ps1'
[2.709s] INFO:colcon.colcon_core.shell:Creating prefix util module '/home/dhruft/ws_nirmitsu/install/_local_setup_util_ps1.py'
[2.710s] INFO:colcon.colcon_core.shell:Creating prefix chain script '/home/dhruft/ws_nirmitsu/install/setup.ps1'
[2.711s] INFO:colcon.colcon_core.shell:Creating prefix script '/home/dhruft/ws_nirmitsu/install/local_setup.sh'
[2.712s] INFO:colcon.colcon_core.shell:Creating prefix util module '/home/dhruft/ws_nirmitsu/install/_local_setup_util_sh.py'
[2.712s] INFO:colcon.colcon_core.shell:Creating prefix chain script '/home/dhruft/ws_nirmitsu/install/setup.sh'
[2.713s] INFO:colcon.colcon_core.shell:Creating prefix script '/home/dhruft/ws_nirmitsu/install/local_setup.bash'
[2.713s] INFO:colcon.colcon_core.shell:Creating prefix chain script '/home/dhruft/ws_nirmitsu/install/setup.bash'
[2.714s] INFO:colcon.colcon_core.shell:Creating prefix script '/home/dhruft/ws_nirmitsu/install/local_setup.zsh'
[2.714s] INFO:colcon.colcon_core.shell:Creating prefix chain script '/home/dhruft/ws_nirmitsu/install/setup.zsh'
