[0.183s] DEBUG:colcon:Command line arguments: ['/usr/bin/colcon', 'build']
[0.183s] DEBUG:colcon:Parsed command line arguments: Namespace(log_base=None, log_level=None, verb_name='build', build_base='build', install_base='install', merge_install=False, symlink_install=False, test_result_base=None, continue_on_error=False, executor='parallel', parallel_workers=16, event_handlers=None, ignore_user_meta=False, metas=['./colcon.meta'], base_paths=['.'], packages_ignore=None, packages_ignore_regex=None, paths=None, packages_up_to=None, packages_up_to_regex=None, packages_above=None, packages_above_and_dependencies=None, packages_above_depth=None, packages_select_by_dep=None, packages_skip_by_dep=None, packages_skip_up_to=None, packages_select_build_failed=False, packages_skip_build_finished=False, packages_select_test_failures=False, packages_skip_test_passed=False, packages_select=None, packages_skip=None, packages_select_regex=None, packages_skip_regex=None, packages_start=None, packages_end=None, allow_overriding=[], cmake_args=None, cmake_target=None, cmake_target_skip_unavailable=False, cmake_clean_cache=False, cmake_clean_first=False, cmake_force_configure=False, ament_cmake_args=None, catkin_cmake_args=None, catkin_skip_building_tests=False, verb_parser=<colcon_defaults.argument_parser.defaults.DefaultArgumentsDecorator object at 0x7fd193105030>, verb_extension=<colcon_core.verb.build.BuildVerb object at 0x7fd193c60a00>, main=<bound method BuildVerb.main of <colcon_core.verb.build.BuildVerb object at 0x7fd193c60a00>>)
[0.201s] Level 1:colcon.colcon_core.package_discovery:discover_packages(colcon_meta) check parameters
[0.201s] Level 1:colcon.colcon_core.package_discovery:discover_packages(recursive) check parameters
[0.201s] Level 1:colcon.colcon_core.package_discovery:discover_packages(ignore) check parameters
[0.201s] Level 1:colcon.colcon_core.package_discovery:discover_packages(path) check parameters
[0.201s] Level 1:colcon.colcon_core.package_discovery:discover_packages(colcon_meta) discover
[0.201s] Level 1:colcon.colcon_core.package_discovery:discover_packages(recursive) discover
[0.201s] INFO:colcon.colcon_core.package_discovery:Crawling recursively for packages in '/home/dhruft/ws_nirmitsu'
[0.201s] Level 1:colcon.colcon_core.package_identification:_identify(.) by extensions ['ignore', 'ignore_ament_install']
[0.201s] Level 1:colcon.colcon_core.package_identification:_identify(.) by extension 'ignore'
[0.201s] Level 1:colcon.colcon_core.package_identification:_identify(.) by extension 'ignore_ament_install'
[0.202s] Level 1:colcon.colcon_core.package_identification:_identify(.) by extensions ['colcon_pkg']
[0.202s] Level 1:colcon.colcon_core.package_identification:_identify(.) by extension 'colcon_pkg'
[0.202s] Level 1:colcon.colcon_core.package_identification:_identify(.) by extensions ['colcon_meta']
[0.202s] Level 1:colcon.colcon_core.package_identification:_identify(.) by extension 'colcon_meta'
[0.202s] Level 1:colcon.colcon_core.package_identification:_identify(.) by extensions ['ros']
[0.202s] Level 1:colcon.colcon_core.package_identification:_identify(.) by extension 'ros'
[0.210s] Level 1:colcon.colcon_core.package_identification:_identify(.) by extensions ['cmake', 'python']
[0.210s] Level 1:colcon.colcon_core.package_identification:_identify(.) by extension 'cmake'
[0.210s] Level 1:colcon.colcon_core.package_identification:_identify(.) by extension 'python'
[0.210s] Level 1:colcon.colcon_core.package_identification:_identify(.) by extensions ['python_setup_py']
[0.210s] Level 1:colcon.colcon_core.package_identification:_identify(.) by extension 'python_setup_py'
[0.211s] Level 1:colcon.colcon_core.package_identification:_identify(build) by extensions ['ignore', 'ignore_ament_install']
[0.211s] Level 1:colcon.colcon_core.package_identification:_identify(build) by extension 'ignore'
[0.211s] Level 1:colcon.colcon_core.package_identification:_identify(build) ignored
[0.211s] Level 1:colcon.colcon_core.package_identification:_identify(install) by extensions ['ignore', 'ignore_ament_install']
[0.211s] Level 1:colcon.colcon_core.package_identification:_identify(install) by extension 'ignore'
[0.211s] Level 1:colcon.colcon_core.package_identification:_identify(install) ignored
[0.211s] Level 1:colcon.colcon_core.package_identification:_identify(log) by extensions ['ignore', 'ignore_ament_install']
[0.211s] Level 1:colcon.colcon_core.package_identification:_identify(log) by extension 'ignore'
[0.211s] Level 1:colcon.colcon_core.package_identification:_identify(log) ignored
[0.211s] Level 1:colcon.colcon_core.package_identification:_identify(src) by extensions ['ignore', 'ignore_ament_install']
[0.211s] Level 1:colcon.colcon_core.package_identification:_identify(src) by extension 'ignore'
[0.211s] Level 1:colcon.colcon_core.package_identification:_identify(src) by extension 'ignore_ament_install'
[0.211s] Level 1:colcon.colcon_core.package_identification:_identify(src) by extensions ['colcon_pkg']
[0.211s] Level 1:colcon.colcon_core.package_identification:_identify(src) by extension 'colcon_pkg'
[0.211s] Level 1:colcon.colcon_core.package_identification:_identify(src) by extensions ['colcon_meta']
[0.211s] Level 1:colcon.colcon_core.package_identification:_identify(src) by extension 'colcon_meta'
[0.211s] Level 1:colcon.colcon_core.package_identification:_identify(src) by extensions ['ros']
[0.211s] Level 1:colcon.colcon_core.package_identification:_identify(src) by extension 'ros'
[0.211s] Level 1:colcon.colcon_core.package_identification:_identify(src) by extensions ['cmake', 'python']
[0.211s] Level 1:colcon.colcon_core.package_identification:_identify(src) by extension 'cmake'
[0.211s] Level 1:colcon.colcon_core.package_identification:_identify(src) by extension 'python'
[0.211s] Level 1:colcon.colcon_core.package_identification:_identify(src) by extensions ['python_setup_py']
[0.212s] Level 1:colcon.colcon_core.package_identification:_identify(src) by extension 'python_setup_py'
[0.212s] Level 1:colcon.colcon_core.package_identification:_identify(src/nirmitsu-ros2) by extensions ['ignore', 'ignore_ament_install']
[0.212s] Level 1:colcon.colcon_core.package_identification:_identify(src/nirmitsu-ros2) by extension 'ignore'
[0.212s] Level 1:colcon.colcon_core.package_identification:_identify(src/nirmitsu-ros2) by extension 'ignore_ament_install'
[0.212s] Level 1:colcon.colcon_core.package_identification:_identify(src/nirmitsu-ros2) by extensions ['colcon_pkg']
[0.212s] Level 1:colcon.colcon_core.package_identification:_identify(src/nirmitsu-ros2) by extension 'colcon_pkg'
[0.212s] Level 1:colcon.colcon_core.package_identification:_identify(src/nirmitsu-ros2) by extensions ['colcon_meta']
[0.212s] Level 1:colcon.colcon_core.package_identification:_identify(src/nirmitsu-ros2) by extension 'colcon_meta'
[0.212s] Level 1:colcon.colcon_core.package_identification:_identify(src/nirmitsu-ros2) by extensions ['ros']
[0.212s] Level 1:colcon.colcon_core.package_identification:_identify(src/nirmitsu-ros2) by extension 'ros'
[0.212s] Level 1:colcon.colcon_core.package_identification:_identify(src/nirmitsu-ros2) by extensions ['cmake', 'python']
[0.212s] Level 1:colcon.colcon_core.package_identification:_identify(src/nirmitsu-ros2) by extension 'cmake'
[0.212s] Level 1:colcon.colcon_core.package_identification:_identify(src/nirmitsu-ros2) by extension 'python'
[0.212s] Level 1:colcon.colcon_core.package_identification:_identify(src/nirmitsu-ros2) by extensions ['python_setup_py']
[0.212s] Level 1:colcon.colcon_core.package_identification:_identify(src/nirmitsu-ros2) by extension 'python_setup_py'
[0.212s] Level 1:colcon.colcon_core.package_identification:_identify(src/nirmitsu-ros2/nirmitsu_ros2_flowgraph) by extensions ['ignore', 'ignore_ament_install']
[0.212s] Level 1:colcon.colcon_core.package_identification:_identify(src/nirmitsu-ros2/nirmitsu_ros2_flowgraph) by extension 'ignore'
[0.212s] Level 1:colcon.colcon_core.package_identification:_identify(src/nirmitsu-ros2/nirmitsu_ros2_flowgraph) by extension 'ignore_ament_install'
[0.212s] Level 1:colcon.colcon_core.package_identification:_identify(src/nirmitsu-ros2/nirmitsu_ros2_flowgraph) by extensions ['colcon_pkg']
[0.212s] Level 1:colcon.colcon_core.package_identification:_identify(src/nirmitsu-ros2/nirmitsu_ros2_flowgraph) by extension 'colcon_pkg'
[0.212s] Level 1:colcon.colcon_core.package_identification:_identify(src/nirmitsu-ros2/nirmitsu_ros2_flowgraph) by extensions ['colcon_meta']
[0.212s] Level 1:colcon.colcon_core.package_identification:_identify(src/nirmitsu-ros2/nirmitsu_ros2_flowgraph) by extension 'colcon_meta'
[0.212s] Level 1:colcon.colcon_core.package_identification:_identify(src/nirmitsu-ros2/nirmitsu_ros2_flowgraph) by extensions ['ros']
[0.212s] Level 1:colcon.colcon_core.package_identification:_identify(src/nirmitsu-ros2/nirmitsu_ros2_flowgraph) by extension 'ros'
[0.215s] DEBUG:colcon.colcon_core.package_identification:Package 'src/nirmitsu-ros2/nirmitsu_ros2_flowgraph' with type 'ros.ament_cmake' and name 'nirmitsu_ros2_flowgraph'
[0.215s] Level 1:colcon.colcon_core.package_identification:_identify(src/nirmitsu-ros2/nodeeditor) by extensions ['ignore', 'ignore_ament_install']
[0.215s] Level 1:colcon.colcon_core.package_identification:_identify(src/nirmitsu-ros2/nodeeditor) by extension 'ignore'
[0.215s] Level 1:colcon.colcon_core.package_identification:_identify(src/nirmitsu-ros2/nodeeditor) by extension 'ignore_ament_install'
[0.215s] Level 1:colcon.colcon_core.package_identification:_identify(src/nirmitsu-ros2/nodeeditor) by extensions ['colcon_pkg']
[0.215s] Level 1:colcon.colcon_core.package_identification:_identify(src/nirmitsu-ros2/nodeeditor) by extension 'colcon_pkg'
[0.215s] Level 1:colcon.colcon_core.package_identification:_identify(src/nirmitsu-ros2/nodeeditor) by extensions ['colcon_meta']
[0.215s] Level 1:colcon.colcon_core.package_identification:_identify(src/nirmitsu-ros2/nodeeditor) by extension 'colcon_meta'
[0.215s] Level 1:colcon.colcon_core.package_identification:_identify(src/nirmitsu-ros2/nodeeditor) by extensions ['ros']
[0.215s] Level 1:colcon.colcon_core.package_identification:_identify(src/nirmitsu-ros2/nodeeditor) by extension 'ros'
[0.215s] Level 1:colcon.colcon_core.package_identification:_identify(src/nirmitsu-ros2/nodeeditor) by extensions ['cmake', 'python']
[0.215s] Level 1:colcon.colcon_core.package_identification:_identify(src/nirmitsu-ros2/nodeeditor) by extension 'cmake'
[0.217s] Level 1:colcon.colcon_core.package_identification:_identify(src/nirmitsu-ros2/nodeeditor) by extension 'python'
[0.217s] DEBUG:colcon.colcon_core.package_identification:Package 'src/nirmitsu-ros2/nodeeditor' with type 'cmake' and name 'NodeEditor'
[0.217s] Level 1:colcon.colcon_core.package_discovery:discover_packages(recursive) using defaults
[0.217s] Level 1:colcon.colcon_core.package_discovery:discover_packages(ignore) discover
[0.217s] Level 1:colcon.colcon_core.package_discovery:discover_packages(ignore) using defaults
[0.217s] Level 1:colcon.colcon_core.package_discovery:discover_packages(path) discover
[0.217s] Level 1:colcon.colcon_core.package_discovery:discover_packages(path) using defaults
[0.260s] Level 1:colcon.colcon_core.package_discovery:discover_packages(prefix_path) check parameters
[0.260s] Level 1:colcon.colcon_core.package_discovery:discover_packages(prefix_path) discover
[0.261s] Level 1:colcon.colcon_core.package_discovery:discover_packages(prefix_path) using defaults
[0.262s] Level 5:colcon.colcon_core.verb:set package 'NodeEditor' build argument 'cmake_args' from command line to 'None'
[0.262s] Level 5:colcon.colcon_core.verb:set package 'NodeEditor' build argument 'cmake_target' from command line to 'None'
[0.262s] Level 5:colcon.colcon_core.verb:set package 'NodeEditor' build argument 'cmake_target_skip_unavailable' from command line to 'False'
[0.262s] Level 5:colcon.colcon_core.verb:set package 'NodeEditor' build argument 'cmake_clean_cache' from command line to 'False'
[0.262s] Level 5:colcon.colcon_core.verb:set package 'NodeEditor' build argument 'cmake_clean_first' from command line to 'False'
[0.262s] Level 5:colcon.colcon_core.verb:set package 'NodeEditor' build argument 'cmake_force_configure' from command line to 'False'
[0.262s] Level 5:colcon.colcon_core.verb:set package 'NodeEditor' build argument 'ament_cmake_args' from command line to 'None'
[0.262s] Level 5:colcon.colcon_core.verb:set package 'NodeEditor' build argument 'catkin_cmake_args' from command line to 'None'
[0.262s] Level 5:colcon.colcon_core.verb:set package 'NodeEditor' build argument 'catkin_skip_building_tests' from command line to 'False'
[0.262s] DEBUG:colcon.colcon_core.verb:Building package 'NodeEditor' with the following arguments: {'ament_cmake_args': None, 'build_base': '/home/dhruft/ws_nirmitsu/build/NodeEditor', 'catkin_cmake_args': None, 'catkin_skip_building_tests': False, 'cmake_args': None, 'cmake_clean_cache': False, 'cmake_clean_first': False, 'cmake_force_configure': False, 'cmake_target': None, 'cmake_target_skip_unavailable': False, 'install_base': '/home/dhruft/ws_nirmitsu/install/NodeEditor', 'merge_install': False, 'path': '/home/dhruft/ws_nirmitsu/src/nirmitsu-ros2/nodeeditor', 'symlink_install': False, 'test_result_base': None}
[0.263s] Level 5:colcon.colcon_core.verb:set package 'nirmitsu_ros2_flowgraph' build argument 'cmake_args' from command line to 'None'
[0.263s] Level 5:colcon.colcon_core.verb:set package 'nirmitsu_ros2_flowgraph' build argument 'cmake_target' from command line to 'None'
[0.263s] Level 5:colcon.colcon_core.verb:set package 'nirmitsu_ros2_flowgraph' build argument 'cmake_target_skip_unavailable' from command line to 'False'
[0.263s] Level 5:colcon.colcon_core.verb:set package 'nirmitsu_ros2_flowgraph' build argument 'cmake_clean_cache' from command line to 'False'
[0.263s] Level 5:colcon.colcon_core.verb:set package 'nirmitsu_ros2_flowgraph' build argument 'cmake_clean_first' from command line to 'False'
[0.263s] Level 5:colcon.colcon_core.verb:set package 'nirmitsu_ros2_flowgraph' build argument 'cmake_force_configure' from command line to 'False'
[0.263s] Level 5:colcon.colcon_core.verb:set package 'nirmitsu_ros2_flowgraph' build argument 'ament_cmake_args' from command line to 'None'
[0.263s] Level 5:colcon.colcon_core.verb:set package 'nirmitsu_ros2_flowgraph' build argument 'catkin_cmake_args' from command line to 'None'
[0.263s] Level 5:colcon.colcon_core.verb:set package 'nirmitsu_ros2_flowgraph' build argument 'catkin_skip_building_tests' from command line to 'False'
[0.263s] DEBUG:colcon.colcon_core.verb:Building package 'nirmitsu_ros2_flowgraph' with the following arguments: {'ament_cmake_args': None, 'build_base': '/home/dhruft/ws_nirmitsu/build/nirmitsu_ros2_flowgraph', 'catkin_cmake_args': None, 'catkin_skip_building_tests': False, 'cmake_args': None, 'cmake_clean_cache': False, 'cmake_clean_first': False, 'cmake_force_configure': False, 'cmake_target': None, 'cmake_target_skip_unavailable': False, 'install_base': '/home/dhruft/ws_nirmitsu/install/nirmitsu_ros2_flowgraph', 'merge_install': False, 'path': '/home/dhruft/ws_nirmitsu/src/nirmitsu-ros2/nirmitsu_ros2_flowgraph', 'symlink_install': False, 'test_result_base': None}
[0.263s] INFO:colcon.colcon_core.executor:Executing jobs using 'parallel' executor
[0.266s] DEBUG:colcon.colcon_parallel_executor.executor.parallel:run_until_complete
[0.266s] INFO:colcon.colcon_cmake.task.cmake.build:Building CMake package in '/home/dhruft/ws_nirmitsu/src/nirmitsu-ros2/nodeeditor'
[0.270s] INFO:colcon.colcon_core.plugin_system:Skipping extension 'colcon_core.shell.bat': Not used on non-Windows systems
[0.270s] INFO:colcon.colcon_core.shell:Skip shell extension 'powershell' for command environment: Not usable outside of PowerShell
[0.270s] DEBUG:colcon.colcon_core.shell:Skip shell extension 'dsv' for command environment
[0.279s] DEBUG:colcon.colcon_core.event_handler.log_command:Invoking command in '/home/dhruft/ws_nirmitsu/build/NodeEditor': /usr/bin/cmake --build /home/dhruft/ws_nirmitsu/build/NodeEditor -- -j16 -l16
[0.479s] DEBUG:colcon.colcon_core.event_handler.log_command:Invoked command in '/home/dhruft/ws_nirmitsu/build/NodeEditor' returned '0': /usr/bin/cmake --build /home/dhruft/ws_nirmitsu/build/NodeEditor -- -j16 -l16
[0.558s] DEBUG:colcon.colcon_core.event_handler.log_command:Invoking command in '/home/dhruft/ws_nirmitsu/build/NodeEditor': /usr/bin/cmake --install /home/dhruft/ws_nirmitsu/build/NodeEditor
[0.569s] Level 1:colcon.colcon_core.environment:create_environment_scripts_only(NodeEditor)
[0.570s] DEBUG:colcon.colcon_core.event_handler.log_command:Invoked command in '/home/dhruft/ws_nirmitsu/build/NodeEditor' returned '0': /usr/bin/cmake --install /home/dhruft/ws_nirmitsu/build/NodeEditor
[0.573s] Level 1:colcon.colcon_core.environment:checking '/home/dhruft/ws_nirmitsu/install/NodeEditor' for CMake module files
[0.573s] Level 1:colcon.colcon_core.environment:checking '/home/dhruft/ws_nirmitsu/install/NodeEditor' for CMake config files
[0.574s] Level 1:colcon.colcon_core.shell:create_environment_hook('NodeEditor', 'cmake_prefix_path')
[0.575s] INFO:colcon.colcon_core.shell:Creating environment hook '/home/dhruft/ws_nirmitsu/install/NodeEditor/share/NodeEditor/hook/cmake_prefix_path.ps1'
[0.575s] INFO:colcon.colcon_core.shell:Creating environment descriptor '/home/dhruft/ws_nirmitsu/install/NodeEditor/share/NodeEditor/hook/cmake_prefix_path.dsv'
[0.575s] INFO:colcon.colcon_core.shell:Creating environment hook '/home/dhruft/ws_nirmitsu/install/NodeEditor/share/NodeEditor/hook/cmake_prefix_path.sh'
[0.576s] Level 1:colcon.colcon_core.environment:checking '/home/dhruft/ws_nirmitsu/install/NodeEditor/lib'
[0.576s] Level 1:colcon.colcon_core.shell:create_environment_hook('NodeEditor', 'ld_library_path_lib')
[0.577s] INFO:colcon.colcon_core.shell:Creating environment hook '/home/dhruft/ws_nirmitsu/install/NodeEditor/share/NodeEditor/hook/ld_library_path_lib.ps1'
[0.578s] INFO:colcon.colcon_core.shell:Creating environment descriptor '/home/dhruft/ws_nirmitsu/install/NodeEditor/share/NodeEditor/hook/ld_library_path_lib.dsv'
[0.578s] INFO:colcon.colcon_core.shell:Creating environment hook '/home/dhruft/ws_nirmitsu/install/NodeEditor/share/NodeEditor/hook/ld_library_path_lib.sh'
[0.578s] Level 1:colcon.colcon_core.environment:checking '/home/dhruft/ws_nirmitsu/install/NodeEditor/bin'
[0.578s] Level 1:colcon.colcon_core.environment:checking '/home/dhruft/ws_nirmitsu/install/NodeEditor/lib/pkgconfig/NodeEditor.pc'
[0.579s] Level 1:colcon.colcon_core.environment:checking '/home/dhruft/ws_nirmitsu/install/NodeEditor/lib/python3.10/site-packages'
[0.579s] Level 1:colcon.colcon_core.environment:checking '/home/dhruft/ws_nirmitsu/install/NodeEditor/bin'
[0.580s] INFO:colcon.colcon_core.shell:Creating package script '/home/dhruft/ws_nirmitsu/install/NodeEditor/share/NodeEditor/package.ps1'
[0.581s] INFO:colcon.colcon_core.shell:Creating package descriptor '/home/dhruft/ws_nirmitsu/install/NodeEditor/share/NodeEditor/package.dsv'
[0.581s] INFO:colcon.colcon_core.shell:Creating package script '/home/dhruft/ws_nirmitsu/install/NodeEditor/share/NodeEditor/package.sh'
[0.582s] INFO:colcon.colcon_core.shell:Creating package script '/home/dhruft/ws_nirmitsu/install/NodeEditor/share/NodeEditor/package.bash'
[0.582s] INFO:colcon.colcon_core.shell:Creating package script '/home/dhruft/ws_nirmitsu/install/NodeEditor/share/NodeEditor/package.zsh'
[0.583s] Level 1:colcon.colcon_core.environment:create_file_with_runtime_dependencies(/home/dhruft/ws_nirmitsu/install/NodeEditor/share/colcon-core/packages/NodeEditor)
[0.583s] INFO:colcon.colcon_ros.task.ament_cmake.build:Building ROS package in '/home/dhruft/ws_nirmitsu/src/nirmitsu-ros2/nirmitsu_ros2_flowgraph' with build type 'ament_cmake'
[0.583s] INFO:colcon.colcon_cmake.task.cmake.build:Building CMake package in '/home/dhruft/ws_nirmitsu/src/nirmitsu-ros2/nirmitsu_ros2_flowgraph'
[0.584s] INFO:colcon.colcon_core.shell:Skip shell extension 'powershell' for command environment: Not usable outside of PowerShell
[0.584s] DEBUG:colcon.colcon_core.shell:Skip shell extension 'dsv' for command environment
[0.592s] DEBUG:colcon.colcon_core.event_handler.log_command:Invoking command in '/home/dhruft/ws_nirmitsu/build/nirmitsu_ros2_flowgraph': CMAKE_PREFIX_PATH=/home/dhruft/ws_nirmitsu/install/NodeEditor LD_LIBRARY_PATH=/home/dhruft/ws_nirmitsu/install/NodeEditor/lib /usr/bin/cmake --build /home/dhruft/ws_nirmitsu/build/nirmitsu_ros2_flowgraph -- -j16 -l16
[6.955s] DEBUG:colcon.colcon_core.event_handler.log_command:Invoked command in '/home/dhruft/ws_nirmitsu/build/nirmitsu_ros2_flowgraph' returned '2': CMAKE_PREFIX_PATH=/home/dhruft/ws_nirmitsu/install/NodeEditor LD_LIBRARY_PATH=/home/dhruft/ws_nirmitsu/install/NodeEditor/lib /usr/bin/cmake --build /home/dhruft/ws_nirmitsu/build/nirmitsu_ros2_flowgraph -- -j16 -l16
[6.981s] Level 1:colcon.colcon_core.environment:create_environment_scripts_only(nirmitsu_ros2_flowgraph)
[6.983s] Level 1:colcon.colcon_core.environment:checking '/home/dhruft/ws_nirmitsu/install/nirmitsu_ros2_flowgraph' for CMake module files
[6.983s] Level 1:colcon.colcon_core.environment:checking '/home/dhruft/ws_nirmitsu/install/nirmitsu_ros2_flowgraph' for CMake config files
[6.983s] Level 1:colcon.colcon_core.shell:create_environment_hook('nirmitsu_ros2_flowgraph', 'cmake_prefix_path')
[6.984s] INFO:colcon.colcon_core.shell:Creating environment hook '/home/dhruft/ws_nirmitsu/install/nirmitsu_ros2_flowgraph/share/nirmitsu_ros2_flowgraph/hook/cmake_prefix_path.ps1'
[6.985s] INFO:colcon.colcon_core.shell:Creating environment descriptor '/home/dhruft/ws_nirmitsu/install/nirmitsu_ros2_flowgraph/share/nirmitsu_ros2_flowgraph/hook/cmake_prefix_path.dsv'
[6.985s] INFO:colcon.colcon_core.shell:Creating environment hook '/home/dhruft/ws_nirmitsu/install/nirmitsu_ros2_flowgraph/share/nirmitsu_ros2_flowgraph/hook/cmake_prefix_path.sh'
[6.985s] Level 1:colcon.colcon_core.environment:checking '/home/dhruft/ws_nirmitsu/install/nirmitsu_ros2_flowgraph/lib'
[6.985s] Level 1:colcon.colcon_core.environment:checking '/home/dhruft/ws_nirmitsu/install/nirmitsu_ros2_flowgraph/bin'
[6.985s] Level 1:colcon.colcon_core.environment:checking '/home/dhruft/ws_nirmitsu/install/nirmitsu_ros2_flowgraph/lib/pkgconfig/nirmitsu_ros2_flowgraph.pc'
[6.986s] Level 1:colcon.colcon_core.environment:checking '/home/dhruft/ws_nirmitsu/install/nirmitsu_ros2_flowgraph/lib/python3.10/site-packages'
[6.986s] Level 1:colcon.colcon_core.environment:checking '/home/dhruft/ws_nirmitsu/install/nirmitsu_ros2_flowgraph/bin'
[6.987s] INFO:colcon.colcon_core.shell:Creating package script '/home/dhruft/ws_nirmitsu/install/nirmitsu_ros2_flowgraph/share/nirmitsu_ros2_flowgraph/package.ps1'
[6.987s] INFO:colcon.colcon_core.shell:Creating package descriptor '/home/dhruft/ws_nirmitsu/install/nirmitsu_ros2_flowgraph/share/nirmitsu_ros2_flowgraph/package.dsv'
[6.987s] INFO:colcon.colcon_core.shell:Creating package script '/home/dhruft/ws_nirmitsu/install/nirmitsu_ros2_flowgraph/share/nirmitsu_ros2_flowgraph/package.sh'
[6.988s] INFO:colcon.colcon_core.shell:Creating package script '/home/dhruft/ws_nirmitsu/install/nirmitsu_ros2_flowgraph/share/nirmitsu_ros2_flowgraph/package.bash'
[6.988s] INFO:colcon.colcon_core.shell:Creating package script '/home/dhruft/ws_nirmitsu/install/nirmitsu_ros2_flowgraph/share/nirmitsu_ros2_flowgraph/package.zsh'
[6.988s] Level 1:colcon.colcon_core.environment:create_file_with_runtime_dependencies(/home/dhruft/ws_nirmitsu/install/nirmitsu_ros2_flowgraph/share/colcon-core/packages/nirmitsu_ros2_flowgraph)
[6.999s] DEBUG:colcon.colcon_parallel_executor.executor.parallel:closing loop
[6.999s] DEBUG:colcon.colcon_parallel_executor.executor.parallel:loop closed
[6.999s] DEBUG:colcon.colcon_parallel_executor.executor.parallel:run_until_complete finished with '2'
[6.999s] DEBUG:colcon.colcon_core.event_reactor:joining thread
[7.006s] INFO:colcon.colcon_core.plugin_system:Skipping extension 'colcon_notification.desktop_notification.terminal_notifier': Not used on non-Darwin systems
[7.006s] INFO:colcon.colcon_core.plugin_system:Skipping extension 'colcon_notification.desktop_notification.win32': Not used on non-Windows systems
[7.006s] INFO:colcon.colcon_notification.desktop_notification:Sending desktop notification using 'notify2'
[7.022s] DEBUG:colcon.colcon_core.event_reactor:joined thread
[7.024s] INFO:colcon.colcon_core.shell:Creating prefix script '/home/dhruft/ws_nirmitsu/install/local_setup.ps1'
[7.027s] INFO:colcon.colcon_core.shell:Creating prefix util module '/home/dhruft/ws_nirmitsu/install/_local_setup_util_ps1.py'
[7.028s] INFO:colcon.colcon_core.shell:Creating prefix chain script '/home/dhruft/ws_nirmitsu/install/setup.ps1'
[7.029s] INFO:colcon.colcon_core.shell:Creating prefix script '/home/dhruft/ws_nirmitsu/install/local_setup.sh'
[7.029s] INFO:colcon.colcon_core.shell:Creating prefix util module '/home/dhruft/ws_nirmitsu/install/_local_setup_util_sh.py'
[7.029s] INFO:colcon.colcon_core.shell:Creating prefix chain script '/home/dhruft/ws_nirmitsu/install/setup.sh'
[7.030s] INFO:colcon.colcon_core.shell:Creating prefix script '/home/dhruft/ws_nirmitsu/install/local_setup.bash'
[7.030s] INFO:colcon.colcon_core.shell:Creating prefix chain script '/home/dhruft/ws_nirmitsu/install/setup.bash'
[7.031s] INFO:colcon.colcon_core.shell:Creating prefix script '/home/dhruft/ws_nirmitsu/install/local_setup.zsh'
[7.032s] INFO:colcon.colcon_core.shell:Creating prefix chain script '/home/dhruft/ws_nirmitsu/install/setup.zsh'
