[0.011s] Invoking command in '/home/dhruft/ws_nirmitsu/build/nirmitsu_ros2_flowgraph': CMAKE_PREFIX_PATH=/home/dhruft/ws_nirmitsu/install/NodeEditor:/home/dhruft/ws_nirmitsu/install/nirmitsu_ros2_flowgraph:/opt/ros/humble /usr/bin/cmake --build /home/dhruft/ws_nirmitsu/build/nirmitsu_ros2_flowgraph -- -j16 -l16
[0.068s] [  5%] [34m[1mAutomatic MOC and UIC for target nirmitsu[0m
[0.097s] [  5%] Built target nirmitsu_autogen
[0.129s] [35m[1mConsolidate compiler generated dependencies of target nirmitsu[0m
[0.183s] [ 11%] [32mBuilding CXX object CMakeFiles/nirmitsu.dir/src/inputs/Joystick.cpp.o[0m
[2.671s] In file included from [01m[K/home/dhruft/ws_nirmitsu/src/nirmitsu-ros2/nirmitsu_ros2_flowgraph/src/inputs/Joystick.cpp:18[m[K:
[2.671s] [01m[K/home/dhruft/ws_nirmitsu/src/nirmitsu-ros2/nirmitsu_ros2_flowgraph/src/inputs/Joystick.hpp:[m[K In member function ‘[01m[Kvirtual void Joystick::setInData(std::shared_ptr<QtNodes::NodeData>, int)[m[K’:
[2.671s] [01m[K/home/dhruft/ws_nirmitsu/src/nirmitsu-ros2/nirmitsu_ros2_flowgraph/src/inputs/Joystick.hpp:75:39:[m[K [01;35m[Kwarning: [m[Kunused parameter ‘[01m[Kdata[m[K’ [[01;35m[K]8;;https://gcc.gnu.org/onlinedocs/gcc/Warning-Options.html#index-Wunused-parameter-Wunused-parameter]8;;[m[K]
[2.671s]    75 |   setInData([01;35m[Kstd::shared_ptr<NodeData> data[m[K, int) override
[2.672s]       |             [01;35m[K~~~~~~~~~~~~~~~~~~~~~~~~~~^~~~[m[K
[2.672s] [01m[K/home/dhruft/ws_nirmitsu/src/nirmitsu-ros2/nirmitsu_ros2_flowgraph/src/inputs/Joystick.cpp:[m[K In constructor ‘[01m[KJoystick::Joystick()[m[K’:
[2.672s] [01m[K/home/dhruft/ws_nirmitsu/src/nirmitsu-ros2/nirmitsu_ros2_flowgraph/src/inputs/Joystick.cpp:25:3:[m[K [01;31m[Kerror: [m[Kno matching function for call to ‘[01m[Kstd::shared_ptr<Pos>::shared_ptr(PosType)[m[K’
[2.672s]    25 |   [01;31m[K_position(PosType(0,0))[m[K
[2.672s]       |   [01;31m[K^~~~~~~~~~~~~~~~~~~~~~~[m[K
[2.683s] In file included from [01m[K/usr/include/c++/11/memory:77[m[K,
[2.683s]                  from [01m[K/usr/include/x86_64-linux-gnu/qt5/QtCore/qsharedpointer_impl.h:71[m[K,
[2.685s]                  from [01m[K/usr/include/x86_64-linux-gnu/qt5/QtCore/qsharedpointer.h:48[m[K,
[2.685s]                  from [01m[K/usr/include/x86_64-linux-gnu/qt5/QtGui/qpixmap.h:48[m[K,
[2.685s]                  from [01m[K/usr/include/x86_64-linux-gnu/qt5/QtGui/qbrush.h:52[m[K,
[2.685s]                  from [01m[K/usr/include/x86_64-linux-gnu/qt5/QtGui/qpalette.h:46[m[K,
[2.685s]                  from [01m[K/usr/include/x86_64-linux-gnu/qt5/QtWidgets/qwidget.h:48[m[K,
[2.685s]                  from [01m[K/usr/include/x86_64-linux-gnu/qt5/QtWidgets/QWidget:1[m[K,
[2.686s]                  from [01m[K/home/dhruft/ws_nirmitsu/install/NodeEditor/include/nodes/internal/NodeDataModel.hpp:4[m[K,
[2.686s]                  from [01m[K/home/dhruft/ws_nirmitsu/install/NodeEditor/include/nodes/NodeDataModel:1[m[K,
[2.686s]                  from [01m[K/home/dhruft/ws_nirmitsu/src/nirmitsu-ros2/nirmitsu_ros2_flowgraph/src/inputs/Joystick.hpp:23[m[K,
[2.686s]                  from [01m[K/home/dhruft/ws_nirmitsu/src/nirmitsu-ros2/nirmitsu_ros2_flowgraph/src/inputs/Joystick.cpp:18[m[K:
[2.686s] [01m[K/usr/include/c++/11/bits/shared_ptr.h:408:9:[m[K [01;36m[Knote: [m[Kcandidate: ‘[01m[Ktemplate<class _Alloc, class ... _Args> std::shared_ptr<_Tp>::shared_ptr(std::_Sp_alloc_shared_tag<_Tp>, _Args&& ...) [with _Alloc = _Alloc; _Args = {_Args ...}; _Tp = Pos][m[K’
[2.686s]   408 |         [01;36m[Kshared_ptr[m[K(_Sp_alloc_shared_tag<_Alloc> __tag, _Args&&... __args)
[2.687s]       |         [01;36m[K^~~~~~~~~~[m[K
[2.687s] [01m[K/usr/include/c++/11/bits/shared_ptr.h:408:9:[m[K [01;36m[Knote: [m[K  template argument deduction/substitution failed:
[2.687s] [01m[K/home/dhruft/ws_nirmitsu/src/nirmitsu-ros2/nirmitsu_ros2_flowgraph/src/inputs/Joystick.cpp:25:3:[m[K [01;36m[Knote: [m[K  ‘[01m[KPosType[m[K’ is not derived from ‘[01m[Kstd::_Sp_alloc_shared_tag<_Tp>[m[K’
[2.687s]    25 |   [01;36m[K_position(PosType(0,0))[m[K
[2.687s]       |   [01;36m[K^~~~~~~~~~~~~~~~~~~~~~~[m[K
[2.687s] In file included from [01m[K/usr/include/c++/11/memory:77[m[K,
[2.688s]                  from [01m[K/usr/include/x86_64-linux-gnu/qt5/QtCore/qsharedpointer_impl.h:71[m[K,
[2.688s]                  from [01m[K/usr/include/x86_64-linux-gnu/qt5/QtCore/qsharedpointer.h:48[m[K,
[2.688s]                  from [01m[K/usr/include/x86_64-linux-gnu/qt5/QtGui/qpixmap.h:48[m[K,
[2.688s]                  from [01m[K/usr/include/x86_64-linux-gnu/qt5/QtGui/qbrush.h:52[m[K,
[2.688s]                  from [01m[K/usr/include/x86_64-linux-gnu/qt5/QtGui/qpalette.h:46[m[K,
[2.689s]                  from [01m[K/usr/include/x86_64-linux-gnu/qt5/QtWidgets/qwidget.h:48[m[K,
[2.689s]                  from [01m[K/usr/include/x86_64-linux-gnu/qt5/QtWidgets/QWidget:1[m[K,
[2.689s]                  from [01m[K/home/dhruft/ws_nirmitsu/install/NodeEditor/include/nodes/internal/NodeDataModel.hpp:4[m[K,
[2.689s]                  from [01m[K/home/dhruft/ws_nirmitsu/install/NodeEditor/include/nodes/NodeDataModel:1[m[K,
[2.689s]                  from [01m[K/home/dhruft/ws_nirmitsu/src/nirmitsu-ros2/nirmitsu_ros2_flowgraph/src/inputs/Joystick.hpp:23[m[K,
[2.689s]                  from [01m[K/home/dhruft/ws_nirmitsu/src/nirmitsu-ros2/nirmitsu_ros2_flowgraph/src/inputs/Joystick.cpp:18[m[K:
[2.690s] [01m[K/usr/include/c++/11/bits/shared_ptr.h:340:9:[m[K [01;36m[Knote: [m[Kcandidate: ‘[01m[Ktemplate<class _Yp, class _Del, class> std::shared_ptr<_Tp>::shared_ptr(std::unique_ptr<_Up, _Ep>&&) [with _Yp = _Yp; _Del = _Del; <template-parameter-2-3> = <template-parameter-1-3>; _Tp = Pos][m[K’
[2.690s]   340 |         [01;36m[Kshared_ptr[m[K(unique_ptr<_Yp, _Del>&& __r)
[2.690s]       |         [01;36m[K^~~~~~~~~~[m[K
[2.690s] [01m[K/usr/include/c++/11/bits/shared_ptr.h:340:9:[m[K [01;36m[Knote: [m[K  template argument deduction/substitution failed:
[2.690s] [01m[K/home/dhruft/ws_nirmitsu/src/nirmitsu-ros2/nirmitsu_ros2_flowgraph/src/inputs/Joystick.cpp:25:3:[m[K [01;36m[Knote: [m[K  ‘[01m[KPosType[m[K’ is not derived from ‘[01m[Kstd::unique_ptr<_Tp, _Dp>[m[K’
[2.690s]    25 |   [01;36m[K_position(PosType(0,0))[m[K
[2.691s]       |   [01;36m[K^~~~~~~~~~~~~~~~~~~~~~~[m[K
[2.691s] In file included from [01m[K/usr/include/c++/11/memory:77[m[K,
[2.691s]                  from [01m[K/usr/include/x86_64-linux-gnu/qt5/QtCore/qsharedpointer_impl.h:71[m[K,
[2.691s]                  from [01m[K/usr/include/x86_64-linux-gnu/qt5/QtCore/qsharedpointer.h:48[m[K,
[2.691s]                  from [01m[K/usr/include/x86_64-linux-gnu/qt5/QtGui/qpixmap.h:48[m[K,
[2.691s]                  from [01m[K/usr/include/x86_64-linux-gnu/qt5/QtGui/qbrush.h:52[m[K,
[2.692s]                  from [01m[K/usr/include/x86_64-linux-gnu/qt5/QtGui/qpalette.h:46[m[K,
[2.692s]                  from [01m[K/usr/include/x86_64-linux-gnu/qt5/QtWidgets/qwidget.h:48[m[K,
[2.692s]                  from [01m[K/usr/include/x86_64-linux-gnu/qt5/QtWidgets/QWidget:1[m[K,
[2.692s]                  from [01m[K/home/dhruft/ws_nirmitsu/install/NodeEditor/include/nodes/internal/NodeDataModel.hpp:4[m[K,
[2.692s]                  from [01m[K/home/dhruft/ws_nirmitsu/install/NodeEditor/include/nodes/NodeDataModel:1[m[K,
[2.692s]                  from [01m[K/home/dhruft/ws_nirmitsu/src/nirmitsu-ros2/nirmitsu_ros2_flowgraph/src/inputs/Joystick.hpp:23[m[K,
[2.693s]                  from [01m[K/home/dhruft/ws_nirmitsu/src/nirmitsu-ros2/nirmitsu_ros2_flowgraph/src/inputs/Joystick.cpp:18[m[K:
[2.693s] [01m[K/usr/include/c++/11/bits/shared_ptr.h:332:9:[m[K [01;36m[Knote: [m[Kcandidate: ‘[01m[Ktemplate<class _Yp, class> std::shared_ptr<_Tp>::shared_ptr(std::auto_ptr<_Up>&&) [with _Yp = _Tp1; <template-parameter-2-2> = <template-parameter-1-2>; _Tp = Pos][m[K’
[2.693s]   332 |         [01;36m[Kshared_ptr[m[K(auto_ptr<_Yp>&& __r);
[2.693s]       |         [01;36m[K^~~~~~~~~~[m[K
[2.693s] [01m[K/usr/include/c++/11/bits/shared_ptr.h:332:9:[m[K [01;36m[Knote: [m[K  template argument deduction/substitution failed:
[2.693s] [01m[K/home/dhruft/ws_nirmitsu/src/nirmitsu-ros2/nirmitsu_ros2_flowgraph/src/inputs/Joystick.cpp:25:3:[m[K [01;36m[Knote: [m[K  ‘[01m[KPosType[m[K’ is not derived from ‘[01m[Kstd::auto_ptr<_Up>[m[K’
[2.694s]    25 |   [01;36m[K_position(PosType(0,0))[m[K
[2.694s]       |   [01;36m[K^~~~~~~~~~~~~~~~~~~~~~~[m[K
[2.694s] In file included from [01m[K/usr/include/c++/11/memory:77[m[K,
[2.694s]                  from [01m[K/usr/include/x86_64-linux-gnu/qt5/QtCore/qsharedpointer_impl.h:71[m[K,
[2.694s]                  from [01m[K/usr/include/x86_64-linux-gnu/qt5/QtCore/qsharedpointer.h:48[m[K,
[2.694s]                  from [01m[K/usr/include/x86_64-linux-gnu/qt5/QtGui/qpixmap.h:48[m[K,
[2.695s]                  from [01m[K/usr/include/x86_64-linux-gnu/qt5/QtGui/qbrush.h:52[m[K,
[2.695s]                  from [01m[K/usr/include/x86_64-linux-gnu/qt5/QtGui/qpalette.h:46[m[K,
[2.695s]                  from [01m[K/usr/include/x86_64-linux-gnu/qt5/QtWidgets/qwidget.h:48[m[K,
[2.695s]                  from [01m[K/usr/include/x86_64-linux-gnu/qt5/QtWidgets/QWidget:1[m[K,
[2.695s]                  from [01m[K/home/dhruft/ws_nirmitsu/install/NodeEditor/include/nodes/internal/NodeDataModel.hpp:4[m[K,
[2.695s]                  from [01m[K/home/dhruft/ws_nirmitsu/install/NodeEditor/include/nodes/NodeDataModel:1[m[K,
[2.696s]                  from [01m[K/home/dhruft/ws_nirmitsu/src/nirmitsu-ros2/nirmitsu_ros2_flowgraph/src/inputs/Joystick.hpp:23[m[K,
[2.696s]                  from [01m[K/home/dhruft/ws_nirmitsu/src/nirmitsu-ros2/nirmitsu_ros2_flowgraph/src/inputs/Joystick.cpp:18[m[K:
[2.696s] [01m[K/usr/include/c++/11/bits/shared_ptr.h:325:18:[m[K [01;36m[Knote: [m[Kcandidate: ‘[01m[Ktemplate<class _Yp, class> std::shared_ptr<_Tp>::shared_ptr(const std::weak_ptr<_Yp>&) [with _Yp = _Yp; <template-parameter-2-2> = <template-parameter-1-2>; _Tp = Pos][m[K’
[2.696s]   325 |         explicit [01;36m[Kshared_ptr[m[K(const weak_ptr<_Yp>& __r)
[2.696s]       |                  [01;36m[K^~~~~~~~~~[m[K
[2.697s] [01m[K/usr/include/c++/11/bits/shared_ptr.h:325:18:[m[K [01;36m[Knote: [m[K  template argument deduction/substitution failed:
[2.697s] [01m[K/home/dhruft/ws_nirmitsu/src/nirmitsu-ros2/nirmitsu_ros2_flowgraph/src/inputs/Joystick.cpp:25:3:[m[K [01;36m[Knote: [m[K  ‘[01m[KPosType[m[K’ is not derived from ‘[01m[Kconst std::weak_ptr<_Tp>[m[K’
[2.697s]    25 |   [01;36m[K_position(PosType(0,0))[m[K
[2.697s]       |   [01;36m[K^~~~~~~~~~~~~~~~~~~~~~~[m[K
[2.697s] In file included from [01m[K/usr/include/c++/11/memory:77[m[K,
[2.697s]                  from [01m[K/usr/include/x86_64-linux-gnu/qt5/QtCore/qsharedpointer_impl.h:71[m[K,
[2.698s]                  from [01m[K/usr/include/x86_64-linux-gnu/qt5/QtCore/qsharedpointer.h:48[m[K,
[2.698s]                  from [01m[K/usr/include/x86_64-linux-gnu/qt5/QtGui/qpixmap.h:48[m[K,
[2.698s]                  from [01m[K/usr/include/x86_64-linux-gnu/qt5/QtGui/qbrush.h:52[m[K,
[2.698s]                  from [01m[K/usr/include/x86_64-linux-gnu/qt5/QtGui/qpalette.h:46[m[K,
[2.698s]                  from [01m[K/usr/include/x86_64-linux-gnu/qt5/QtWidgets/qwidget.h:48[m[K,
[2.698s]                  from [01m[K/usr/include/x86_64-linux-gnu/qt5/QtWidgets/QWidget:1[m[K,
[2.699s]                  from [01m[K/home/dhruft/ws_nirmitsu/install/NodeEditor/include/nodes/internal/NodeDataModel.hpp:4[m[K,
[2.699s]                  from [01m[K/home/dhruft/ws_nirmitsu/install/NodeEditor/include/nodes/NodeDataModel:1[m[K,
[2.699s]                  from [01m[K/home/dhruft/ws_nirmitsu/src/nirmitsu-ros2/nirmitsu_ros2_flowgraph/src/inputs/Joystick.hpp:23[m[K,
[2.699s]                  from [01m[K/home/dhruft/ws_nirmitsu/src/nirmitsu-ros2/nirmitsu_ros2_flowgraph/src/inputs/Joystick.cpp:18[m[K:
[2.699s] [01m[K/usr/include/c++/11/bits/shared_ptr.h:313:9:[m[K [01;36m[Knote: [m[Kcandidate: ‘[01m[Ktemplate<class _Yp, class> std::shared_ptr<_Tp>::shared_ptr(std::shared_ptr<_Yp>&&) [with _Yp = _Yp; <template-parameter-2-2> = <template-parameter-1-2>; _Tp = Pos][m[K’
[2.699s]   313 |         [01;36m[Kshared_ptr[m[K(shared_ptr<_Yp>&& __r) noexcept
[2.700s]       |         [01;36m[K^~~~~~~~~~[m[K
[2.700s] [01m[K/usr/include/c++/11/bits/shared_ptr.h:313:9:[m[K [01;36m[Knote: [m[K  template argument deduction/substitution failed:
[2.700s] [01m[K/home/dhruft/ws_nirmitsu/src/nirmitsu-ros2/nirmitsu_ros2_flowgraph/src/inputs/Joystick.cpp:25:3:[m[K [01;36m[Knote: [m[K  ‘[01m[KPosType[m[K’ is not derived from ‘[01m[Kstd::shared_ptr<_Tp>[m[K’
[2.700s]    25 |   [01;36m[K_position(PosType(0,0))[m[K
[2.700s]       |   [01;36m[K^~~~~~~~~~~~~~~~~~~~~~~[m[K
[2.700s] In file included from [01m[K/usr/include/c++/11/memory:77[m[K,
[2.701s]                  from [01m[K/usr/include/x86_64-linux-gnu/qt5/QtCore/qsharedpointer_impl.h:71[m[K,
[2.701s]                  from [01m[K/usr/include/x86_64-linux-gnu/qt5/QtCore/qsharedpointer.h:48[m[K,
[2.701s]                  from [01m[K/usr/include/x86_64-linux-gnu/qt5/QtGui/qpixmap.h:48[m[K,
[2.701s]                  from [01m[K/usr/include/x86_64-linux-gnu/qt5/QtGui/qbrush.h:52[m[K,
[2.701s]                  from [01m[K/usr/include/x86_64-linux-gnu/qt5/QtGui/qpalette.h:46[m[K,
[2.702s]                  from [01m[K/usr/include/x86_64-linux-gnu/qt5/QtWidgets/qwidget.h:48[m[K,
[2.702s]                  from [01m[K/usr/include/x86_64-linux-gnu/qt5/QtWidgets/QWidget:1[m[K,
[2.702s]                  from [01m[K/home/dhruft/ws_nirmitsu/install/NodeEditor/include/nodes/internal/NodeDataModel.hpp:4[m[K,
[2.702s]                  from [01m[K/home/dhruft/ws_nirmitsu/install/NodeEditor/include/nodes/NodeDataModel:1[m[K,
[2.702s]                  from [01m[K/home/dhruft/ws_nirmitsu/src/nirmitsu-ros2/nirmitsu_ros2_flowgraph/src/inputs/Joystick.hpp:23[m[K,
[2.702s]                  from [01m[K/home/dhruft/ws_nirmitsu/src/nirmitsu-ros2/nirmitsu_ros2_flowgraph/src/inputs/Joystick.cpp:18[m[K:
[2.702s] [01m[K/usr/include/c++/11/bits/shared_ptr.h:296:9:[m[K [01;36m[Knote: [m[Kcandidate: ‘[01m[Ktemplate<class _Yp, class> std::shared_ptr<_Tp>::shared_ptr(const std::shared_ptr<_Yp>&) [with _Yp = _Yp; <template-parameter-2-2> = <template-parameter-1-2>; _Tp = Pos][m[K’
[2.703s]   296 |         [01;36m[Kshared_ptr[m[K(const shared_ptr<_Yp>& __r) noexcept
[2.703s]       |         [01;36m[K^~~~~~~~~~[m[K
[2.703s] [01m[K/usr/include/c++/11/bits/shared_ptr.h:296:9:[m[K [01;36m[Knote: [m[K  template argument deduction/substitution failed:
[2.703s] [01m[K/home/dhruft/ws_nirmitsu/src/nirmitsu-ros2/nirmitsu_ros2_flowgraph/src/inputs/Joystick.cpp:25:3:[m[K [01;36m[Knote: [m[K  ‘[01m[KPosType[m[K’ is not derived from ‘[01m[Kconst std::shared_ptr<_Tp>[m[K’
[2.703s]    25 |   [01;36m[K_position(PosType(0,0))[m[K
[2.703s]       |   [01;36m[K^~~~~~~~~~~~~~~~~~~~~~~[m[K
[2.704s] In file included from [01m[K/usr/include/c++/11/memory:77[m[K,
[2.704s]                  from [01m[K/usr/include/x86_64-linux-gnu/qt5/QtCore/qsharedpointer_impl.h:71[m[K,
[2.704s]                  from [01m[K/usr/include/x86_64-linux-gnu/qt5/QtCore/qsharedpointer.h:48[m[K,
[2.704s]                  from [01m[K/usr/include/x86_64-linux-gnu/qt5/QtGui/qpixmap.h:48[m[K,
[2.704s]                  from [01m[K/usr/include/x86_64-linux-gnu/qt5/QtGui/qbrush.h:52[m[K,
[2.704s]                  from [01m[K/usr/include/x86_64-linux-gnu/qt5/QtGui/qpalette.h:46[m[K,
[2.705s]                  from [01m[K/usr/include/x86_64-linux-gnu/qt5/QtWidgets/qwidget.h:48[m[K,
[2.705s]                  from [01m[K/usr/include/x86_64-linux-gnu/qt5/QtWidgets/QWidget:1[m[K,
[2.705s]                  from [01m[K/home/dhruft/ws_nirmitsu/install/NodeEditor/include/nodes/internal/NodeDataModel.hpp:4[m[K,
[2.705s]                  from [01m[K/home/dhruft/ws_nirmitsu/install/NodeEditor/include/nodes/NodeDataModel:1[m[K,
[2.705s]                  from [01m[K/home/dhruft/ws_nirmitsu/src/nirmitsu-ros2/nirmitsu_ros2_flowgraph/src/inputs/Joystick.hpp:23[m[K,
[2.705s]                  from [01m[K/home/dhruft/ws_nirmitsu/src/nirmitsu-ros2/nirmitsu_ros2_flowgraph/src/inputs/Joystick.cpp:18[m[K:
[2.706s] [01m[K/usr/include/c++/11/bits/shared_ptr.h:257:9:[m[K [01;36m[Knote: [m[Kcandidate: ‘[01m[Ktemplate<class _Yp> std::shared_ptr<_Tp>::shared_ptr(const std::shared_ptr<_Yp>&, std::shared_ptr<_Tp>::element_type*) [with _Yp = _Yp; _Tp = Pos][m[K’
[2.706s]   257 |         [01;36m[Kshared_ptr[m[K(const shared_ptr<_Yp>& __r, element_type* __p) noexcept
[2.706s]       |         [01;36m[K^~~~~~~~~~[m[K
[2.706s] [01m[K/usr/include/c++/11/bits/shared_ptr.h:257:9:[m[K [01;36m[Knote: [m[K  template argument deduction/substitution failed:
[2.706s] [01m[K/home/dhruft/ws_nirmitsu/src/nirmitsu-ros2/nirmitsu_ros2_flowgraph/src/inputs/Joystick.cpp:25:3:[m[K [01;36m[Knote: [m[K  ‘[01m[KPosType[m[K’ is not derived from ‘[01m[Kconst std::shared_ptr<_Tp>[m[K’
[2.706s]    25 |   [01;36m[K_position(PosType(0,0))[m[K
[2.707s]       |   [01;36m[K^~~~~~~~~~~~~~~~~~~~~~~[m[K
[2.707s] In file included from [01m[K/usr/include/c++/11/memory:77[m[K,
[2.707s]                  from [01m[K/usr/include/x86_64-linux-gnu/qt5/QtCore/qsharedpointer_impl.h:71[m[K,
[2.707s]                  from [01m[K/usr/include/x86_64-linux-gnu/qt5/QtCore/qsharedpointer.h:48[m[K,
[2.707s]                  from [01m[K/usr/include/x86_64-linux-gnu/qt5/QtGui/qpixmap.h:48[m[K,
[2.707s]                  from [01m[K/usr/include/x86_64-linux-gnu/qt5/QtGui/qbrush.h:52[m[K,
[2.708s]                  from [01m[K/usr/include/x86_64-linux-gnu/qt5/QtGui/qpalette.h:46[m[K,
[2.708s]                  from [01m[K/usr/include/x86_64-linux-gnu/qt5/QtWidgets/qwidget.h:48[m[K,
[2.708s]                  from [01m[K/usr/include/x86_64-linux-gnu/qt5/QtWidgets/QWidget:1[m[K,
[2.708s]                  from [01m[K/home/dhruft/ws_nirmitsu/install/NodeEditor/include/nodes/internal/NodeDataModel.hpp:4[m[K,
[2.708s]                  from [01m[K/home/dhruft/ws_nirmitsu/install/NodeEditor/include/nodes/NodeDataModel:1[m[K,
[2.708s]                  from [01m[K/home/dhruft/ws_nirmitsu/src/nirmitsu-ros2/nirmitsu_ros2_flowgraph/src/inputs/Joystick.hpp:23[m[K,
[2.709s]                  from [01m[K/home/dhruft/ws_nirmitsu/src/nirmitsu-ros2/nirmitsu_ros2_flowgraph/src/inputs/Joystick.cpp:18[m[K:
[2.709s] [01m[K/usr/include/c++/11/bits/shared_ptr.h:233:9:[m[K [01;36m[Knote: [m[Kcandidate: ‘[01m[Ktemplate<class _Deleter, class _Alloc> std::shared_ptr<_Tp>::shared_ptr(std::nullptr_t, _Deleter, _Alloc) [with _Deleter = _Deleter; _Alloc = _Alloc; _Tp = Pos][m[K’
[2.709s]   233 |         [01;36m[Kshared_ptr[m[K(nullptr_t __p, _Deleter __d, _Alloc __a)
[2.709s]       |         [01;36m[K^~~~~~~~~~[m[K
[2.709s] [01m[K/usr/include/c++/11/bits/shared_ptr.h:233:9:[m[K [01;36m[Knote: [m[K  template argument deduction/substitution failed:
[2.710s] [01m[K/home/dhruft/ws_nirmitsu/src/nirmitsu-ros2/nirmitsu_ros2_flowgraph/src/inputs/Joystick.cpp:25:3:[m[K [01;36m[Knote: [m[K  candidate expects 3 arguments, 1 provided
[2.710s]    25 |   [01;36m[K_position(PosType(0,0))[m[K
[2.710s]       |   [01;36m[K^~~~~~~~~~~~~~~~~~~~~~~[m[K
[2.710s] In file included from [01m[K/usr/include/c++/11/memory:77[m[K,
[2.710s]                  from [01m[K/usr/include/x86_64-linux-gnu/qt5/QtCore/qsharedpointer_impl.h:71[m[K,
[2.710s]                  from [01m[K/usr/include/x86_64-linux-gnu/qt5/QtCore/qsharedpointer.h:48[m[K,
[2.711s]                  from [01m[K/usr/include/x86_64-linux-gnu/qt5/QtGui/qpixmap.h:48[m[K,
[2.711s]                  from [01m[K/usr/include/x86_64-linux-gnu/qt5/QtGui/qbrush.h:52[m[K,
[2.711s]                  from [01m[K/usr/include/x86_64-linux-gnu/qt5/QtGui/qpalette.h:46[m[K,
[2.711s]                  from [01m[K/usr/include/x86_64-linux-gnu/qt5/QtWidgets/qwidget.h:48[m[K,
[2.711s]                  from [01m[K/usr/include/x86_64-linux-gnu/qt5/QtWidgets/QWidget:1[m[K,
[2.711s]                  from [01m[K/home/dhruft/ws_nirmitsu/install/NodeEditor/include/nodes/internal/NodeDataModel.hpp:4[m[K,
[2.712s]                  from [01m[K/home/dhruft/ws_nirmitsu/install/NodeEditor/include/nodes/NodeDataModel:1[m[K,
[2.712s]                  from [01m[K/home/dhruft/ws_nirmitsu/src/nirmitsu-ros2/nirmitsu_ros2_flowgraph/src/inputs/Joystick.hpp:23[m[K,
[2.712s]                  from [01m[K/home/dhruft/ws_nirmitsu/src/nirmitsu-ros2/nirmitsu_ros2_flowgraph/src/inputs/Joystick.cpp:18[m[K:
[2.712s] [01m[K/usr/include/c++/11/bits/shared_ptr.h:214:9:[m[K [01;36m[Knote: [m[Kcandidate: ‘[01m[Ktemplate<class _Yp, class _Deleter, class _Alloc, class> std::shared_ptr<_Tp>::shared_ptr(_Yp*, _Deleter, _Alloc) [with _Yp = _Yp; _Deleter = _Deleter; _Alloc = _Alloc; <template-parameter-2-4> = <template-parameter-1-4>; _Tp = Pos][m[K’
[2.712s]   214 |         [01;36m[Kshared_ptr[m[K(_Yp* __p, _Deleter __d, _Alloc __a)
[2.712s]       |         [01;36m[K^~~~~~~~~~[m[K
[2.713s] [01m[K/usr/include/c++/11/bits/shared_ptr.h:214:9:[m[K [01;36m[Knote: [m[K  template argument deduction/substitution failed:
[2.713s] [01m[K/home/dhruft/ws_nirmitsu/src/nirmitsu-ros2/nirmitsu_ros2_flowgraph/src/inputs/Joystick.cpp:25:3:[m[K [01;36m[Knote: [m[K  mismatched types ‘[01m[K_Yp*[m[K’ and ‘[01m[KPosType[m[K’
[2.713s]    25 |   [01;36m[K_position(PosType(0,0))[m[K
[2.713s]       |   [01;36m[K^~~~~~~~~~~~~~~~~~~~~~~[m[K
[2.713s] In file included from [01m[K/usr/include/c++/11/memory:77[m[K,
[2.713s]                  from [01m[K/usr/include/x86_64-linux-gnu/qt5/QtCore/qsharedpointer_impl.h:71[m[K,
[2.714s]                  from [01m[K/usr/include/x86_64-linux-gnu/qt5/QtCore/qsharedpointer.h:48[m[K,
[2.714s]                  from [01m[K/usr/include/x86_64-linux-gnu/qt5/QtGui/qpixmap.h:48[m[K,
[2.714s]                  from [01m[K/usr/include/x86_64-linux-gnu/qt5/QtGui/qbrush.h:52[m[K,
[2.714s]                  from [01m[K/usr/include/x86_64-linux-gnu/qt5/QtGui/qpalette.h:46[m[K,
[2.714s]                  from [01m[K/usr/include/x86_64-linux-gnu/qt5/QtWidgets/qwidget.h:48[m[K,
[2.714s]                  from [01m[K/usr/include/x86_64-linux-gnu/qt5/QtWidgets/QWidget:1[m[K,
[2.714s]                  from [01m[K/home/dhruft/ws_nirmitsu/install/NodeEditor/include/nodes/internal/NodeDataModel.hpp:4[m[K,
[2.715s]                  from [01m[K/home/dhruft/ws_nirmitsu/install/NodeEditor/include/nodes/NodeDataModel:1[m[K,
[2.715s]                  from [01m[K/home/dhruft/ws_nirmitsu/src/nirmitsu-ros2/nirmitsu_ros2_flowgraph/src/inputs/Joystick.hpp:23[m[K,
[2.715s]                  from [01m[K/home/dhruft/ws_nirmitsu/src/nirmitsu-ros2/nirmitsu_ros2_flowgraph/src/inputs/Joystick.cpp:18[m[K:
[2.715s] [01m[K/usr/include/c++/11/bits/shared_ptr.h:194:9:[m[K [01;36m[Knote: [m[Kcandidate: ‘[01m[Ktemplate<class _Deleter> std::shared_ptr<_Tp>::shared_ptr(std::nullptr_t, _Deleter) [with _Deleter = _Deleter; _Tp = Pos][m[K’
[2.715s]   194 |         [01;36m[Kshared_ptr[m[K(nullptr_t __p, _Deleter __d)
[2.715s]       |         [01;36m[K^~~~~~~~~~[m[K
[2.716s] [01m[K/usr/include/c++/11/bits/shared_ptr.h:194:9:[m[K [01;36m[Knote: [m[K  template argument deduction/substitution failed:
[2.716s] [01m[K/home/dhruft/ws_nirmitsu/src/nirmitsu-ros2/nirmitsu_ros2_flowgraph/src/inputs/Joystick.cpp:25:3:[m[K [01;36m[Knote: [m[K  candidate expects 2 arguments, 1 provided
[2.716s]    25 |   [01;36m[K_position(PosType(0,0))[m[K
[2.716s]       |   [01;36m[K^~~~~~~~~~~~~~~~~~~~~~~[m[K
[2.716s] In file included from [01m[K/usr/include/c++/11/memory:77[m[K,
[2.716s]                  from [01m[K/usr/include/x86_64-linux-gnu/qt5/QtCore/qsharedpointer_impl.h:71[m[K,
[2.717s]                  from [01m[K/usr/include/x86_64-linux-gnu/qt5/QtCore/qsharedpointer.h:48[m[K,
[2.717s]                  from [01m[K/usr/include/x86_64-linux-gnu/qt5/QtGui/qpixmap.h:48[m[K,
[2.717s]                  from [01m[K/usr/include/x86_64-linux-gnu/qt5/QtGui/qbrush.h:52[m[K,
[2.717s]                  from [01m[K/usr/include/x86_64-linux-gnu/qt5/QtGui/qpalette.h:46[m[K,
[2.717s]                  from [01m[K/usr/include/x86_64-linux-gnu/qt5/QtWidgets/qwidget.h:48[m[K,
[2.717s]                  from [01m[K/usr/include/x86_64-linux-gnu/qt5/QtWidgets/QWidget:1[m[K,
[2.718s]                  from [01m[K/home/dhruft/ws_nirmitsu/install/NodeEditor/include/nodes/internal/NodeDataModel.hpp:4[m[K,
[2.718s]                  from [01m[K/home/dhruft/ws_nirmitsu/install/NodeEditor/include/nodes/NodeDataModel:1[m[K,
[2.718s]                  from [01m[K/home/dhruft/ws_nirmitsu/src/nirmitsu-ros2/nirmitsu_ros2_flowgraph/src/inputs/Joystick.hpp:23[m[K,
[2.718s]                  from [01m[K/home/dhruft/ws_nirmitsu/src/nirmitsu-ros2/nirmitsu_ros2_flowgraph/src/inputs/Joystick.cpp:18[m[K:
[2.718s] [01m[K/usr/include/c++/11/bits/shared_ptr.h:177:9:[m[K [01;36m[Knote: [m[Kcandidate: ‘[01m[Ktemplate<class _Yp, class _Deleter, class> std::shared_ptr<_Tp>::shared_ptr(_Yp*, _Deleter) [with _Yp = _Yp; _Deleter = _Deleter; <template-parameter-2-3> = <template-parameter-1-3>; _Tp = Pos][m[K’
[2.718s]   177 |         [01;36m[Kshared_ptr[m[K(_Yp* __p, _Deleter __d)
[2.718s]       |         [01;36m[K^~~~~~~~~~[m[K
[2.719s] [01m[K/usr/include/c++/11/bits/shared_ptr.h:177:9:[m[K [01;36m[Knote: [m[K  template argument deduction/substitution failed:
[2.719s] [01m[K/home/dhruft/ws_nirmitsu/src/nirmitsu-ros2/nirmitsu_ros2_flowgraph/src/inputs/Joystick.cpp:25:3:[m[K [01;36m[Knote: [m[K  mismatched types ‘[01m[K_Yp*[m[K’ and ‘[01m[KPosType[m[K’
[2.719s]    25 |   [01;36m[K_position(PosType(0,0))[m[K
[2.719s]       |   [01;36m[K^~~~~~~~~~~~~~~~~~~~~~~[m[K
[2.719s] In file included from [01m[K/usr/include/c++/11/memory:77[m[K,
[2.719s]                  from [01m[K/usr/include/x86_64-linux-gnu/qt5/QtCore/qsharedpointer_impl.h:71[m[K,
[2.719s]                  from [01m[K/usr/include/x86_64-linux-gnu/qt5/QtCore/qsharedpointer.h:48[m[K,
[2.720s]                  from [01m[K/usr/include/x86_64-linux-gnu/qt5/QtGui/qpixmap.h:48[m[K,
[2.720s]                  from [01m[K/usr/include/x86_64-linux-gnu/qt5/QtGui/qbrush.h:52[m[K,
[2.720s]                  from [01m[K/usr/include/x86_64-linux-gnu/qt5/QtGui/qpalette.h:46[m[K,
[2.720s]                  from [01m[K/usr/include/x86_64-linux-gnu/qt5/QtWidgets/qwidget.h:48[m[K,
[2.720s]                  from [01m[K/usr/include/x86_64-linux-gnu/qt5/QtWidgets/QWidget:1[m[K,
[2.720s]                  from [01m[K/home/dhruft/ws_nirmitsu/install/NodeEditor/include/nodes/internal/NodeDataModel.hpp:4[m[K,
[2.720s]                  from [01m[K/home/dhruft/ws_nirmitsu/install/NodeEditor/include/nodes/NodeDataModel:1[m[K,
[2.721s]                  from [01m[K/home/dhruft/ws_nirmitsu/src/nirmitsu-ros2/nirmitsu_ros2_flowgraph/src/inputs/Joystick.hpp:23[m[K,
[2.721s]                  from [01m[K/home/dhruft/ws_nirmitsu/src/nirmitsu-ros2/nirmitsu_ros2_flowgraph/src/inputs/Joystick.cpp:18[m[K:
[2.721s] [01m[K/usr/include/c++/11/bits/shared_ptr.h:160:9:[m[K [01;36m[Knote: [m[Kcandidate: ‘[01m[Ktemplate<class _Yp, class> std::shared_ptr<_Tp>::shared_ptr(_Yp*) [with _Yp = _Yp; <template-parameter-2-2> = <template-parameter-1-2>; _Tp = Pos][m[K’
[2.721s]   160 |         [01;36m[Kshared_ptr[m[K(_Yp* __p) : __shared_ptr<_Tp>(__p) { }
[2.721s]       |         [01;36m[K^~~~~~~~~~[m[K
[2.721s] [01m[K/usr/include/c++/11/bits/shared_ptr.h:160:9:[m[K [01;36m[Knote: [m[K  template argument deduction/substitution failed:
[2.721s] [01m[K/home/dhruft/ws_nirmitsu/src/nirmitsu-ros2/nirmitsu_ros2_flowgraph/src/inputs/Joystick.cpp:25:3:[m[K [01;36m[Knote: [m[K  mismatched types ‘[01m[K_Yp*[m[K’ and ‘[01m[KPosType[m[K’
[2.722s]    25 |   [01;36m[K_position(PosType(0,0))[m[K
[2.722s]       |   [01;36m[K^~~~~~~~~~~~~~~~~~~~~~~[m[K
[2.722s] In file included from [01m[K/usr/include/c++/11/memory:77[m[K,
[2.722s]                  from [01m[K/usr/include/x86_64-linux-gnu/qt5/QtCore/qsharedpointer_impl.h:71[m[K,
[2.722s]                  from [01m[K/usr/include/x86_64-linux-gnu/qt5/QtCore/qsharedpointer.h:48[m[K,
[2.722s]                  from [01m[K/usr/include/x86_64-linux-gnu/qt5/QtGui/qpixmap.h:48[m[K,
[2.722s]                  from [01m[K/usr/include/x86_64-linux-gnu/qt5/QtGui/qbrush.h:52[m[K,
[2.722s]                  from [01m[K/usr/include/x86_64-linux-gnu/qt5/QtGui/qpalette.h:46[m[K,
[2.723s]                  from [01m[K/usr/include/x86_64-linux-gnu/qt5/QtWidgets/qwidget.h:48[m[K,
[2.723s]                  from [01m[K/usr/include/x86_64-linux-gnu/qt5/QtWidgets/QWidget:1[m[K,
[2.723s]                  from [01m[K/home/dhruft/ws_nirmitsu/install/NodeEditor/include/nodes/internal/NodeDataModel.hpp:4[m[K,
[2.723s]                  from [01m[K/home/dhruft/ws_nirmitsu/install/NodeEditor/include/nodes/NodeDataModel:1[m[K,
[2.723s]                  from [01m[K/home/dhruft/ws_nirmitsu/src/nirmitsu-ros2/nirmitsu_ros2_flowgraph/src/inputs/Joystick.hpp:23[m[K,
[2.723s]                  from [01m[K/home/dhruft/ws_nirmitsu/src/nirmitsu-ros2/nirmitsu_ros2_flowgraph/src/inputs/Joystick.cpp:18[m[K:
[2.723s] [01m[K/usr/include/c++/11/bits/shared_ptr.h:417:7:[m[K [01;36m[Knote: [m[Kcandidate: ‘[01m[Kstd::shared_ptr<_Tp>::shared_ptr(const std::weak_ptr<_Tp>&, std::nothrow_t) [with _Tp = Pos][m[K’
[2.724s]   417 |       [01;36m[Kshared_ptr[m[K(const weak_ptr<_Tp>& __r, std::nothrow_t) noexcept
[2.724s]       |       [01;36m[K^~~~~~~~~~[m[K
[2.724s] [01m[K/usr/include/c++/11/bits/shared_ptr.h:417:7:[m[K [01;36m[Knote: [m[K  candidate expects 2 arguments, 1 provided
[2.724s] [01m[K/usr/include/c++/11/bits/shared_ptr.h:357:17:[m[K [01;36m[Knote: [m[Kcandidate: ‘[01m[Kconstexpr std::shared_ptr<_Tp>::shared_ptr(std::nullptr_t) [with _Tp = Pos; std::nullptr_t = std::nullptr_t][m[K’
[2.724s]   357 |       constexpr [01;36m[Kshared_ptr[m[K(nullptr_t) noexcept : shared_ptr() { }
[2.724s]       |                 [01;36m[K^~~~~~~~~~[m[K
[2.724s] [01m[K/usr/include/c++/11/bits/shared_ptr.h:357:28:[m[K [01;36m[Knote: [m[K  no known conversion for argument 1 from ‘[01m[KPosType[m[K’ to ‘[01m[Kstd::nullptr_t[m[K’
[2.724s]   357 |       constexpr shared_ptr([01;36m[Knullptr_t[m[K) noexcept : shared_ptr() { }
[2.725s]       |                            [01;36m[K^~~~~~~~~[m[K
[2.725s] [01m[K/usr/include/c++/11/bits/shared_ptr.h:304:7:[m[K [01;36m[Knote: [m[Kcandidate: ‘[01m[Kstd::shared_ptr<_Tp>::shared_ptr(std::shared_ptr<_Tp>&&) [with _Tp = Pos][m[K’
[2.725s]   304 |       [01;36m[Kshared_ptr[m[K(shared_ptr&& __r) noexcept
[2.725s]       |       [01;36m[K^~~~~~~~~~[m[K
[2.725s] [01m[K/usr/include/c++/11/bits/shared_ptr.h:304:31:[m[K [01;36m[Knote: [m[K  no known conversion for argument 1 from ‘[01m[KPosType[m[K’ to ‘[01m[Kstd::shared_ptr<Pos>&&[m[K’
[2.725s]   304 |       shared_ptr([01;36m[Kshared_ptr&& __r[m[K) noexcept
[2.725s]       |                  [01;36m[K~~~~~~~~~~~~~^~~[m[K
[2.725s] [01m[K/usr/include/c++/11/bits/shared_ptr.h:150:7:[m[K [01;36m[Knote: [m[Kcandidate: ‘[01m[Kstd::shared_ptr<_Tp>::shared_ptr(const std::shared_ptr<_Tp>&) [with _Tp = Pos][m[K’
[2.726s]   150 |       [01;36m[Kshared_ptr[m[K(const shared_ptr&) noexcept = default; ///< Copy constructor
[2.726s]       |       [01;36m[K^~~~~~~~~~[m[K
[2.726s] [01m[K/usr/include/c++/11/bits/shared_ptr.h:150:18:[m[K [01;36m[Knote: [m[K  no known conversion for argument 1 from ‘[01m[KPosType[m[K’ to ‘[01m[Kconst std::shared_ptr<Pos>&[m[K’
[2.726s]   150 |       shared_ptr([01;36m[Kconst shared_ptr&[m[K) noexcept = default; ///< Copy constructor
[2.726s]       |                  [01;36m[K^~~~~~~~~~~~~~~~~[m[K
[2.726s] [01m[K/usr/include/c++/11/bits/shared_ptr.h:148:17:[m[K [01;36m[Knote: [m[Kcandidate: ‘[01m[Kconstexpr std::shared_ptr<_Tp>::shared_ptr() [with _Tp = Pos][m[K’
[2.726s]   148 |       constexpr [01;36m[Kshared_ptr[m[K() noexcept : __shared_ptr<_Tp>() { }
[2.726s]       |                 [01;36m[K^~~~~~~~~~[m[K
[2.726s] [01m[K/usr/include/c++/11/bits/shared_ptr.h:148:17:[m[K [01;36m[Knote: [m[K  candidate expects 0 arguments, 1 provided
[3.081s] gmake[2]: *** [CMakeFiles/nirmitsu.dir/build.make:188: CMakeFiles/nirmitsu.dir/src/inputs/Joystick.cpp.o] Error 1
[3.081s] gmake[1]: *** [CMakeFiles/Makefile2:138: CMakeFiles/nirmitsu.dir/all] Error 2
[3.082s] gmake: *** [Makefile:146: all] Error 2
[3.085s] Invoked command in '/home/dhruft/ws_nirmitsu/build/nirmitsu_ros2_flowgraph' returned '2': CMAKE_PREFIX_PATH=/home/dhruft/ws_nirmitsu/install/NodeEditor:/home/dhruft/ws_nirmitsu/install/nirmitsu_ros2_flowgraph:/opt/ros/humble /usr/bin/cmake --build /home/dhruft/ws_nirmitsu/build/nirmitsu_ros2_flowgraph -- -j16 -l16
