[  5%] [34m[1mAutomatic MOC and UIC for target nirmitsu[0m
[  5%] Built target nirmitsu_autogen
[35m[1mConsolidate compiler generated dependencies of target nirmitsu[0m
[ 11%] [32mBuilding CXX object CMakeFiles/nirmitsu.dir/src/datatypes/Pos.cpp.o[0m
[ 16%] [32mBuilding CXX object CMakeFiles/nirmitsu.dir/src/inputs/Joystick.cpp.o[0m
[01m[K/home/dhruft/ws_nirmitsu/src/nirmitsu-ros2/nirmitsu_ros2_flowgraph/src/datatypes/Pos.cpp:[m[K In member function ‘[01m[Kvirtual QString Pos::to_string() const[m[K’:
[01m[K/home/dhruft/ws_nirmitsu/src/nirmitsu-ros2/nirmitsu_ros2_flowgraph/src/datatypes/Pos.cpp:56:18:[m[K [01;31m[Kerror: [m[Kexpected ‘[01m[K;[m[K’ before ‘[01m[Kreturn[m[K’
   56 |   return "yomama"
      |                  [01;31m[K^[m[K
      |                  [32m[K;[m[K
   57 |   [32m[Kreturn[m[K QStringLiteral("X Pos: %1\nY Pos: %2")
      |   [32m[K~~~~~~[m[K          
gmake[2]: *** [CMakeFiles/nirmitsu.dir/build.make:146: CMakeFiles/nirmitsu.dir/src/datatypes/Pos.cpp.o] Error 1
gmake[2]: *** Waiting for unfinished jobs....
In file included from [01m[K/home/dhruft/ws_nirmitsu/src/nirmitsu-ros2/nirmitsu_ros2_flowgraph/src/inputs/Joystick.cpp:18[m[K:
[01m[K/home/dhruft/ws_nirmitsu/src/nirmitsu-ros2/nirmitsu_ros2_flowgraph/src/inputs/Joystick.hpp:[m[K In member function ‘[01m[Kvirtual void Joystick::setInData(std::shared_ptr<QtNodes::NodeData>, int)[m[K’:
[01m[K/home/dhruft/ws_nirmitsu/src/nirmitsu-ros2/nirmitsu_ros2_flowgraph/src/inputs/Joystick.hpp:75:39:[m[K [01;35m[Kwarning: [m[Kunused parameter ‘[01m[Kdata[m[K’ [[01;35m[K]8;;https://gcc.gnu.org/onlinedocs/gcc/Warning-Options.html#index-Wunused-parameter-Wunused-parameter]8;;[m[K]
   75 |   setInData([01;35m[Kstd::shared_ptr<NodeData> data[m[K, int) override
      |             [01;35m[K~~~~~~~~~~~~~~~~~~~~~~~~~~^~~~[m[K
gmake[1]: *** [CMakeFiles/Makefile2:138: CMakeFiles/nirmitsu.dir/all] Error 2
gmake: *** [Makefile:146: all] Error 2
