[0.012s] Invoking command in '/home/dhruft/ws_nirmitsu/build/nirmitsu_ros2_flowgraph': CMAKE_PREFIX_PATH=/home/dhruft/ws_nirmitsu/install/NodeEditor:/home/dhruft/ws_nirmitsu/install/nirmitsu_ros2_flowgraph:/opt/ros/humble LD_LIBRARY_PATH=/home/dhruft/ws_nirmitsu/install/NodeEditor/lib:/opt/ros/humble/opt/rviz_ogre_vendor/lib:/opt/ros/humble/lib/x86_64-linux-gnu:/opt/ros/humble/lib /usr/bin/cmake --build /home/dhruft/ws_nirmitsu/build/nirmitsu_ros2_flowgraph -- -j16 -l16
[0.081s] [  5%] [34m[1mAutomatic MOC and UIC for target nirmitsu[0m
[0.123s] [  5%] Built target nirmitsu_autogen
[0.152s] [35m[1mConsolidate compiler generated dependencies of target nirmitsu[0m
[0.197s] [100%] Built target nirmitsu
[0.210s] Invoked command in '/home/dhruft/ws_nirmitsu/build/nirmitsu_ros2_flowgraph' returned '0': CMAKE_PREFIX_PATH=/home/dhruft/ws_nirmitsu/install/NodeEditor:/home/dhruft/ws_nirmitsu/install/nirmitsu_ros2_flowgraph:/opt/ros/humble LD_LIBRARY_PATH=/home/dhruft/ws_nirmitsu/install/NodeEditor/lib:/opt/ros/humble/opt/rviz_ogre_vendor/lib:/opt/ros/humble/lib/x86_64-linux-gnu:/opt/ros/humble/lib /usr/bin/cmake --build /home/dhruft/ws_nirmitsu/build/nirmitsu_ros2_flowgraph -- -j16 -l16
[0.259s] Invoking command in '/home/dhruft/ws_nirmitsu/build/nirmitsu_ros2_flowgraph': CMAKE_PREFIX_PATH=/home/dhruft/ws_nirmitsu/install/NodeEditor:/home/dhruft/ws_nirmitsu/install/nirmitsu_ros2_flowgraph:/opt/ros/humble LD_LIBRARY_PATH=/home/dhruft/ws_nirmitsu/install/NodeEditor/lib:/opt/ros/humble/opt/rviz_ogre_vendor/lib:/opt/ros/humble/lib/x86_64-linux-gnu:/opt/ros/humble/lib /usr/bin/cmake --install /home/dhruft/ws_nirmitsu/build/nirmitsu_ros2_flowgraph
[0.269s] -- Install configuration: ""
[0.269s] -- Up-to-date: /home/dhruft/ws_nirmitsu/install/nirmitsu_ros2_flowgraph/lib/nirmitsu_ros2_flowgraph/nirmitsu
[0.269s] -- Up-to-date: /home/dhruft/ws_nirmitsu/install/nirmitsu_ros2_flowgraph/share/ament_index/resource_index/package_run_dependencies/nirmitsu_ros2_flowgraph
[0.269s] -- Up-to-date: /home/dhruft/ws_nirmitsu/install/nirmitsu_ros2_flowgraph/share/ament_index/resource_index/parent_prefix_path/nirmitsu_ros2_flowgraph
[0.270s] -- Up-to-date: /home/dhruft/ws_nirmitsu/install/nirmitsu_ros2_flowgraph/share/nirmitsu_ros2_flowgraph/environment/ament_prefix_path.sh
[0.270s] -- Up-to-date: /home/dhruft/ws_nirmitsu/install/nirmitsu_ros2_flowgraph/share/nirmitsu_ros2_flowgraph/environment/ament_prefix_path.dsv
[0.270s] -- Up-to-date: /home/dhruft/ws_nirmitsu/install/nirmitsu_ros2_flowgraph/share/nirmitsu_ros2_flowgraph/environment/path.sh
[0.270s] -- Up-to-date: /home/dhruft/ws_nirmitsu/install/nirmitsu_ros2_flowgraph/share/nirmitsu_ros2_flowgraph/environment/path.dsv
[0.270s] -- Up-to-date: /home/dhruft/ws_nirmitsu/install/nirmitsu_ros2_flowgraph/share/nirmitsu_ros2_flowgraph/local_setup.bash
[0.270s] -- Up-to-date: /home/dhruft/ws_nirmitsu/install/nirmitsu_ros2_flowgraph/share/nirmitsu_ros2_flowgraph/local_setup.sh
[0.270s] -- Up-to-date: /home/dhruft/ws_nirmitsu/install/nirmitsu_ros2_flowgraph/share/nirmitsu_ros2_flowgraph/local_setup.zsh
[0.271s] -- Up-to-date: /home/dhruft/ws_nirmitsu/install/nirmitsu_ros2_flowgraph/share/nirmitsu_ros2_flowgraph/local_setup.dsv
[0.271s] -- Installing: /home/dhruft/ws_nirmitsu/install/nirmitsu_ros2_flowgraph/share/nirmitsu_ros2_flowgraph/package.dsv
[0.271s] -- Up-to-date: /home/dhruft/ws_nirmitsu/install/nirmitsu_ros2_flowgraph/share/ament_index/resource_index/packages/nirmitsu_ros2_flowgraph
[0.271s] -- Up-to-date: /home/dhruft/ws_nirmitsu/install/nirmitsu_ros2_flowgraph/share/nirmitsu_ros2_flowgraph/cmake/nirmitsu_ros2_flowgraphConfig.cmake
[0.271s] -- Up-to-date: /home/dhruft/ws_nirmitsu/install/nirmitsu_ros2_flowgraph/share/nirmitsu_ros2_flowgraph/cmake/nirmitsu_ros2_flowgraphConfig-version.cmake
[0.271s] -- Up-to-date: /home/dhruft/ws_nirmitsu/install/nirmitsu_ros2_flowgraph/share/nirmitsu_ros2_flowgraph/package.xml
[0.277s] Invoked command in '/home/dhruft/ws_nirmitsu/build/nirmitsu_ros2_flowgraph' returned '0': CMAKE_PREFIX_PATH=/home/dhruft/ws_nirmitsu/install/NodeEditor:/home/dhruft/ws_nirmitsu/install/nirmitsu_ros2_flowgraph:/opt/ros/humble LD_LIBRARY_PATH=/home/dhruft/ws_nirmitsu/install/NodeEditor/lib:/opt/ros/humble/opt/rviz_ogre_vendor/lib:/opt/ros/humble/lib/x86_64-linux-gnu:/opt/ros/humble/lib /usr/bin/cmake --install /home/dhruft/ws_nirmitsu/build/nirmitsu_ros2_flowgraph
