[0.008s] Invoking command in '/home/dhruft/ws_nirmitsu/build/nirmitsu_ros2_flowgraph': CMAKE_PREFIX_PATH=/home/dhruft/ws_nirmitsu/install/NodeEditor:/home/dhruft/ws_nirmitsu/install/nirmitsu_ros2_flowgraph:/opt/ros/humble /usr/bin/cmake --build /home/dhruft/ws_nirmitsu/build/nirmitsu_ros2_flowgraph -- -j16 -l16
[0.047s] [  5%] [34m[1mAutomatic MOC and UIC for target nirmitsu[0m
[0.068s] [  5%] Built target nirmitsu_autogen
[0.084s] [35m[1mConsolidate compiler generated dependencies of target nirmitsu[0m
[0.116s] [ 11%] [32mBuilding CXX object CMakeFiles/nirmitsu.dir/src/inputs/Joystick.cpp.o[0m
[2.072s] In file included from [01m[K/home/dhruft/ws_nirmitsu/src/nirmitsu-ros2/nirmitsu_ros2_flowgraph/src/inputs/Joystick.cpp:18[m[K:
[2.072s] [01m[K/home/dhruft/ws_nirmitsu/src/nirmitsu-ros2/nirmitsu_ros2_flowgraph/src/inputs/Joystick.hpp:[m[K In member function ‘[01m[Kvirtual void Joystick::setInData(std::shared_ptr<QtNodes::NodeData>, int)[m[K’:
[2.072s] [01m[K/home/dhruft/ws_nirmitsu/src/nirmitsu-ros2/nirmitsu_ros2_flowgraph/src/inputs/Joystick.hpp:75:39:[m[K [01;35m[Kwarning: [m[Kunused parameter ‘[01m[Kdata[m[K’ [[01;35m[K]8;;https://gcc.gnu.org/onlinedocs/gcc/Warning-Options.html#index-Wunused-parameter-Wunused-parameter]8;;[m[K]
[2.072s]    75 |   setInData([01;35m[Kstd::shared_ptr<NodeData> data[m[K, int) override
[2.073s]       |             [01;35m[K~~~~~~~~~~~~~~~~~~~~~~~~~~^~~~[m[K
[2.075s] [01m[K/home/dhruft/ws_nirmitsu/src/nirmitsu-ros2/nirmitsu_ros2_flowgraph/src/inputs/Joystick.cpp:[m[K In member function ‘[01m[Kvoid Joystick::onMove(PosType)[m[K’:
[2.075s] [01m[K/home/dhruft/ws_nirmitsu/src/nirmitsu-ros2/nirmitsu_ros2_flowgraph/src/inputs/Joystick.cpp:74:29:[m[K [01;31m[Kerror: [m[Kexpected ‘[01m[K;[m[K’ before ‘[01m[KdataUpdated[m[K’
[2.075s]    74 |   _position->value(position)
[2.075s]       |                             [01;31m[K^[m[K
[2.075s]       |                             [32m[K;[m[K
[2.075s] ......
[2.075s]    77 |   Q_EMIT [32m[KdataUpdated[m[K(0);
[2.076s]       |          [32m[K~~~~~~~~~~~[m[K         
[2.384s] gmake[2]: *** [CMakeFiles/nirmitsu.dir/build.make:188: CMakeFiles/nirmitsu.dir/src/inputs/Joystick.cpp.o] Error 1
[2.385s] gmake[1]: *** [CMakeFiles/Makefile2:138: CMakeFiles/nirmitsu.dir/all] Error 2
[2.385s] gmake: *** [Makefile:146: all] Error 2
[2.387s] Invoked command in '/home/dhruft/ws_nirmitsu/build/nirmitsu_ros2_flowgraph' returned '2': CMAKE_PREFIX_PATH=/home/dhruft/ws_nirmitsu/install/NodeEditor:/home/dhruft/ws_nirmitsu/install/nirmitsu_ros2_flowgraph:/opt/ros/humble /usr/bin/cmake --build /home/dhruft/ws_nirmitsu/build/nirmitsu_ros2_flowgraph -- -j16 -l16
