[0.008s] Invoking command in '/home/dhruft/ws_nirmitsu/build/nirmitsu_ros2_flowgraph': CMAKE_PREFIX_PATH=/home/dhruft/ws_nirmitsu/install/NodeEditor:/home/dhruft/ws_nirmitsu/install/nirmitsu_ros2_flowgraph:/opt/ros/humble /usr/bin/cmake --build /home/dhruft/ws_nirmitsu/build/nirmitsu_ros2_flowgraph -- -j16 -l16
[0.058s] [  5%] [34m[1mAutomatic MOC and UIC for target nirmitsu[0m
[0.082s] [  5%] Built target nirmitsu_autogen
[0.104s] [35m[1mConsolidate compiler generated dependencies of target nirmitsu[0m
[0.141s] [ 11%] [32mBuilding CXX object CMakeFiles/nirmitsu.dir/src/inputs/Joystick.cpp.o[0m
[2.342s] In file included from [01m[K/home/dhruft/ws_nirmitsu/src/nirmitsu-ros2/nirmitsu_ros2_flowgraph/src/inputs/Joystick.cpp:18[m[K:
[2.342s] [01m[K/home/dhruft/ws_nirmitsu/src/nirmitsu-ros2/nirmitsu_ros2_flowgraph/src/inputs/Joystick.hpp:[m[K In member function ‘[01m[Kvirtual void Joystick::setInData(std::shared_ptr<QtNodes::NodeData>, int)[m[K’:
[2.343s] [01m[K/home/dhruft/ws_nirmitsu/src/nirmitsu-ros2/nirmitsu_ros2_flowgraph/src/inputs/Joystick.hpp:75:39:[m[K [01;35m[Kwarning: [m[Kunused parameter ‘[01m[Kdata[m[K’ [[01;35m[K]8;;https://gcc.gnu.org/onlinedocs/gcc/Warning-Options.html#index-Wunused-parameter-Wunused-parameter]8;;[m[K]
[2.343s]    75 |   setInData([01;35m[Kstd::shared_ptr<NodeData> data[m[K, int) override
[2.343s]       |             [01;35m[K~~~~~~~~~~~~~~~~~~~~~~~~~~^~~~[m[K
[2.348s] [01m[K/home/dhruft/ws_nirmitsu/src/nirmitsu-ros2/nirmitsu_ros2_flowgraph/src/inputs/Joystick.cpp:[m[K In function ‘[01m[Kvoid initpos()[m[K’:
[2.348s] [01m[K/home/dhruft/ws_nirmitsu/src/nirmitsu-ros2/nirmitsu_ros2_flowgraph/src/inputs/Joystick.cpp:23:3:[m[K [01;31m[Kerror: [m[K‘[01m[KonMove[m[K’ was not declared in this scope; did you mean ‘[01m[KqMove[m[K’?
[2.348s]    23 |   [01;31m[KonMove[m[K(PosType(
[2.348s]       |   [01;31m[K^~~~~~[m[K
[2.348s]       |   [32m[KqMove[m[K
[2.349s] [01m[K/home/dhruft/ws_nirmitsu/src/nirmitsu-ros2/nirmitsu_ros2_flowgraph/src/inputs/Joystick.cpp:[m[K In constructor ‘[01m[KJoystick::Joystick()[m[K’:
[2.349s] [01m[K/home/dhruft/ws_nirmitsu/src/nirmitsu-ros2/nirmitsu_ros2_flowgraph/src/inputs/Joystick.cpp:31:3:[m[K [01;31m[Kerror: [m[Kclass ‘[01m[KJoystick[m[K’ does not have any field named ‘[01m[Kinitpos[m[K’
[2.349s]    31 |   [01;31m[Kinitpos[m[K()
[2.349s]       |   [01;31m[K^~~~~~~[m[K
[2.646s] gmake[2]: *** [CMakeFiles/nirmitsu.dir/build.make:188: CMakeFiles/nirmitsu.dir/src/inputs/Joystick.cpp.o] Error 1
[2.647s] gmake[1]: *** [CMakeFiles/Makefile2:138: CMakeFiles/nirmitsu.dir/all] Error 2
[2.647s] gmake: *** [Makefile:146: all] Error 2
[2.650s] Invoked command in '/home/dhruft/ws_nirmitsu/build/nirmitsu_ros2_flowgraph' returned '2': CMAKE_PREFIX_PATH=/home/dhruft/ws_nirmitsu/install/NodeEditor:/home/dhruft/ws_nirmitsu/install/nirmitsu_ros2_flowgraph:/opt/ros/humble /usr/bin/cmake --build /home/dhruft/ws_nirmitsu/build/nirmitsu_ros2_flowgraph -- -j16 -l16
