[0.006s] Invoking command in '/home/dhruft/ws_nirmitsu/build/nirmitsu_ros2_flowgraph': CMAKE_PREFIX_PATH=/home/dhruft/ws_nirmitsu/install/NodeEditor:/opt/ros/humble LD_LIBRARY_PATH=/home/dhruft/ws_nirmitsu/install/NodeEditor/lib:${LD_LIBRARY_PATH} /usr/bin/cmake --build /home/dhruft/ws_nirmitsu/build/nirmitsu_ros2_flowgraph -- -j16 -l16
[0.042s] [  5%] [34m[1mAutomatic MOC and UIC for target nirmitsu[0m
[0.061s] [  5%] Built target nirmitsu_autogen
[0.077s] [35m[1mConsolidate compiler generated dependencies of target nirmitsu[0m
[0.105s] [ 11%] [32mBuilding CXX object CMakeFiles/nirmitsu.dir/nirmitsu_autogen/mocs_compilation.cpp.o[0m
[0.105s] [ 16%] [32mBuilding CXX object CMakeFiles/nirmitsu.dir/src/CustomWidgets/JoystickWidget.cpp.o[0m
[0.105s] [ 22%] [32mBuilding CXX object CMakeFiles/nirmitsu.dir/src/inputs/Joystick.cpp.o[0m
[0.106s] [ 27%] [32mBuilding CXX object CMakeFiles/nirmitsu.dir/src/main.cpp.o[0m
[1.046s] [01m[K/home/dhruft/ws_nirmitsu/src/nirmitsu-ros2/nirmitsu_ros2_flowgraph/src/CustomWidgets/JoystickWidget.cpp:7:1:[m[K [01;31m[Kerror: [m[K‘[01m[KJoystickWidget[m[K’ does not name a type
[1.046s]     7 | [01;31m[KJoystickWidget[m[K::JoystickWidget(QWidget *parent)
[1.046s]       | [01;31m[K^~~~~~~~~~~~~~[m[K
[1.046s] [01m[K/home/dhruft/ws_nirmitsu/src/nirmitsu-ros2/nirmitsu_ros2_flowgraph/src/CustomWidgets/JoystickWidget.cpp:28:6:[m[K [01;31m[Kerror: [m[K‘[01m[KJoystickWidget[m[K’ has not been declared
[1.046s]    28 | void [01;31m[KJoystickWidget[m[K::moveJoystick(Pos position)
[1.047s]       |      [01;31m[K^~~~~~~~~~~~~~[m[K
[1.047s] [01m[K/home/dhruft/ws_nirmitsu/src/nirmitsu-ros2/nirmitsu_ros2_flowgraph/src/CustomWidgets/JoystickWidget.cpp:28:6:[m[K [01;31m[Kerror: [m[Kvariable or field ‘[01m[KmoveJoystick[m[K’ declared void
[1.048s] [01m[K/home/dhruft/ws_nirmitsu/src/nirmitsu-ros2/nirmitsu_ros2_flowgraph/src/CustomWidgets/JoystickWidget.cpp:28:35:[m[K [01;31m[Kerror: [m[K‘[01m[KPos[m[K’ was not declared in this scope
[1.048s]    28 | void JoystickWidget::moveJoystick([01;31m[KPos[m[K position)
[1.049s]       |                                   [01;31m[K^~~[m[K
[1.158s] gmake[2]: *** [CMakeFiles/nirmitsu.dir/build.make:90: CMakeFiles/nirmitsu.dir/src/CustomWidgets/JoystickWidget.cpp.o] Error 1
[1.158s] gmake[2]: *** Waiting for unfinished jobs....
[1.241s] gmake[2]: *** [CMakeFiles/nirmitsu.dir/build.make:76: CMakeFiles/nirmitsu.dir/nirmitsu_autogen/mocs_compilation.cpp.o] Interrupt
[1.241s] gmake[2]: *** [CMakeFiles/nirmitsu.dir/build.make:244: CMakeFiles/nirmitsu.dir/src/main.cpp.o] Interrupt
[1.241s] gmake[2]: *** [CMakeFiles/nirmitsu.dir/build.make:188: CMakeFiles/nirmitsu.dir/src/inputs/Joystick.cpp.o] Interrupt
[1.242s] gmake[1]: *** [CMakeFiles/Makefile2:138: CMakeFiles/nirmitsu.dir/all] Interrupt
[1.242s] gmake: *** [Makefile:146: all] Interrupt
[1.253s] Invoked command in '/home/dhruft/ws_nirmitsu/build/nirmitsu_ros2_flowgraph' returned '-2': CMAKE_PREFIX_PATH=/home/dhruft/ws_nirmitsu/install/NodeEditor:/opt/ros/humble LD_LIBRARY_PATH=/home/dhruft/ws_nirmitsu/install/NodeEditor/lib:${LD_LIBRARY_PATH} /usr/bin/cmake --build /home/dhruft/ws_nirmitsu/build/nirmitsu_ros2_flowgraph -- -j16 -l16
