[0.014s] Invoking command in '/home/dhruft/ws_nirmitsu/build/NodeEditor': /usr/bin/cmake --build /home/dhruft/ws_nirmitsu/build/NodeEditor -- -j16 -l16
[0.065s] [  1%] [34m[1mAutomatic MOC for target nodes[0m
[0.084s] [  1%] Built target nodes_autogen
[0.137s] [ 68%] Built target nodes
[0.161s] [ 70%] [34m[1mAutomatic MOC for target connection_colors[0m
[0.162s] [ 74%] [34m[1mAutomatic MOC for target calculator[0m
[0.162s] [ 74%] [34m[1mAutomatic MOC for target example2[0m
[0.162s] [ 74%] [34m[1mAutomatic MOC for target test_nodes[0m
[0.162s] [ 74%] [34m[1mAutomatic MOC for target styles[0m
[0.162s] [ 74%] [34m[1mAutomatic MOC for target images[0m
[0.185s] [ 74%] Built target calculator_autogen
[0.185s] [ 74%] Built target connection_colors_autogen
[0.186s] [ 74%] Built target test_nodes_autogen
[0.186s] [ 74%] Built target example2_autogen
[0.186s] [ 74%] Built target images_autogen
[0.186s] [ 74%] Built target styles_autogen
[0.213s] [ 77%] Built target connection_colors
[0.215s] [ 83%] Built target calculator
[0.216s] [ 89%] Built target test_nodes
[0.240s] [ 96%] Built target styles
[0.240s] [ 96%] Built target example2
[0.243s] [100%] Built target images
[0.256s] Invoked command in '/home/dhruft/ws_nirmitsu/build/NodeEditor' returned '0': /usr/bin/cmake --build /home/dhruft/ws_nirmitsu/build/NodeEditor -- -j16 -l16
[0.370s] Invoking command in '/home/dhruft/ws_nirmitsu/build/NodeEditor': /usr/bin/cmake --install /home/dhruft/ws_nirmitsu/build/NodeEditor
[0.378s] -- Install configuration: ""
[0.378s] -- Up-to-date: /home/dhruft/ws_nirmitsu/install/NodeEditor/lib/libnodes.so
[0.378s] -- Up-to-date: /home/dhruft/ws_nirmitsu/install/NodeEditor/include
[0.379s] -- Up-to-date: /home/dhruft/ws_nirmitsu/install/NodeEditor/include/nodes
[0.379s] -- Up-to-date: /home/dhruft/ws_nirmitsu/install/NodeEditor/include/nodes/FlowScene
[0.379s] -- Up-to-date: /home/dhruft/ws_nirmitsu/install/NodeEditor/include/nodes/Connection
[0.379s] -- Up-to-date: /home/dhruft/ws_nirmitsu/install/NodeEditor/include/nodes/ConnectionStyle
[0.379s] -- Up-to-date: /home/dhruft/ws_nirmitsu/install/NodeEditor/include/nodes/NodeGeometry
[0.379s] -- Up-to-date: /home/dhruft/ws_nirmitsu/install/NodeEditor/include/nodes/NodeData
[0.379s] -- Up-to-date: /home/dhruft/ws_nirmitsu/install/NodeEditor/include/nodes/NodeStyle
[0.379s] -- Up-to-date: /home/dhruft/ws_nirmitsu/install/NodeEditor/include/nodes/NodeState
[0.380s] -- Up-to-date: /home/dhruft/ws_nirmitsu/install/NodeEditor/include/nodes/FlowViewStyle
[0.380s] -- Up-to-date: /home/dhruft/ws_nirmitsu/install/NodeEditor/include/nodes/TypeConverter
[0.380s] -- Up-to-date: /home/dhruft/ws_nirmitsu/install/NodeEditor/include/nodes/FlowView
[0.380s] -- Up-to-date: /home/dhruft/ws_nirmitsu/install/NodeEditor/include/nodes/DataModelRegistry
[0.380s] -- Up-to-date: /home/dhruft/ws_nirmitsu/install/NodeEditor/include/nodes/NodePainterDelegate
[0.380s] -- Up-to-date: /home/dhruft/ws_nirmitsu/install/NodeEditor/include/nodes/NodeDataModel
[0.380s] -- Up-to-date: /home/dhruft/ws_nirmitsu/install/NodeEditor/include/nodes/StyleCollection
[0.380s] -- Up-to-date: /home/dhruft/ws_nirmitsu/install/NodeEditor/include/nodes/Node
[0.380s] -- Up-to-date: /home/dhruft/ws_nirmitsu/install/NodeEditor/include/nodes/internal
[0.381s] -- Up-to-date: /home/dhruft/ws_nirmitsu/install/NodeEditor/include/nodes/internal/Node.hpp
[0.381s] -- Up-to-date: /home/dhruft/ws_nirmitsu/install/NodeEditor/include/nodes/internal/Export.hpp
[0.381s] -- Up-to-date: /home/dhruft/ws_nirmitsu/install/NodeEditor/include/nodes/internal/Serializable.hpp
[0.381s] -- Up-to-date: /home/dhruft/ws_nirmitsu/install/NodeEditor/include/nodes/internal/ConnectionGeometry.hpp
[0.381s] -- Up-to-date: /home/dhruft/ws_nirmitsu/install/NodeEditor/include/nodes/internal/PortType.hpp
[0.381s] -- Up-to-date: /home/dhruft/ws_nirmitsu/install/NodeEditor/include/nodes/internal/NodeState.hpp
[0.381s] -- Up-to-date: /home/dhruft/ws_nirmitsu/install/NodeEditor/include/nodes/internal/NodeDataModel.hpp
[0.381s] -- Up-to-date: /home/dhruft/ws_nirmitsu/install/NodeEditor/include/nodes/internal/memory.hpp
[0.381s] -- Up-to-date: /home/dhruft/ws_nirmitsu/install/NodeEditor/include/nodes/internal/QUuidStdHash.hpp
[0.382s] -- Up-to-date: /home/dhruft/ws_nirmitsu/install/NodeEditor/include/nodes/internal/ConnectionStyle.hpp
[0.382s] -- Up-to-date: /home/dhruft/ws_nirmitsu/install/NodeEditor/include/nodes/internal/NodeGeometry.hpp
[0.382s] -- Up-to-date: /home/dhruft/ws_nirmitsu/install/NodeEditor/include/nodes/internal/TypeConverter.hpp
[0.382s] -- Up-to-date: /home/dhruft/ws_nirmitsu/install/NodeEditor/include/nodes/internal/NodePainterDelegate.hpp
[0.382s] -- Up-to-date: /home/dhruft/ws_nirmitsu/install/NodeEditor/include/nodes/internal/FlowViewStyle.hpp
[0.382s] -- Up-to-date: /home/dhruft/ws_nirmitsu/install/NodeEditor/include/nodes/internal/DataModelRegistry.hpp
[0.382s] -- Up-to-date: /home/dhruft/ws_nirmitsu/install/NodeEditor/include/nodes/internal/NodeStyle.hpp
[0.382s] -- Up-to-date: /home/dhruft/ws_nirmitsu/install/NodeEditor/include/nodes/internal/NodeData.hpp
[0.382s] -- Up-to-date: /home/dhruft/ws_nirmitsu/install/NodeEditor/include/nodes/internal/OperatingSystem.hpp
[0.382s] -- Up-to-date: /home/dhruft/ws_nirmitsu/install/NodeEditor/include/nodes/internal/FlowView.hpp
[0.382s] -- Up-to-date: /home/dhruft/ws_nirmitsu/install/NodeEditor/include/nodes/internal/ConnectionGraphicsObject.hpp
[0.382s] -- Up-to-date: /home/dhruft/ws_nirmitsu/install/NodeEditor/include/nodes/internal/Compiler.hpp
[0.382s] -- Up-to-date: /home/dhruft/ws_nirmitsu/install/NodeEditor/include/nodes/internal/Style.hpp
[0.383s] -- Up-to-date: /home/dhruft/ws_nirmitsu/install/NodeEditor/include/nodes/internal/NodeGraphicsObject.hpp
[0.383s] -- Up-to-date: /home/dhruft/ws_nirmitsu/install/NodeEditor/include/nodes/internal/ConnectionState.hpp
[0.383s] -- Up-to-date: /home/dhruft/ws_nirmitsu/install/NodeEditor/include/nodes/internal/QStringStdHash.hpp
[0.383s] -- Up-to-date: /home/dhruft/ws_nirmitsu/install/NodeEditor/include/nodes/internal/StyleCollection.hpp
[0.383s] -- Up-to-date: /home/dhruft/ws_nirmitsu/install/NodeEditor/include/nodes/internal/FlowScene.hpp
[0.383s] -- Up-to-date: /home/dhruft/ws_nirmitsu/install/NodeEditor/include/nodes/internal/Connection.hpp
[0.383s] -- Up-to-date: /home/dhruft/ws_nirmitsu/install/NodeEditor/lib/cmake/NodeEditor/NodeEditorTargets.cmake
[0.383s] -- Up-to-date: /home/dhruft/ws_nirmitsu/install/NodeEditor/lib/cmake/NodeEditor/NodeEditorTargets-noconfig.cmake
[0.383s] -- Up-to-date: /home/dhruft/ws_nirmitsu/install/NodeEditor/lib/cmake/NodeEditor/NodeEditorConfig.cmake
[0.383s] -- Up-to-date: /home/dhruft/ws_nirmitsu/install/NodeEditor/lib/NodeEditor/connection_colors
[0.383s] -- Up-to-date: /home/dhruft/ws_nirmitsu/install/NodeEditor/lib/NodeEditor/example2
[0.384s] -- Up-to-date: /home/dhruft/ws_nirmitsu/install/NodeEditor/lib/NodeEditor/calculator
[0.384s] -- Up-to-date: /home/dhruft/ws_nirmitsu/install/NodeEditor/lib/NodeEditor/images
[0.384s] -- Up-to-date: /home/dhruft/ws_nirmitsu/install/NodeEditor/lib/NodeEditor/styles
[0.386s] Invoked command in '/home/dhruft/ws_nirmitsu/build/NodeEditor' returned '0': /usr/bin/cmake --install /home/dhruft/ws_nirmitsu/build/NodeEditor
