[  5%] [34m[1mAutomatic MOC and UIC for target nirmitsu[0m
[  5%] Built target nirmitsu_autogen
[35m[1mConsolidate compiler generated dependencies of target nirmitsu[0m
[ 11%] [32mBuilding CXX object CMakeFiles/nirmitsu.dir/src/inputs/Joystick.cpp.o[0m
In file included from [01m[K/home/dhruft/ws_nirmitsu/src/nirmitsu-ros2/nirmitsu_ros2_flowgraph/src/inputs/Joystick.cpp:18[m[K:
[01m[K/home/dhruft/ws_nirmitsu/src/nirmitsu-ros2/nirmitsu_ros2_flowgraph/src/inputs/Joystick.hpp:[m[K In member function ‘[01m[Kvirtual void Joystick::setInData(std::shared_ptr<QtNodes::NodeData>, int)[m[K’:
[01m[K/home/dhruft/ws_nirmitsu/src/nirmitsu-ros2/nirmitsu_ros2_flowgraph/src/inputs/Joystick.hpp:75:39:[m[K [01;35m[Kwarning: [m[Kunused parameter ‘[01m[Kdata[m[K’ [[01;35m[K]8;;https://gcc.gnu.org/onlinedocs/gcc/Warning-Options.html#index-Wunused-parameter-Wunused-parameter]8;;[m[K]
   75 |   setInData([01;35m[Kstd::shared_ptr<NodeData> data[m[K, int) override
      |             [01;35m[K~~~~~~~~~~~~~~~~~~~~~~~~~~^~~~[m[K
[01m[K/home/dhruft/ws_nirmitsu/src/nirmitsu-ros2/nirmitsu_ros2_flowgraph/src/inputs/Joystick.cpp:[m[K In constructor ‘[01m[KJoystick::Joystick()[m[K’:
[01m[K/home/dhruft/ws_nirmitsu/src/nirmitsu-ros2/nirmitsu_ros2_flowgraph/src/inputs/Joystick.cpp:25:29:[m[K [01;31m[Kerror: [m[Kno matching function for call to ‘[01m[Kmake_shared(PosType)[m[K’
   25 |   _position([01;31m[Kstd::make_shared(PosType(0,0))[m[K)
      |             [01;31m[K~~~~~~~~~~~~~~~~^~~~~~~~~~~~~~[m[K
In file included from [01m[K/usr/include/c++/11/memory:77[m[K,
                 from [01m[K/usr/include/x86_64-linux-gnu/qt5/QtCore/qsharedpointer_impl.h:71[m[K,
                 from [01m[K/usr/include/x86_64-linux-gnu/qt5/QtCore/qsharedpointer.h:48[m[K,
                 from [01m[K/usr/include/x86_64-linux-gnu/qt5/QtGui/qpixmap.h:48[m[K,
                 from [01m[K/usr/include/x86_64-linux-gnu/qt5/QtGui/qbrush.h:52[m[K,
                 from [01m[K/usr/include/x86_64-linux-gnu/qt5/QtGui/qpalette.h:46[m[K,
                 from [01m[K/usr/include/x86_64-linux-gnu/qt5/QtWidgets/qwidget.h:48[m[K,
                 from [01m[K/usr/include/x86_64-linux-gnu/qt5/QtWidgets/QWidget:1[m[K,
                 from [01m[K/home/dhruft/ws_nirmitsu/install/NodeEditor/include/nodes/internal/NodeDataModel.hpp:4[m[K,
                 from [01m[K/home/dhruft/ws_nirmitsu/install/NodeEditor/include/nodes/NodeDataModel:1[m[K,
                 from [01m[K/home/dhruft/ws_nirmitsu/src/nirmitsu-ros2/nirmitsu_ros2_flowgraph/src/inputs/Joystick.hpp:23[m[K,
                 from [01m[K/home/dhruft/ws_nirmitsu/src/nirmitsu-ros2/nirmitsu_ros2_flowgraph/src/inputs/Joystick.cpp:18[m[K:
[01m[K/usr/include/c++/11/bits/shared_ptr.h:875:5:[m[K [01;36m[Knote: [m[Kcandidate: ‘[01m[Ktemplate<class _Tp, class ... _Args> std::shared_ptr<_Tp> std::make_shared(_Args&& ...)[m[K’
  875 |     [01;36m[Kmake_shared[m[K(_Args&&... __args)
      |     [01;36m[K^~~~~~~~~~~[m[K
[01m[K/usr/include/c++/11/bits/shared_ptr.h:875:5:[m[K [01;36m[Knote: [m[K  template argument deduction/substitution failed:
[01m[K/home/dhruft/ws_nirmitsu/src/nirmitsu-ros2/nirmitsu_ros2_flowgraph/src/inputs/Joystick.cpp:25:29:[m[K [01;36m[Knote: [m[K  couldn’t deduce template parameter ‘[01m[K_Tp[m[K’
   25 |   _position([01;36m[Kstd::make_shared(PosType(0,0))[m[K)
      |             [01;36m[K~~~~~~~~~~~~~~~~^~~~~~~~~~~~~~[m[K
gmake[2]: *** [CMakeFiles/nirmitsu.dir/build.make:188: CMakeFiles/nirmitsu.dir/src/inputs/Joystick.cpp.o] Error 1
gmake[1]: *** [CMakeFiles/Makefile2:138: CMakeFiles/nirmitsu.dir/all] Error 2
gmake: *** [Makefile:146: all] Error 2
