[0.010s] Invoking command in '/home/dhruft/ws_nirmitsu/build/nirmitsu_ros2_flowgraph': CMAKE_PREFIX_PATH=/home/dhruft/ws_nirmitsu/install/NodeEditor:/home/dhruft/ws_nirmitsu/install/nirmitsu_ros2_flowgraph:/opt/ros/humble /usr/bin/cmake --build /home/dhruft/ws_nirmitsu/build/nirmitsu_ros2_flowgraph -- -j16 -l16
[0.074s] [  5%] [34m[1mAutomatic MOC and UIC for target nirmitsu[0m
[0.105s] [  5%] Built target nirmitsu_autogen
[0.133s] [35m[1mConsolidate compiler generated dependencies of target nirmitsu[0m
[0.183s] [ 11%] [32mBuilding CXX object CMakeFiles/nirmitsu.dir/src/CustomWidgets/JoystickWidget.cpp.o[0m
[0.183s] [ 16%] [32mBuilding CXX object CMakeFiles/nirmitsu.dir/src/inputs/Joystick.cpp.o[0m
[2.707s] In file included from [01m[K/home/dhruft/ws_nirmitsu/src/nirmitsu-ros2/nirmitsu_ros2_flowgraph/src/inputs/Joystick.cpp:18[m[K:
[2.707s] [01m[K/home/dhruft/ws_nirmitsu/src/nirmitsu-ros2/nirmitsu_ros2_flowgraph/src/inputs/Joystick.hpp:[m[K In member function ‘[01m[Kvirtual void Joystick::setInData(std::shared_ptr<QtNodes::NodeData>, int)[m[K’:
[2.708s] [01m[K/home/dhruft/ws_nirmitsu/src/nirmitsu-ros2/nirmitsu_ros2_flowgraph/src/inputs/Joystick.hpp:75:39:[m[K [01;35m[Kwarning: [m[Kunused parameter ‘[01m[Kdata[m[K’ [[01;35m[K]8;;https://gcc.gnu.org/onlinedocs/gcc/Warning-Options.html#index-Wunused-parameter-Wunused-parameter]8;;[m[K]
[2.708s]    75 |   setInData([01;35m[Kstd::shared_ptr<NodeData> data[m[K, int) override
[2.708s]       |             [01;35m[K~~~~~~~~~~~~~~~~~~~~~~~~~~^~~~[m[K
[3.177s] [ 22%] [32m[1mLinking CXX executable nirmitsu[0m
[4.963s] [100%] Built target nirmitsu
[4.977s] Invoked command in '/home/dhruft/ws_nirmitsu/build/nirmitsu_ros2_flowgraph' returned '0': CMAKE_PREFIX_PATH=/home/dhruft/ws_nirmitsu/install/NodeEditor:/home/dhruft/ws_nirmitsu/install/nirmitsu_ros2_flowgraph:/opt/ros/humble /usr/bin/cmake --build /home/dhruft/ws_nirmitsu/build/nirmitsu_ros2_flowgraph -- -j16 -l16
[5.024s] Invoking command in '/home/dhruft/ws_nirmitsu/build/nirmitsu_ros2_flowgraph': CMAKE_PREFIX_PATH=/home/dhruft/ws_nirmitsu/install/NodeEditor:/home/dhruft/ws_nirmitsu/install/nirmitsu_ros2_flowgraph:/opt/ros/humble /usr/bin/cmake --install /home/dhruft/ws_nirmitsu/build/nirmitsu_ros2_flowgraph
[5.030s] -- Install configuration: ""
[5.031s] -- Installing: /home/dhruft/ws_nirmitsu/install/nirmitsu_ros2_flowgraph/lib/nirmitsu_ros2_flowgraph/nirmitsu
[5.033s] -- Set runtime path of "/home/dhruft/ws_nirmitsu/install/nirmitsu_ros2_flowgraph/lib/nirmitsu_ros2_flowgraph/nirmitsu" to ""
[5.033s] -- Up-to-date: /home/dhruft/ws_nirmitsu/install/nirmitsu_ros2_flowgraph/share/ament_index/resource_index/package_run_dependencies/nirmitsu_ros2_flowgraph
[5.033s] -- Up-to-date: /home/dhruft/ws_nirmitsu/install/nirmitsu_ros2_flowgraph/share/ament_index/resource_index/parent_prefix_path/nirmitsu_ros2_flowgraph
[5.033s] -- Up-to-date: /home/dhruft/ws_nirmitsu/install/nirmitsu_ros2_flowgraph/share/nirmitsu_ros2_flowgraph/environment/ament_prefix_path.sh
[5.033s] -- Up-to-date: /home/dhruft/ws_nirmitsu/install/nirmitsu_ros2_flowgraph/share/nirmitsu_ros2_flowgraph/environment/ament_prefix_path.dsv
[5.033s] -- Up-to-date: /home/dhruft/ws_nirmitsu/install/nirmitsu_ros2_flowgraph/share/nirmitsu_ros2_flowgraph/environment/path.sh
[5.034s] -- Up-to-date: /home/dhruft/ws_nirmitsu/install/nirmitsu_ros2_flowgraph/share/nirmitsu_ros2_flowgraph/environment/path.dsv
[5.034s] -- Up-to-date: /home/dhruft/ws_nirmitsu/install/nirmitsu_ros2_flowgraph/share/nirmitsu_ros2_flowgraph/local_setup.bash
[5.034s] -- Up-to-date: /home/dhruft/ws_nirmitsu/install/nirmitsu_ros2_flowgraph/share/nirmitsu_ros2_flowgraph/local_setup.sh
[5.034s] -- Up-to-date: /home/dhruft/ws_nirmitsu/install/nirmitsu_ros2_flowgraph/share/nirmitsu_ros2_flowgraph/local_setup.zsh
[5.034s] -- Up-to-date: /home/dhruft/ws_nirmitsu/install/nirmitsu_ros2_flowgraph/share/nirmitsu_ros2_flowgraph/local_setup.dsv
[5.034s] -- Installing: /home/dhruft/ws_nirmitsu/install/nirmitsu_ros2_flowgraph/share/nirmitsu_ros2_flowgraph/package.dsv
[5.034s] -- Up-to-date: /home/dhruft/ws_nirmitsu/install/nirmitsu_ros2_flowgraph/share/ament_index/resource_index/packages/nirmitsu_ros2_flowgraph
[5.034s] -- Up-to-date: /home/dhruft/ws_nirmitsu/install/nirmitsu_ros2_flowgraph/share/nirmitsu_ros2_flowgraph/cmake/nirmitsu_ros2_flowgraphConfig.cmake
[5.035s] -- Up-to-date: /home/dhruft/ws_nirmitsu/install/nirmitsu_ros2_flowgraph/share/nirmitsu_ros2_flowgraph/cmake/nirmitsu_ros2_flowgraphConfig-version.cmake
[5.035s] -- Up-to-date: /home/dhruft/ws_nirmitsu/install/nirmitsu_ros2_flowgraph/share/nirmitsu_ros2_flowgraph/package.xml
[5.038s] Invoked command in '/home/dhruft/ws_nirmitsu/build/nirmitsu_ros2_flowgraph' returned '0': CMAKE_PREFIX_PATH=/home/dhruft/ws_nirmitsu/install/NodeEditor:/home/dhruft/ws_nirmitsu/install/nirmitsu_ros2_flowgraph:/opt/ros/humble /usr/bin/cmake --install /home/dhruft/ws_nirmitsu/build/nirmitsu_ros2_flowgraph
