[0.236s] DEBUG:colcon:Command line arguments: ['/usr/bin/colcon', 'build']
[0.236s] DEBUG:colcon:Parsed command line arguments: Namespace(log_base=None, log_level=None, verb_name='build', build_base='build', install_base='install', merge_install=False, symlink_install=False, test_result_base=None, continue_on_error=False, executor='parallel', parallel_workers=16, event_handlers=None, ignore_user_meta=False, metas=['./colcon.meta'], base_paths=['.'], packages_ignore=None, packages_ignore_regex=None, paths=None, packages_up_to=None, packages_up_to_regex=None, packages_above=None, packages_above_and_dependencies=None, packages_above_depth=None, packages_select_by_dep=None, packages_skip_by_dep=None, packages_skip_up_to=None, packages_select_build_failed=False, packages_skip_build_finished=False, packages_select_test_failures=False, packages_skip_test_passed=False, packages_select=None, packages_skip=None, packages_select_regex=None, packages_skip_regex=None, packages_start=None, packages_end=None, allow_overriding=[], cmake_args=None, cmake_target=None, cmake_target_skip_unavailable=False, cmake_clean_cache=False, cmake_clean_first=False, cmake_force_configure=False, ament_cmake_args=None, catkin_cmake_args=None, catkin_skip_building_tests=False, verb_parser=<colcon_defaults.argument_parser.defaults.DefaultArgumentsDecorator object at 0x7f4d8de36050>, verb_extension=<colcon_core.verb.build.BuildVerb object at 0x7f4d8e7c38b0>, main=<bound method BuildVerb.main of <colcon_core.verb.build.BuildVerb object at 0x7f4d8e7c38b0>>)
[0.256s] Level 1:colcon.colcon_core.package_discovery:discover_packages(colcon_meta) check parameters
[0.256s] Level 1:colcon.colcon_core.package_discovery:discover_packages(recursive) check parameters
[0.256s] Level 1:colcon.colcon_core.package_discovery:discover_packages(ignore) check parameters
[0.256s] Level 1:colcon.colcon_core.package_discovery:discover_packages(path) check parameters
[0.256s] Level 1:colcon.colcon_core.package_discovery:discover_packages(colcon_meta) discover
[0.256s] Level 1:colcon.colcon_core.package_discovery:discover_packages(recursive) discover
[0.256s] INFO:colcon.colcon_core.package_discovery:Crawling recursively for packages in '/home/dhruft/ws_nirmitsu'
[0.256s] Level 1:colcon.colcon_core.package_identification:_identify(.) by extensions ['ignore', 'ignore_ament_install']
[0.256s] Level 1:colcon.colcon_core.package_identification:_identify(.) by extension 'ignore'
[0.256s] Level 1:colcon.colcon_core.package_identification:_identify(.) by extension 'ignore_ament_install'
[0.256s] Level 1:colcon.colcon_core.package_identification:_identify(.) by extensions ['colcon_pkg']
[0.256s] Level 1:colcon.colcon_core.package_identification:_identify(.) by extension 'colcon_pkg'
[0.256s] Level 1:colcon.colcon_core.package_identification:_identify(.) by extensions ['colcon_meta']
[0.256s] Level 1:colcon.colcon_core.package_identification:_identify(.) by extension 'colcon_meta'
[0.256s] Level 1:colcon.colcon_core.package_identification:_identify(.) by extensions ['ros']
[0.256s] Level 1:colcon.colcon_core.package_identification:_identify(.) by extension 'ros'
[0.292s] Level 1:colcon.colcon_core.package_identification:_identify(.) by extensions ['cmake', 'python']
[0.292s] Level 1:colcon.colcon_core.package_identification:_identify(.) by extension 'cmake'
[0.292s] Level 1:colcon.colcon_core.package_identification:_identify(.) by extension 'python'
[0.292s] Level 1:colcon.colcon_core.package_identification:_identify(.) by extensions ['python_setup_py']
[0.292s] Level 1:colcon.colcon_core.package_identification:_identify(.) by extension 'python_setup_py'
[0.293s] Level 1:colcon.colcon_core.package_identification:_identify(build) by extensions ['ignore', 'ignore_ament_install']
[0.293s] Level 1:colcon.colcon_core.package_identification:_identify(build) by extension 'ignore'
[0.293s] Level 1:colcon.colcon_core.package_identification:_identify(build) ignored
[0.293s] Level 1:colcon.colcon_core.package_identification:_identify(install) by extensions ['ignore', 'ignore_ament_install']
[0.293s] Level 1:colcon.colcon_core.package_identification:_identify(install) by extension 'ignore'
[0.293s] Level 1:colcon.colcon_core.package_identification:_identify(install) ignored
[0.293s] Level 1:colcon.colcon_core.package_identification:_identify(log) by extensions ['ignore', 'ignore_ament_install']
[0.293s] Level 1:colcon.colcon_core.package_identification:_identify(log) by extension 'ignore'
[0.293s] Level 1:colcon.colcon_core.package_identification:_identify(log) ignored
[0.293s] Level 1:colcon.colcon_core.package_identification:_identify(src) by extensions ['ignore', 'ignore_ament_install']
[0.293s] Level 1:colcon.colcon_core.package_identification:_identify(src) by extension 'ignore'
[0.293s] Level 1:colcon.colcon_core.package_identification:_identify(src) by extension 'ignore_ament_install'
[0.293s] Level 1:colcon.colcon_core.package_identification:_identify(src) by extensions ['colcon_pkg']
[0.293s] Level 1:colcon.colcon_core.package_identification:_identify(src) by extension 'colcon_pkg'
[0.293s] Level 1:colcon.colcon_core.package_identification:_identify(src) by extensions ['colcon_meta']
[0.293s] Level 1:colcon.colcon_core.package_identification:_identify(src) by extension 'colcon_meta'
[0.293s] Level 1:colcon.colcon_core.package_identification:_identify(src) by extensions ['ros']
[0.293s] Level 1:colcon.colcon_core.package_identification:_identify(src) by extension 'ros'
[0.294s] Level 1:colcon.colcon_core.package_identification:_identify(src) by extensions ['cmake', 'python']
[0.294s] Level 1:colcon.colcon_core.package_identification:_identify(src) by extension 'cmake'
[0.294s] Level 1:colcon.colcon_core.package_identification:_identify(src) by extension 'python'
[0.294s] Level 1:colcon.colcon_core.package_identification:_identify(src) by extensions ['python_setup_py']
[0.294s] Level 1:colcon.colcon_core.package_identification:_identify(src) by extension 'python_setup_py'
[0.294s] Level 1:colcon.colcon_core.package_identification:_identify(src/nirmitsu-ros2) by extensions ['ignore', 'ignore_ament_install']
[0.294s] Level 1:colcon.colcon_core.package_identification:_identify(src/nirmitsu-ros2) by extension 'ignore'
[0.294s] Level 1:colcon.colcon_core.package_identification:_identify(src/nirmitsu-ros2) by extension 'ignore_ament_install'
[0.294s] Level 1:colcon.colcon_core.package_identification:_identify(src/nirmitsu-ros2) by extensions ['colcon_pkg']
[0.294s] Level 1:colcon.colcon_core.package_identification:_identify(src/nirmitsu-ros2) by extension 'colcon_pkg'
[0.294s] Level 1:colcon.colcon_core.package_identification:_identify(src/nirmitsu-ros2) by extensions ['colcon_meta']
[0.294s] Level 1:colcon.colcon_core.package_identification:_identify(src/nirmitsu-ros2) by extension 'colcon_meta'
[0.294s] Level 1:colcon.colcon_core.package_identification:_identify(src/nirmitsu-ros2) by extensions ['ros']
[0.294s] Level 1:colcon.colcon_core.package_identification:_identify(src/nirmitsu-ros2) by extension 'ros'
[0.294s] Level 1:colcon.colcon_core.package_identification:_identify(src/nirmitsu-ros2) by extensions ['cmake', 'python']
[0.294s] Level 1:colcon.colcon_core.package_identification:_identify(src/nirmitsu-ros2) by extension 'cmake'
[0.294s] Level 1:colcon.colcon_core.package_identification:_identify(src/nirmitsu-ros2) by extension 'python'
[0.294s] Level 1:colcon.colcon_core.package_identification:_identify(src/nirmitsu-ros2) by extensions ['python_setup_py']
[0.294s] Level 1:colcon.colcon_core.package_identification:_identify(src/nirmitsu-ros2) by extension 'python_setup_py'
[0.294s] Level 1:colcon.colcon_core.package_identification:_identify(src/nirmitsu-ros2/nirmitsu_ros2_flowgraph) by extensions ['ignore', 'ignore_ament_install']
[0.294s] Level 1:colcon.colcon_core.package_identification:_identify(src/nirmitsu-ros2/nirmitsu_ros2_flowgraph) by extension 'ignore'
[0.294s] Level 1:colcon.colcon_core.package_identification:_identify(src/nirmitsu-ros2/nirmitsu_ros2_flowgraph) by extension 'ignore_ament_install'
[0.294s] Level 1:colcon.colcon_core.package_identification:_identify(src/nirmitsu-ros2/nirmitsu_ros2_flowgraph) by extensions ['colcon_pkg']
[0.294s] Level 1:colcon.colcon_core.package_identification:_identify(src/nirmitsu-ros2/nirmitsu_ros2_flowgraph) by extension 'colcon_pkg'
[0.294s] Level 1:colcon.colcon_core.package_identification:_identify(src/nirmitsu-ros2/nirmitsu_ros2_flowgraph) by extensions ['colcon_meta']
[0.294s] Level 1:colcon.colcon_core.package_identification:_identify(src/nirmitsu-ros2/nirmitsu_ros2_flowgraph) by extension 'colcon_meta'
[0.294s] Level 1:colcon.colcon_core.package_identification:_identify(src/nirmitsu-ros2/nirmitsu_ros2_flowgraph) by extensions ['ros']
[0.294s] Level 1:colcon.colcon_core.package_identification:_identify(src/nirmitsu-ros2/nirmitsu_ros2_flowgraph) by extension 'ros'
[0.297s] DEBUG:colcon.colcon_core.package_identification:Package 'src/nirmitsu-ros2/nirmitsu_ros2_flowgraph' with type 'ros.ament_cmake' and name 'nirmitsu_ros2_flowgraph'
[0.297s] Level 1:colcon.colcon_core.package_identification:_identify(src/nirmitsu-ros2/nodeeditor) by extensions ['ignore', 'ignore_ament_install']
[0.297s] Level 1:colcon.colcon_core.package_identification:_identify(src/nirmitsu-ros2/nodeeditor) by extension 'ignore'
[0.297s] Level 1:colcon.colcon_core.package_identification:_identify(src/nirmitsu-ros2/nodeeditor) by extension 'ignore_ament_install'
[0.297s] Level 1:colcon.colcon_core.package_identification:_identify(src/nirmitsu-ros2/nodeeditor) by extensions ['colcon_pkg']
[0.297s] Level 1:colcon.colcon_core.package_identification:_identify(src/nirmitsu-ros2/nodeeditor) by extension 'colcon_pkg'
[0.297s] Level 1:colcon.colcon_core.package_identification:_identify(src/nirmitsu-ros2/nodeeditor) by extensions ['colcon_meta']
[0.297s] Level 1:colcon.colcon_core.package_identification:_identify(src/nirmitsu-ros2/nodeeditor) by extension 'colcon_meta'
[0.298s] Level 1:colcon.colcon_core.package_identification:_identify(src/nirmitsu-ros2/nodeeditor) by extensions ['ros']
[0.298s] Level 1:colcon.colcon_core.package_identification:_identify(src/nirmitsu-ros2/nodeeditor) by extension 'ros'
[0.298s] Level 1:colcon.colcon_core.package_identification:_identify(src/nirmitsu-ros2/nodeeditor) by extensions ['cmake', 'python']
[0.298s] Level 1:colcon.colcon_core.package_identification:_identify(src/nirmitsu-ros2/nodeeditor) by extension 'cmake'
[0.300s] Level 1:colcon.colcon_core.package_identification:_identify(src/nirmitsu-ros2/nodeeditor) by extension 'python'
[0.300s] DEBUG:colcon.colcon_core.package_identification:Package 'src/nirmitsu-ros2/nodeeditor' with type 'cmake' and name 'NodeEditor'
[0.300s] Level 1:colcon.colcon_core.package_discovery:discover_packages(recursive) using defaults
[0.300s] Level 1:colcon.colcon_core.package_discovery:discover_packages(ignore) discover
[0.300s] Level 1:colcon.colcon_core.package_discovery:discover_packages(ignore) using defaults
[0.300s] Level 1:colcon.colcon_core.package_discovery:discover_packages(path) discover
[0.300s] Level 1:colcon.colcon_core.package_discovery:discover_packages(path) using defaults
[0.320s] Level 1:colcon.colcon_core.package_discovery:discover_packages(prefix_path) check parameters
[0.320s] Level 1:colcon.colcon_core.package_discovery:discover_packages(prefix_path) discover
[0.321s] DEBUG:colcon.colcon_installed_package_information.package_discovery:Found 2 installed packages in /home/dhruft/ws_nirmitsu/install
[0.323s] DEBUG:colcon.colcon_installed_package_information.package_discovery:Found 270 installed packages in /opt/ros/humble
[0.325s] Level 1:colcon.colcon_core.package_discovery:discover_packages(prefix_path) using defaults
[0.370s] Level 5:colcon.colcon_core.verb:set package 'NodeEditor' build argument 'cmake_args' from command line to 'None'
[0.370s] Level 5:colcon.colcon_core.verb:set package 'NodeEditor' build argument 'cmake_target' from command line to 'None'
[0.370s] Level 5:colcon.colcon_core.verb:set package 'NodeEditor' build argument 'cmake_target_skip_unavailable' from command line to 'False'
[0.370s] Level 5:colcon.colcon_core.verb:set package 'NodeEditor' build argument 'cmake_clean_cache' from command line to 'False'
[0.370s] Level 5:colcon.colcon_core.verb:set package 'NodeEditor' build argument 'cmake_clean_first' from command line to 'False'
[0.370s] Level 5:colcon.colcon_core.verb:set package 'NodeEditor' build argument 'cmake_force_configure' from command line to 'False'
[0.370s] Level 5:colcon.colcon_core.verb:set package 'NodeEditor' build argument 'ament_cmake_args' from command line to 'None'
[0.370s] Level 5:colcon.colcon_core.verb:set package 'NodeEditor' build argument 'catkin_cmake_args' from command line to 'None'
[0.370s] Level 5:colcon.colcon_core.verb:set package 'NodeEditor' build argument 'catkin_skip_building_tests' from command line to 'False'
[0.370s] DEBUG:colcon.colcon_core.verb:Building package 'NodeEditor' with the following arguments: {'ament_cmake_args': None, 'build_base': '/home/dhruft/ws_nirmitsu/build/NodeEditor', 'catkin_cmake_args': None, 'catkin_skip_building_tests': False, 'cmake_args': None, 'cmake_clean_cache': False, 'cmake_clean_first': False, 'cmake_force_configure': False, 'cmake_target': None, 'cmake_target_skip_unavailable': False, 'install_base': '/home/dhruft/ws_nirmitsu/install/NodeEditor', 'merge_install': False, 'path': '/home/dhruft/ws_nirmitsu/src/nirmitsu-ros2/nodeeditor', 'symlink_install': False, 'test_result_base': None}
[0.371s] Level 5:colcon.colcon_core.verb:set package 'nirmitsu_ros2_flowgraph' build argument 'cmake_args' from command line to 'None'
[0.371s] Level 5:colcon.colcon_core.verb:set package 'nirmitsu_ros2_flowgraph' build argument 'cmake_target' from command line to 'None'
[0.371s] Level 5:colcon.colcon_core.verb:set package 'nirmitsu_ros2_flowgraph' build argument 'cmake_target_skip_unavailable' from command line to 'False'
[0.371s] Level 5:colcon.colcon_core.verb:set package 'nirmitsu_ros2_flowgraph' build argument 'cmake_clean_cache' from command line to 'False'
[0.371s] Level 5:colcon.colcon_core.verb:set package 'nirmitsu_ros2_flowgraph' build argument 'cmake_clean_first' from command line to 'False'
[0.371s] Level 5:colcon.colcon_core.verb:set package 'nirmitsu_ros2_flowgraph' build argument 'cmake_force_configure' from command line to 'False'
[0.371s] Level 5:colcon.colcon_core.verb:set package 'nirmitsu_ros2_flowgraph' build argument 'ament_cmake_args' from command line to 'None'
[0.371s] Level 5:colcon.colcon_core.verb:set package 'nirmitsu_ros2_flowgraph' build argument 'catkin_cmake_args' from command line to 'None'
[0.371s] Level 5:colcon.colcon_core.verb:set package 'nirmitsu_ros2_flowgraph' build argument 'catkin_skip_building_tests' from command line to 'False'
[0.371s] DEBUG:colcon.colcon_core.verb:Building package 'nirmitsu_ros2_flowgraph' with the following arguments: {'ament_cmake_args': None, 'build_base': '/home/dhruft/ws_nirmitsu/build/nirmitsu_ros2_flowgraph', 'catkin_cmake_args': None, 'catkin_skip_building_tests': False, 'cmake_args': None, 'cmake_clean_cache': False, 'cmake_clean_first': False, 'cmake_force_configure': False, 'cmake_target': None, 'cmake_target_skip_unavailable': False, 'install_base': '/home/dhruft/ws_nirmitsu/install/nirmitsu_ros2_flowgraph', 'merge_install': False, 'path': '/home/dhruft/ws_nirmitsu/src/nirmitsu-ros2/nirmitsu_ros2_flowgraph', 'symlink_install': False, 'test_result_base': None}
[0.372s] INFO:colcon.colcon_core.executor:Executing jobs using 'parallel' executor
[0.375s] DEBUG:colcon.colcon_parallel_executor.executor.parallel:run_until_complete
[0.375s] INFO:colcon.colcon_cmake.task.cmake.build:Building CMake package in '/home/dhruft/ws_nirmitsu/src/nirmitsu-ros2/nodeeditor'
[0.379s] INFO:colcon.colcon_core.plugin_system:Skipping extension 'colcon_core.shell.bat': Not used on non-Windows systems
[0.379s] INFO:colcon.colcon_core.shell:Skip shell extension 'powershell' for command environment: Not usable outside of PowerShell
[0.379s] DEBUG:colcon.colcon_core.shell:Skip shell extension 'dsv' for command environment
[0.391s] DEBUG:colcon.colcon_core.event_handler.log_command:Invoking command in '/home/dhruft/ws_nirmitsu/build/NodeEditor': /usr/bin/cmake --build /home/dhruft/ws_nirmitsu/build/NodeEditor -- -j16 -l16
[0.596s] DEBUG:colcon.colcon_core.event_handler.log_command:Invoked command in '/home/dhruft/ws_nirmitsu/build/NodeEditor' returned '0': /usr/bin/cmake --build /home/dhruft/ws_nirmitsu/build/NodeEditor -- -j16 -l16
[0.722s] DEBUG:colcon.colcon_core.event_handler.log_command:Invoking command in '/home/dhruft/ws_nirmitsu/build/NodeEditor': /usr/bin/cmake --install /home/dhruft/ws_nirmitsu/build/NodeEditor
[0.735s] Level 1:colcon.colcon_core.environment:create_environment_scripts_only(NodeEditor)
[0.735s] DEBUG:colcon.colcon_core.event_handler.log_command:Invoked command in '/home/dhruft/ws_nirmitsu/build/NodeEditor' returned '0': /usr/bin/cmake --install /home/dhruft/ws_nirmitsu/build/NodeEditor
[0.740s] Level 1:colcon.colcon_core.environment:checking '/home/dhruft/ws_nirmitsu/install/NodeEditor' for CMake module files
[0.740s] Level 1:colcon.colcon_core.environment:checking '/home/dhruft/ws_nirmitsu/install/NodeEditor' for CMake config files
[0.741s] Level 1:colcon.colcon_core.shell:create_environment_hook('NodeEditor', 'cmake_prefix_path')
[0.742s] INFO:colcon.colcon_core.shell:Creating environment hook '/home/dhruft/ws_nirmitsu/install/NodeEditor/share/NodeEditor/hook/cmake_prefix_path.ps1'
[0.742s] INFO:colcon.colcon_core.shell:Creating environment descriptor '/home/dhruft/ws_nirmitsu/install/NodeEditor/share/NodeEditor/hook/cmake_prefix_path.dsv'
[0.743s] INFO:colcon.colcon_core.shell:Creating environment hook '/home/dhruft/ws_nirmitsu/install/NodeEditor/share/NodeEditor/hook/cmake_prefix_path.sh'
[0.744s] Level 1:colcon.colcon_core.environment:checking '/home/dhruft/ws_nirmitsu/install/NodeEditor/lib'
[0.744s] Level 1:colcon.colcon_core.shell:create_environment_hook('NodeEditor', 'ld_library_path_lib')
[0.745s] INFO:colcon.colcon_core.shell:Creating environment hook '/home/dhruft/ws_nirmitsu/install/NodeEditor/share/NodeEditor/hook/ld_library_path_lib.ps1'
[0.745s] INFO:colcon.colcon_core.shell:Creating environment descriptor '/home/dhruft/ws_nirmitsu/install/NodeEditor/share/NodeEditor/hook/ld_library_path_lib.dsv'
[0.746s] INFO:colcon.colcon_core.shell:Creating environment hook '/home/dhruft/ws_nirmitsu/install/NodeEditor/share/NodeEditor/hook/ld_library_path_lib.sh'
[0.746s] Level 1:colcon.colcon_core.environment:checking '/home/dhruft/ws_nirmitsu/install/NodeEditor/bin'
[0.746s] Level 1:colcon.colcon_core.environment:checking '/home/dhruft/ws_nirmitsu/install/NodeEditor/lib/pkgconfig/NodeEditor.pc'
[0.746s] Level 1:colcon.colcon_core.environment:checking '/home/dhruft/ws_nirmitsu/install/NodeEditor/lib/python3.10/site-packages'
[0.747s] Level 1:colcon.colcon_core.environment:checking '/home/dhruft/ws_nirmitsu/install/NodeEditor/bin'
[0.748s] INFO:colcon.colcon_core.shell:Creating package script '/home/dhruft/ws_nirmitsu/install/NodeEditor/share/NodeEditor/package.ps1'
[0.749s] INFO:colcon.colcon_core.shell:Creating package descriptor '/home/dhruft/ws_nirmitsu/install/NodeEditor/share/NodeEditor/package.dsv'
[0.749s] INFO:colcon.colcon_core.shell:Creating package script '/home/dhruft/ws_nirmitsu/install/NodeEditor/share/NodeEditor/package.sh'
[0.750s] INFO:colcon.colcon_core.shell:Creating package script '/home/dhruft/ws_nirmitsu/install/NodeEditor/share/NodeEditor/package.bash'
[0.750s] INFO:colcon.colcon_core.shell:Creating package script '/home/dhruft/ws_nirmitsu/install/NodeEditor/share/NodeEditor/package.zsh'
[0.751s] Level 1:colcon.colcon_core.environment:create_file_with_runtime_dependencies(/home/dhruft/ws_nirmitsu/install/NodeEditor/share/colcon-core/packages/NodeEditor)
[0.751s] INFO:colcon.colcon_ros.task.ament_cmake.build:Building ROS package in '/home/dhruft/ws_nirmitsu/src/nirmitsu-ros2/nirmitsu_ros2_flowgraph' with build type 'ament_cmake'
[0.751s] INFO:colcon.colcon_cmake.task.cmake.build:Building CMake package in '/home/dhruft/ws_nirmitsu/src/nirmitsu-ros2/nirmitsu_ros2_flowgraph'
[0.753s] INFO:colcon.colcon_core.shell:Skip shell extension 'powershell' for command environment: Not usable outside of PowerShell
[0.753s] DEBUG:colcon.colcon_core.shell:Skip shell extension 'dsv' for command environment
[0.763s] DEBUG:colcon.colcon_core.event_handler.log_command:Invoking command in '/home/dhruft/ws_nirmitsu/build/nirmitsu_ros2_flowgraph': CMAKE_PREFIX_PATH=/home/dhruft/ws_nirmitsu/install/NodeEditor:/home/dhruft/ws_nirmitsu/install/nirmitsu_ros2_flowgraph:/opt/ros/humble /usr/bin/cmake --build /home/dhruft/ws_nirmitsu/build/nirmitsu_ros2_flowgraph -- -j16 -l16
[5.022s] DEBUG:colcon.colcon_core.event_handler.log_command:Invoked command in '/home/dhruft/ws_nirmitsu/build/nirmitsu_ros2_flowgraph' returned '0': CMAKE_PREFIX_PATH=/home/dhruft/ws_nirmitsu/install/NodeEditor:/home/dhruft/ws_nirmitsu/install/nirmitsu_ros2_flowgraph:/opt/ros/humble /usr/bin/cmake --build /home/dhruft/ws_nirmitsu/build/nirmitsu_ros2_flowgraph -- -j16 -l16
[5.058s] DEBUG:colcon.colcon_core.event_handler.log_command:Invoking command in '/home/dhruft/ws_nirmitsu/build/nirmitsu_ros2_flowgraph': CMAKE_PREFIX_PATH=/home/dhruft/ws_nirmitsu/install/NodeEditor:/home/dhruft/ws_nirmitsu/install/nirmitsu_ros2_flowgraph:/opt/ros/humble /usr/bin/cmake --install /home/dhruft/ws_nirmitsu/build/nirmitsu_ros2_flowgraph
[5.068s] Level 1:colcon.colcon_core.environment:create_environment_scripts_only(nirmitsu_ros2_flowgraph)
[5.068s] DEBUG:colcon.colcon_core.event_handler.log_command:Invoked command in '/home/dhruft/ws_nirmitsu/build/nirmitsu_ros2_flowgraph' returned '0': CMAKE_PREFIX_PATH=/home/dhruft/ws_nirmitsu/install/NodeEditor:/home/dhruft/ws_nirmitsu/install/nirmitsu_ros2_flowgraph:/opt/ros/humble /usr/bin/cmake --install /home/dhruft/ws_nirmitsu/build/nirmitsu_ros2_flowgraph
[5.070s] Level 1:colcon.colcon_core.environment:checking '/home/dhruft/ws_nirmitsu/install/nirmitsu_ros2_flowgraph' for CMake module files
[5.070s] Level 1:colcon.colcon_core.environment:checking '/home/dhruft/ws_nirmitsu/install/nirmitsu_ros2_flowgraph' for CMake config files
[5.070s] Level 1:colcon.colcon_core.shell:create_environment_hook('nirmitsu_ros2_flowgraph', 'cmake_prefix_path')
[5.071s] INFO:colcon.colcon_core.shell:Creating environment hook '/home/dhruft/ws_nirmitsu/install/nirmitsu_ros2_flowgraph/share/nirmitsu_ros2_flowgraph/hook/cmake_prefix_path.ps1'
[5.072s] INFO:colcon.colcon_core.shell:Creating environment descriptor '/home/dhruft/ws_nirmitsu/install/nirmitsu_ros2_flowgraph/share/nirmitsu_ros2_flowgraph/hook/cmake_prefix_path.dsv'
[5.072s] INFO:colcon.colcon_core.shell:Creating environment hook '/home/dhruft/ws_nirmitsu/install/nirmitsu_ros2_flowgraph/share/nirmitsu_ros2_flowgraph/hook/cmake_prefix_path.sh'
[5.073s] Level 1:colcon.colcon_core.environment:checking '/home/dhruft/ws_nirmitsu/install/nirmitsu_ros2_flowgraph/lib'
[5.073s] Level 1:colcon.colcon_core.environment:checking '/home/dhruft/ws_nirmitsu/install/nirmitsu_ros2_flowgraph/bin'
[5.073s] Level 1:colcon.colcon_core.environment:checking '/home/dhruft/ws_nirmitsu/install/nirmitsu_ros2_flowgraph/lib/pkgconfig/nirmitsu_ros2_flowgraph.pc'
[5.073s] Level 1:colcon.colcon_core.environment:checking '/home/dhruft/ws_nirmitsu/install/nirmitsu_ros2_flowgraph/lib/python3.10/site-packages'
[5.073s] Level 1:colcon.colcon_core.environment:checking '/home/dhruft/ws_nirmitsu/install/nirmitsu_ros2_flowgraph/bin'
[5.074s] INFO:colcon.colcon_core.shell:Creating package script '/home/dhruft/ws_nirmitsu/install/nirmitsu_ros2_flowgraph/share/nirmitsu_ros2_flowgraph/package.ps1'
[5.075s] INFO:colcon.colcon_core.shell:Creating package descriptor '/home/dhruft/ws_nirmitsu/install/nirmitsu_ros2_flowgraph/share/nirmitsu_ros2_flowgraph/package.dsv'
[5.075s] INFO:colcon.colcon_core.shell:Creating package script '/home/dhruft/ws_nirmitsu/install/nirmitsu_ros2_flowgraph/share/nirmitsu_ros2_flowgraph/package.sh'
[5.075s] INFO:colcon.colcon_core.shell:Creating package script '/home/dhruft/ws_nirmitsu/install/nirmitsu_ros2_flowgraph/share/nirmitsu_ros2_flowgraph/package.bash'
[5.075s] INFO:colcon.colcon_core.shell:Creating package script '/home/dhruft/ws_nirmitsu/install/nirmitsu_ros2_flowgraph/share/nirmitsu_ros2_flowgraph/package.zsh'
[5.076s] Level 1:colcon.colcon_core.environment:create_file_with_runtime_dependencies(/home/dhruft/ws_nirmitsu/install/nirmitsu_ros2_flowgraph/share/colcon-core/packages/nirmitsu_ros2_flowgraph)
[5.114s] Level 1:colcon.colcon_core.environment:create_environment_scripts_only(nirmitsu_ros2_flowgraph)
[5.116s] Level 1:colcon.colcon_core.environment:checking '/home/dhruft/ws_nirmitsu/install/nirmitsu_ros2_flowgraph' for CMake module files
[5.116s] Level 1:colcon.colcon_core.environment:checking '/home/dhruft/ws_nirmitsu/install/nirmitsu_ros2_flowgraph' for CMake config files
[5.116s] Level 1:colcon.colcon_core.shell:create_environment_hook('nirmitsu_ros2_flowgraph', 'cmake_prefix_path')
[5.117s] INFO:colcon.colcon_core.shell:Creating environment hook '/home/dhruft/ws_nirmitsu/install/nirmitsu_ros2_flowgraph/share/nirmitsu_ros2_flowgraph/hook/cmake_prefix_path.ps1'
[5.117s] INFO:colcon.colcon_core.shell:Creating environment descriptor '/home/dhruft/ws_nirmitsu/install/nirmitsu_ros2_flowgraph/share/nirmitsu_ros2_flowgraph/hook/cmake_prefix_path.dsv'
[5.118s] INFO:colcon.colcon_core.shell:Creating environment hook '/home/dhruft/ws_nirmitsu/install/nirmitsu_ros2_flowgraph/share/nirmitsu_ros2_flowgraph/hook/cmake_prefix_path.sh'
[5.118s] Level 1:colcon.colcon_core.environment:checking '/home/dhruft/ws_nirmitsu/install/nirmitsu_ros2_flowgraph/lib'
[5.118s] Level 1:colcon.colcon_core.environment:checking '/home/dhruft/ws_nirmitsu/install/nirmitsu_ros2_flowgraph/bin'
[5.118s] Level 1:colcon.colcon_core.environment:checking '/home/dhruft/ws_nirmitsu/install/nirmitsu_ros2_flowgraph/lib/pkgconfig/nirmitsu_ros2_flowgraph.pc'
[5.118s] Level 1:colcon.colcon_core.environment:checking '/home/dhruft/ws_nirmitsu/install/nirmitsu_ros2_flowgraph/lib/python3.10/site-packages'
[5.118s] Level 1:colcon.colcon_core.environment:checking '/home/dhruft/ws_nirmitsu/install/nirmitsu_ros2_flowgraph/bin'
[5.119s] INFO:colcon.colcon_core.shell:Creating package script '/home/dhruft/ws_nirmitsu/install/nirmitsu_ros2_flowgraph/share/nirmitsu_ros2_flowgraph/package.ps1'
[5.120s] INFO:colcon.colcon_core.shell:Creating package descriptor '/home/dhruft/ws_nirmitsu/install/nirmitsu_ros2_flowgraph/share/nirmitsu_ros2_flowgraph/package.dsv'
[5.121s] INFO:colcon.colcon_core.shell:Creating package script '/home/dhruft/ws_nirmitsu/install/nirmitsu_ros2_flowgraph/share/nirmitsu_ros2_flowgraph/package.sh'
[5.121s] INFO:colcon.colcon_core.shell:Creating package script '/home/dhruft/ws_nirmitsu/install/nirmitsu_ros2_flowgraph/share/nirmitsu_ros2_flowgraph/package.bash'
[5.122s] INFO:colcon.colcon_core.shell:Creating package script '/home/dhruft/ws_nirmitsu/install/nirmitsu_ros2_flowgraph/share/nirmitsu_ros2_flowgraph/package.zsh'
[5.122s] Level 1:colcon.colcon_core.environment:create_file_with_runtime_dependencies(/home/dhruft/ws_nirmitsu/install/nirmitsu_ros2_flowgraph/share/colcon-core/packages/nirmitsu_ros2_flowgraph)
[5.123s] DEBUG:colcon.colcon_parallel_executor.executor.parallel:closing loop
[5.123s] DEBUG:colcon.colcon_parallel_executor.executor.parallel:loop closed
[5.123s] DEBUG:colcon.colcon_parallel_executor.executor.parallel:run_until_complete finished with '0'
[5.123s] DEBUG:colcon.colcon_core.event_reactor:joining thread
[5.129s] INFO:colcon.colcon_core.plugin_system:Skipping extension 'colcon_notification.desktop_notification.terminal_notifier': Not used on non-Darwin systems
[5.129s] INFO:colcon.colcon_core.plugin_system:Skipping extension 'colcon_notification.desktop_notification.win32': Not used on non-Windows systems
[5.129s] INFO:colcon.colcon_notification.desktop_notification:Sending desktop notification using 'notify2'
[5.140s] DEBUG:colcon.colcon_core.event_reactor:joined thread
[5.142s] INFO:colcon.colcon_core.shell:Creating prefix script '/home/dhruft/ws_nirmitsu/install/local_setup.ps1'
[5.143s] INFO:colcon.colcon_core.shell:Creating prefix util module '/home/dhruft/ws_nirmitsu/install/_local_setup_util_ps1.py'
[5.144s] INFO:colcon.colcon_core.shell:Creating prefix chain script '/home/dhruft/ws_nirmitsu/install/setup.ps1'
[5.145s] INFO:colcon.colcon_core.shell:Creating prefix script '/home/dhruft/ws_nirmitsu/install/local_setup.sh'
[5.146s] INFO:colcon.colcon_core.shell:Creating prefix util module '/home/dhruft/ws_nirmitsu/install/_local_setup_util_sh.py'
[5.146s] INFO:colcon.colcon_core.shell:Creating prefix chain script '/home/dhruft/ws_nirmitsu/install/setup.sh'
[5.147s] INFO:colcon.colcon_core.shell:Creating prefix script '/home/dhruft/ws_nirmitsu/install/local_setup.bash'
[5.147s] INFO:colcon.colcon_core.shell:Creating prefix chain script '/home/dhruft/ws_nirmitsu/install/setup.bash'
[5.149s] INFO:colcon.colcon_core.shell:Creating prefix script '/home/dhruft/ws_nirmitsu/install/local_setup.zsh'
[5.149s] INFO:colcon.colcon_core.shell:Creating prefix chain script '/home/dhruft/ws_nirmitsu/install/setup.zsh'
