[0.216s] DEBUG:colcon:Command line arguments: ['/usr/bin/colcon', 'build']
[0.216s] DEBUG:colcon:Parsed command line arguments: Namespace(log_base=None, log_level=None, verb_name='build', build_base='build', install_base='install', merge_install=False, symlink_install=False, test_result_base=None, continue_on_error=False, executor='parallel', parallel_workers=16, event_handlers=None, ignore_user_meta=False, metas=['./colcon.meta'], base_paths=['.'], packages_ignore=None, packages_ignore_regex=None, paths=None, packages_up_to=None, packages_up_to_regex=None, packages_above=None, packages_above_and_dependencies=None, packages_above_depth=None, packages_select_by_dep=None, packages_skip_by_dep=None, packages_skip_up_to=None, packages_select_build_failed=False, packages_skip_build_finished=False, packages_select_test_failures=False, packages_skip_test_passed=False, packages_select=None, packages_skip=None, packages_select_regex=None, packages_skip_regex=None, packages_start=None, packages_end=None, allow_overriding=[], cmake_args=None, cmake_target=None, cmake_target_skip_unavailable=False, cmake_clean_cache=False, cmake_clean_first=False, cmake_force_configure=False, ament_cmake_args=None, catkin_cmake_args=None, catkin_skip_building_tests=False, verb_parser=<colcon_defaults.argument_parser.defaults.DefaultArgumentsDecorator object at 0x7fcaa6d35db0>, verb_extension=<colcon_core.verb.build.BuildVerb object at 0x7fcaa76c0d00>, main=<bound method BuildVerb.main of <colcon_core.verb.build.BuildVerb object at 0x7fcaa76c0d00>>)
[0.234s] Level 1:colcon.colcon_core.package_discovery:discover_packages(colcon_meta) check parameters
[0.234s] Level 1:colcon.colcon_core.package_discovery:discover_packages(recursive) check parameters
[0.234s] Level 1:colcon.colcon_core.package_discovery:discover_packages(ignore) check parameters
[0.234s] Level 1:colcon.colcon_core.package_discovery:discover_packages(path) check parameters
[0.234s] Level 1:colcon.colcon_core.package_discovery:discover_packages(colcon_meta) discover
[0.234s] Level 1:colcon.colcon_core.package_discovery:discover_packages(recursive) discover
[0.234s] INFO:colcon.colcon_core.package_discovery:Crawling recursively for packages in '/home/dhruft/ws_nirmitsu'
[0.234s] Level 1:colcon.colcon_core.package_identification:_identify(.) by extensions ['ignore', 'ignore_ament_install']
[0.234s] Level 1:colcon.colcon_core.package_identification:_identify(.) by extension 'ignore'
[0.234s] Level 1:colcon.colcon_core.package_identification:_identify(.) by extension 'ignore_ament_install'
[0.234s] Level 1:colcon.colcon_core.package_identification:_identify(.) by extensions ['colcon_pkg']
[0.234s] Level 1:colcon.colcon_core.package_identification:_identify(.) by extension 'colcon_pkg'
[0.234s] Level 1:colcon.colcon_core.package_identification:_identify(.) by extensions ['colcon_meta']
[0.235s] Level 1:colcon.colcon_core.package_identification:_identify(.) by extension 'colcon_meta'
[0.235s] Level 1:colcon.colcon_core.package_identification:_identify(.) by extensions ['ros']
[0.235s] Level 1:colcon.colcon_core.package_identification:_identify(.) by extension 'ros'
[0.261s] Level 1:colcon.colcon_core.package_identification:_identify(.) by extensions ['cmake', 'python']
[0.261s] Level 1:colcon.colcon_core.package_identification:_identify(.) by extension 'cmake'
[0.261s] Level 1:colcon.colcon_core.package_identification:_identify(.) by extension 'python'
[0.261s] Level 1:colcon.colcon_core.package_identification:_identify(.) by extensions ['python_setup_py']
[0.261s] Level 1:colcon.colcon_core.package_identification:_identify(.) by extension 'python_setup_py'
[0.261s] Level 1:colcon.colcon_core.package_identification:_identify(build) by extensions ['ignore', 'ignore_ament_install']
[0.262s] Level 1:colcon.colcon_core.package_identification:_identify(build) by extension 'ignore'
[0.262s] Level 1:colcon.colcon_core.package_identification:_identify(build) ignored
[0.262s] Level 1:colcon.colcon_core.package_identification:_identify(install) by extensions ['ignore', 'ignore_ament_install']
[0.262s] Level 1:colcon.colcon_core.package_identification:_identify(install) by extension 'ignore'
[0.262s] Level 1:colcon.colcon_core.package_identification:_identify(install) ignored
[0.262s] Level 1:colcon.colcon_core.package_identification:_identify(log) by extensions ['ignore', 'ignore_ament_install']
[0.262s] Level 1:colcon.colcon_core.package_identification:_identify(log) by extension 'ignore'
[0.262s] Level 1:colcon.colcon_core.package_identification:_identify(log) ignored
[0.262s] Level 1:colcon.colcon_core.package_identification:_identify(src) by extensions ['ignore', 'ignore_ament_install']
[0.262s] Level 1:colcon.colcon_core.package_identification:_identify(src) by extension 'ignore'
[0.262s] Level 1:colcon.colcon_core.package_identification:_identify(src) by extension 'ignore_ament_install'
[0.262s] Level 1:colcon.colcon_core.package_identification:_identify(src) by extensions ['colcon_pkg']
[0.262s] Level 1:colcon.colcon_core.package_identification:_identify(src) by extension 'colcon_pkg'
[0.262s] Level 1:colcon.colcon_core.package_identification:_identify(src) by extensions ['colcon_meta']
[0.262s] Level 1:colcon.colcon_core.package_identification:_identify(src) by extension 'colcon_meta'
[0.262s] Level 1:colcon.colcon_core.package_identification:_identify(src) by extensions ['ros']
[0.262s] Level 1:colcon.colcon_core.package_identification:_identify(src) by extension 'ros'
[0.262s] Level 1:colcon.colcon_core.package_identification:_identify(src) by extensions ['cmake', 'python']
[0.262s] Level 1:colcon.colcon_core.package_identification:_identify(src) by extension 'cmake'
[0.262s] Level 1:colcon.colcon_core.package_identification:_identify(src) by extension 'python'
[0.262s] Level 1:colcon.colcon_core.package_identification:_identify(src) by extensions ['python_setup_py']
[0.262s] Level 1:colcon.colcon_core.package_identification:_identify(src) by extension 'python_setup_py'
[0.263s] Level 1:colcon.colcon_core.package_identification:_identify(src/nirmitsu-ros2) by extensions ['ignore', 'ignore_ament_install']
[0.263s] Level 1:colcon.colcon_core.package_identification:_identify(src/nirmitsu-ros2) by extension 'ignore'
[0.263s] Level 1:colcon.colcon_core.package_identification:_identify(src/nirmitsu-ros2) by extension 'ignore_ament_install'
[0.263s] Level 1:colcon.colcon_core.package_identification:_identify(src/nirmitsu-ros2) by extensions ['colcon_pkg']
[0.263s] Level 1:colcon.colcon_core.package_identification:_identify(src/nirmitsu-ros2) by extension 'colcon_pkg'
[0.263s] Level 1:colcon.colcon_core.package_identification:_identify(src/nirmitsu-ros2) by extensions ['colcon_meta']
[0.263s] Level 1:colcon.colcon_core.package_identification:_identify(src/nirmitsu-ros2) by extension 'colcon_meta'
[0.263s] Level 1:colcon.colcon_core.package_identification:_identify(src/nirmitsu-ros2) by extensions ['ros']
[0.263s] Level 1:colcon.colcon_core.package_identification:_identify(src/nirmitsu-ros2) by extension 'ros'
[0.263s] Level 1:colcon.colcon_core.package_identification:_identify(src/nirmitsu-ros2) by extensions ['cmake', 'python']
[0.263s] Level 1:colcon.colcon_core.package_identification:_identify(src/nirmitsu-ros2) by extension 'cmake'
[0.263s] Level 1:colcon.colcon_core.package_identification:_identify(src/nirmitsu-ros2) by extension 'python'
[0.263s] Level 1:colcon.colcon_core.package_identification:_identify(src/nirmitsu-ros2) by extensions ['python_setup_py']
[0.263s] Level 1:colcon.colcon_core.package_identification:_identify(src/nirmitsu-ros2) by extension 'python_setup_py'
[0.263s] Level 1:colcon.colcon_core.package_identification:_identify(src/nirmitsu-ros2/nirmitsu_ros2_flowgraph) by extensions ['ignore', 'ignore_ament_install']
[0.263s] Level 1:colcon.colcon_core.package_identification:_identify(src/nirmitsu-ros2/nirmitsu_ros2_flowgraph) by extension 'ignore'
[0.263s] Level 1:colcon.colcon_core.package_identification:_identify(src/nirmitsu-ros2/nirmitsu_ros2_flowgraph) by extension 'ignore_ament_install'
[0.263s] Level 1:colcon.colcon_core.package_identification:_identify(src/nirmitsu-ros2/nirmitsu_ros2_flowgraph) by extensions ['colcon_pkg']
[0.263s] Level 1:colcon.colcon_core.package_identification:_identify(src/nirmitsu-ros2/nirmitsu_ros2_flowgraph) by extension 'colcon_pkg'
[0.263s] Level 1:colcon.colcon_core.package_identification:_identify(src/nirmitsu-ros2/nirmitsu_ros2_flowgraph) by extensions ['colcon_meta']
[0.263s] Level 1:colcon.colcon_core.package_identification:_identify(src/nirmitsu-ros2/nirmitsu_ros2_flowgraph) by extension 'colcon_meta'
[0.263s] Level 1:colcon.colcon_core.package_identification:_identify(src/nirmitsu-ros2/nirmitsu_ros2_flowgraph) by extensions ['ros']
[0.263s] Level 1:colcon.colcon_core.package_identification:_identify(src/nirmitsu-ros2/nirmitsu_ros2_flowgraph) by extension 'ros'
[0.266s] DEBUG:colcon.colcon_core.package_identification:Package 'src/nirmitsu-ros2/nirmitsu_ros2_flowgraph' with type 'ros.ament_cmake' and name 'nirmitsu_ros2_flowgraph'
[0.266s] Level 1:colcon.colcon_core.package_identification:_identify(src/nirmitsu-ros2/nodeeditor) by extensions ['ignore', 'ignore_ament_install']
[0.266s] Level 1:colcon.colcon_core.package_identification:_identify(src/nirmitsu-ros2/nodeeditor) by extension 'ignore'
[0.266s] Level 1:colcon.colcon_core.package_identification:_identify(src/nirmitsu-ros2/nodeeditor) by extension 'ignore_ament_install'
[0.266s] Level 1:colcon.colcon_core.package_identification:_identify(src/nirmitsu-ros2/nodeeditor) by extensions ['colcon_pkg']
[0.266s] Level 1:colcon.colcon_core.package_identification:_identify(src/nirmitsu-ros2/nodeeditor) by extension 'colcon_pkg'
[0.266s] Level 1:colcon.colcon_core.package_identification:_identify(src/nirmitsu-ros2/nodeeditor) by extensions ['colcon_meta']
[0.266s] Level 1:colcon.colcon_core.package_identification:_identify(src/nirmitsu-ros2/nodeeditor) by extension 'colcon_meta'
[0.266s] Level 1:colcon.colcon_core.package_identification:_identify(src/nirmitsu-ros2/nodeeditor) by extensions ['ros']
[0.266s] Level 1:colcon.colcon_core.package_identification:_identify(src/nirmitsu-ros2/nodeeditor) by extension 'ros'
[0.266s] Level 1:colcon.colcon_core.package_identification:_identify(src/nirmitsu-ros2/nodeeditor) by extensions ['cmake', 'python']
[0.266s] Level 1:colcon.colcon_core.package_identification:_identify(src/nirmitsu-ros2/nodeeditor) by extension 'cmake'
[0.268s] Level 1:colcon.colcon_core.package_identification:_identify(src/nirmitsu-ros2/nodeeditor) by extension 'python'
[0.268s] DEBUG:colcon.colcon_core.package_identification:Package 'src/nirmitsu-ros2/nodeeditor' with type 'cmake' and name 'NodeEditor'
[0.268s] Level 1:colcon.colcon_core.package_discovery:discover_packages(recursive) using defaults
[0.268s] Level 1:colcon.colcon_core.package_discovery:discover_packages(ignore) discover
[0.268s] Level 1:colcon.colcon_core.package_discovery:discover_packages(ignore) using defaults
[0.268s] Level 1:colcon.colcon_core.package_discovery:discover_packages(path) discover
[0.268s] Level 1:colcon.colcon_core.package_discovery:discover_packages(path) using defaults
[0.286s] Level 1:colcon.colcon_core.package_discovery:discover_packages(prefix_path) check parameters
[0.287s] Level 1:colcon.colcon_core.package_discovery:discover_packages(prefix_path) discover
[0.288s] DEBUG:colcon.colcon_installed_package_information.package_discovery:Found 2 installed packages in /home/dhruft/ws_nirmitsu/install
[0.290s] DEBUG:colcon.colcon_installed_package_information.package_discovery:Found 270 installed packages in /opt/ros/humble
[0.292s] Level 1:colcon.colcon_core.package_discovery:discover_packages(prefix_path) using defaults
[0.332s] Level 5:colcon.colcon_core.verb:set package 'NodeEditor' build argument 'cmake_args' from command line to 'None'
[0.333s] Level 5:colcon.colcon_core.verb:set package 'NodeEditor' build argument 'cmake_target' from command line to 'None'
[0.333s] Level 5:colcon.colcon_core.verb:set package 'NodeEditor' build argument 'cmake_target_skip_unavailable' from command line to 'False'
[0.333s] Level 5:colcon.colcon_core.verb:set package 'NodeEditor' build argument 'cmake_clean_cache' from command line to 'False'
[0.333s] Level 5:colcon.colcon_core.verb:set package 'NodeEditor' build argument 'cmake_clean_first' from command line to 'False'
[0.333s] Level 5:colcon.colcon_core.verb:set package 'NodeEditor' build argument 'cmake_force_configure' from command line to 'False'
[0.333s] Level 5:colcon.colcon_core.verb:set package 'NodeEditor' build argument 'ament_cmake_args' from command line to 'None'
[0.333s] Level 5:colcon.colcon_core.verb:set package 'NodeEditor' build argument 'catkin_cmake_args' from command line to 'None'
[0.333s] Level 5:colcon.colcon_core.verb:set package 'NodeEditor' build argument 'catkin_skip_building_tests' from command line to 'False'
[0.333s] DEBUG:colcon.colcon_core.verb:Building package 'NodeEditor' with the following arguments: {'ament_cmake_args': None, 'build_base': '/home/dhruft/ws_nirmitsu/build/NodeEditor', 'catkin_cmake_args': None, 'catkin_skip_building_tests': False, 'cmake_args': None, 'cmake_clean_cache': False, 'cmake_clean_first': False, 'cmake_force_configure': False, 'cmake_target': None, 'cmake_target_skip_unavailable': False, 'install_base': '/home/dhruft/ws_nirmitsu/install/NodeEditor', 'merge_install': False, 'path': '/home/dhruft/ws_nirmitsu/src/nirmitsu-ros2/nodeeditor', 'symlink_install': False, 'test_result_base': None}
[0.333s] Level 5:colcon.colcon_core.verb:set package 'nirmitsu_ros2_flowgraph' build argument 'cmake_args' from command line to 'None'
[0.333s] Level 5:colcon.colcon_core.verb:set package 'nirmitsu_ros2_flowgraph' build argument 'cmake_target' from command line to 'None'
[0.333s] Level 5:colcon.colcon_core.verb:set package 'nirmitsu_ros2_flowgraph' build argument 'cmake_target_skip_unavailable' from command line to 'False'
[0.333s] Level 5:colcon.colcon_core.verb:set package 'nirmitsu_ros2_flowgraph' build argument 'cmake_clean_cache' from command line to 'False'
[0.333s] Level 5:colcon.colcon_core.verb:set package 'nirmitsu_ros2_flowgraph' build argument 'cmake_clean_first' from command line to 'False'
[0.334s] Level 5:colcon.colcon_core.verb:set package 'nirmitsu_ros2_flowgraph' build argument 'cmake_force_configure' from command line to 'False'
[0.334s] Level 5:colcon.colcon_core.verb:set package 'nirmitsu_ros2_flowgraph' build argument 'ament_cmake_args' from command line to 'None'
[0.334s] Level 5:colcon.colcon_core.verb:set package 'nirmitsu_ros2_flowgraph' build argument 'catkin_cmake_args' from command line to 'None'
[0.334s] Level 5:colcon.colcon_core.verb:set package 'nirmitsu_ros2_flowgraph' build argument 'catkin_skip_building_tests' from command line to 'False'
[0.334s] DEBUG:colcon.colcon_core.verb:Building package 'nirmitsu_ros2_flowgraph' with the following arguments: {'ament_cmake_args': None, 'build_base': '/home/dhruft/ws_nirmitsu/build/nirmitsu_ros2_flowgraph', 'catkin_cmake_args': None, 'catkin_skip_building_tests': False, 'cmake_args': None, 'cmake_clean_cache': False, 'cmake_clean_first': False, 'cmake_force_configure': False, 'cmake_target': None, 'cmake_target_skip_unavailable': False, 'install_base': '/home/dhruft/ws_nirmitsu/install/nirmitsu_ros2_flowgraph', 'merge_install': False, 'path': '/home/dhruft/ws_nirmitsu/src/nirmitsu-ros2/nirmitsu_ros2_flowgraph', 'symlink_install': False, 'test_result_base': None}
[0.334s] INFO:colcon.colcon_core.executor:Executing jobs using 'parallel' executor
[0.337s] DEBUG:colcon.colcon_parallel_executor.executor.parallel:run_until_complete
[0.337s] INFO:colcon.colcon_cmake.task.cmake.build:Building CMake package in '/home/dhruft/ws_nirmitsu/src/nirmitsu-ros2/nodeeditor'
[0.342s] INFO:colcon.colcon_core.plugin_system:Skipping extension 'colcon_core.shell.bat': Not used on non-Windows systems
[0.342s] INFO:colcon.colcon_core.shell:Skip shell extension 'powershell' for command environment: Not usable outside of PowerShell
[0.342s] DEBUG:colcon.colcon_core.shell:Skip shell extension 'dsv' for command environment
[0.354s] DEBUG:colcon.colcon_core.event_handler.log_command:Invoking command in '/home/dhruft/ws_nirmitsu/build/NodeEditor': /usr/bin/cmake --build /home/dhruft/ws_nirmitsu/build/NodeEditor -- -j16 -l16
[0.550s] DEBUG:colcon.colcon_core.event_handler.log_command:Invoked command in '/home/dhruft/ws_nirmitsu/build/NodeEditor' returned '0': /usr/bin/cmake --build /home/dhruft/ws_nirmitsu/build/NodeEditor -- -j16 -l16
[0.634s] DEBUG:colcon.colcon_core.event_handler.log_command:Invoking command in '/home/dhruft/ws_nirmitsu/build/NodeEditor': /usr/bin/cmake --install /home/dhruft/ws_nirmitsu/build/NodeEditor
[0.644s] Level 1:colcon.colcon_core.environment:create_environment_scripts_only(NodeEditor)
[0.645s] DEBUG:colcon.colcon_core.event_handler.log_command:Invoked command in '/home/dhruft/ws_nirmitsu/build/NodeEditor' returned '0': /usr/bin/cmake --install /home/dhruft/ws_nirmitsu/build/NodeEditor
[0.649s] Level 1:colcon.colcon_core.environment:checking '/home/dhruft/ws_nirmitsu/install/NodeEditor' for CMake module files
[0.649s] Level 1:colcon.colcon_core.environment:checking '/home/dhruft/ws_nirmitsu/install/NodeEditor' for CMake config files
[0.649s] Level 1:colcon.colcon_core.shell:create_environment_hook('NodeEditor', 'cmake_prefix_path')
[0.650s] INFO:colcon.colcon_core.shell:Creating environment hook '/home/dhruft/ws_nirmitsu/install/NodeEditor/share/NodeEditor/hook/cmake_prefix_path.ps1'
[0.651s] INFO:colcon.colcon_core.shell:Creating environment descriptor '/home/dhruft/ws_nirmitsu/install/NodeEditor/share/NodeEditor/hook/cmake_prefix_path.dsv'
[0.651s] INFO:colcon.colcon_core.shell:Creating environment hook '/home/dhruft/ws_nirmitsu/install/NodeEditor/share/NodeEditor/hook/cmake_prefix_path.sh'
[0.652s] Level 1:colcon.colcon_core.environment:checking '/home/dhruft/ws_nirmitsu/install/NodeEditor/lib'
[0.652s] Level 1:colcon.colcon_core.shell:create_environment_hook('NodeEditor', 'ld_library_path_lib')
[0.653s] INFO:colcon.colcon_core.shell:Creating environment hook '/home/dhruft/ws_nirmitsu/install/NodeEditor/share/NodeEditor/hook/ld_library_path_lib.ps1'
[0.653s] INFO:colcon.colcon_core.shell:Creating environment descriptor '/home/dhruft/ws_nirmitsu/install/NodeEditor/share/NodeEditor/hook/ld_library_path_lib.dsv'
[0.654s] INFO:colcon.colcon_core.shell:Creating environment hook '/home/dhruft/ws_nirmitsu/install/NodeEditor/share/NodeEditor/hook/ld_library_path_lib.sh'
[0.654s] Level 1:colcon.colcon_core.environment:checking '/home/dhruft/ws_nirmitsu/install/NodeEditor/bin'
[0.654s] Level 1:colcon.colcon_core.environment:checking '/home/dhruft/ws_nirmitsu/install/NodeEditor/lib/pkgconfig/NodeEditor.pc'
[0.654s] Level 1:colcon.colcon_core.environment:checking '/home/dhruft/ws_nirmitsu/install/NodeEditor/lib/python3.10/site-packages'
[0.654s] Level 1:colcon.colcon_core.environment:checking '/home/dhruft/ws_nirmitsu/install/NodeEditor/bin'
[0.655s] INFO:colcon.colcon_core.shell:Creating package script '/home/dhruft/ws_nirmitsu/install/NodeEditor/share/NodeEditor/package.ps1'
[0.656s] INFO:colcon.colcon_core.shell:Creating package descriptor '/home/dhruft/ws_nirmitsu/install/NodeEditor/share/NodeEditor/package.dsv'
[0.656s] INFO:colcon.colcon_core.shell:Creating package script '/home/dhruft/ws_nirmitsu/install/NodeEditor/share/NodeEditor/package.sh'
[0.657s] INFO:colcon.colcon_core.shell:Creating package script '/home/dhruft/ws_nirmitsu/install/NodeEditor/share/NodeEditor/package.bash'
[0.657s] INFO:colcon.colcon_core.shell:Creating package script '/home/dhruft/ws_nirmitsu/install/NodeEditor/share/NodeEditor/package.zsh'
[0.658s] Level 1:colcon.colcon_core.environment:create_file_with_runtime_dependencies(/home/dhruft/ws_nirmitsu/install/NodeEditor/share/colcon-core/packages/NodeEditor)
[0.658s] INFO:colcon.colcon_ros.task.ament_cmake.build:Building ROS package in '/home/dhruft/ws_nirmitsu/src/nirmitsu-ros2/nirmitsu_ros2_flowgraph' with build type 'ament_cmake'
[0.658s] INFO:colcon.colcon_cmake.task.cmake.build:Building CMake package in '/home/dhruft/ws_nirmitsu/src/nirmitsu-ros2/nirmitsu_ros2_flowgraph'
[0.660s] INFO:colcon.colcon_core.shell:Skip shell extension 'powershell' for command environment: Not usable outside of PowerShell
[0.660s] DEBUG:colcon.colcon_core.shell:Skip shell extension 'dsv' for command environment
[0.671s] DEBUG:colcon.colcon_core.event_handler.log_command:Invoking command in '/home/dhruft/ws_nirmitsu/build/nirmitsu_ros2_flowgraph': CMAKE_PREFIX_PATH=/home/dhruft/ws_nirmitsu/install/NodeEditor:/home/dhruft/ws_nirmitsu/install/nirmitsu_ros2_flowgraph:/opt/ros/humble /usr/bin/cmake --build /home/dhruft/ws_nirmitsu/build/nirmitsu_ros2_flowgraph -- -j16 -l16
[0.804s] DEBUG:colcon.colcon_core.event_handler.log_command:Invoked command in '/home/dhruft/ws_nirmitsu/build/nirmitsu_ros2_flowgraph' returned '0': CMAKE_PREFIX_PATH=/home/dhruft/ws_nirmitsu/install/NodeEditor:/home/dhruft/ws_nirmitsu/install/nirmitsu_ros2_flowgraph:/opt/ros/humble /usr/bin/cmake --build /home/dhruft/ws_nirmitsu/build/nirmitsu_ros2_flowgraph -- -j16 -l16
[0.844s] DEBUG:colcon.colcon_core.event_handler.log_command:Invoking command in '/home/dhruft/ws_nirmitsu/build/nirmitsu_ros2_flowgraph': CMAKE_PREFIX_PATH=/home/dhruft/ws_nirmitsu/install/NodeEditor:/home/dhruft/ws_nirmitsu/install/nirmitsu_ros2_flowgraph:/opt/ros/humble /usr/bin/cmake --install /home/dhruft/ws_nirmitsu/build/nirmitsu_ros2_flowgraph
[0.853s] Level 1:colcon.colcon_core.environment:create_environment_scripts_only(nirmitsu_ros2_flowgraph)
[0.856s] Level 1:colcon.colcon_core.environment:checking '/home/dhruft/ws_nirmitsu/install/nirmitsu_ros2_flowgraph' for CMake module files
[0.856s] DEBUG:colcon.colcon_core.event_handler.log_command:Invoked command in '/home/dhruft/ws_nirmitsu/build/nirmitsu_ros2_flowgraph' returned '0': CMAKE_PREFIX_PATH=/home/dhruft/ws_nirmitsu/install/NodeEditor:/home/dhruft/ws_nirmitsu/install/nirmitsu_ros2_flowgraph:/opt/ros/humble /usr/bin/cmake --install /home/dhruft/ws_nirmitsu/build/nirmitsu_ros2_flowgraph
[0.857s] Level 1:colcon.colcon_core.environment:checking '/home/dhruft/ws_nirmitsu/install/nirmitsu_ros2_flowgraph' for CMake config files
[0.857s] Level 1:colcon.colcon_core.shell:create_environment_hook('nirmitsu_ros2_flowgraph', 'cmake_prefix_path')
[0.858s] INFO:colcon.colcon_core.shell:Creating environment hook '/home/dhruft/ws_nirmitsu/install/nirmitsu_ros2_flowgraph/share/nirmitsu_ros2_flowgraph/hook/cmake_prefix_path.ps1'
[0.858s] INFO:colcon.colcon_core.shell:Creating environment descriptor '/home/dhruft/ws_nirmitsu/install/nirmitsu_ros2_flowgraph/share/nirmitsu_ros2_flowgraph/hook/cmake_prefix_path.dsv'
[0.859s] INFO:colcon.colcon_core.shell:Creating environment hook '/home/dhruft/ws_nirmitsu/install/nirmitsu_ros2_flowgraph/share/nirmitsu_ros2_flowgraph/hook/cmake_prefix_path.sh'
[0.859s] Level 1:colcon.colcon_core.environment:checking '/home/dhruft/ws_nirmitsu/install/nirmitsu_ros2_flowgraph/lib'
[0.859s] Level 1:colcon.colcon_core.environment:checking '/home/dhruft/ws_nirmitsu/install/nirmitsu_ros2_flowgraph/bin'
[0.859s] Level 1:colcon.colcon_core.environment:checking '/home/dhruft/ws_nirmitsu/install/nirmitsu_ros2_flowgraph/lib/pkgconfig/nirmitsu_ros2_flowgraph.pc'
[0.859s] Level 1:colcon.colcon_core.environment:checking '/home/dhruft/ws_nirmitsu/install/nirmitsu_ros2_flowgraph/lib/python3.10/site-packages'
[0.859s] Level 1:colcon.colcon_core.environment:checking '/home/dhruft/ws_nirmitsu/install/nirmitsu_ros2_flowgraph/bin'
[0.860s] INFO:colcon.colcon_core.shell:Creating package script '/home/dhruft/ws_nirmitsu/install/nirmitsu_ros2_flowgraph/share/nirmitsu_ros2_flowgraph/package.ps1'
[0.861s] INFO:colcon.colcon_core.shell:Creating package descriptor '/home/dhruft/ws_nirmitsu/install/nirmitsu_ros2_flowgraph/share/nirmitsu_ros2_flowgraph/package.dsv'
[0.861s] INFO:colcon.colcon_core.shell:Creating package script '/home/dhruft/ws_nirmitsu/install/nirmitsu_ros2_flowgraph/share/nirmitsu_ros2_flowgraph/package.sh'
[0.861s] INFO:colcon.colcon_core.shell:Creating package script '/home/dhruft/ws_nirmitsu/install/nirmitsu_ros2_flowgraph/share/nirmitsu_ros2_flowgraph/package.bash'
[0.862s] INFO:colcon.colcon_core.shell:Creating package script '/home/dhruft/ws_nirmitsu/install/nirmitsu_ros2_flowgraph/share/nirmitsu_ros2_flowgraph/package.zsh'
[0.862s] Level 1:colcon.colcon_core.environment:create_file_with_runtime_dependencies(/home/dhruft/ws_nirmitsu/install/nirmitsu_ros2_flowgraph/share/colcon-core/packages/nirmitsu_ros2_flowgraph)
[0.896s] Level 1:colcon.colcon_core.environment:create_environment_scripts_only(nirmitsu_ros2_flowgraph)
[0.897s] Level 1:colcon.colcon_core.environment:checking '/home/dhruft/ws_nirmitsu/install/nirmitsu_ros2_flowgraph' for CMake module files
[0.898s] Level 1:colcon.colcon_core.environment:checking '/home/dhruft/ws_nirmitsu/install/nirmitsu_ros2_flowgraph' for CMake config files
[0.898s] Level 1:colcon.colcon_core.shell:create_environment_hook('nirmitsu_ros2_flowgraph', 'cmake_prefix_path')
[0.899s] INFO:colcon.colcon_core.shell:Creating environment hook '/home/dhruft/ws_nirmitsu/install/nirmitsu_ros2_flowgraph/share/nirmitsu_ros2_flowgraph/hook/cmake_prefix_path.ps1'
[0.899s] INFO:colcon.colcon_core.shell:Creating environment descriptor '/home/dhruft/ws_nirmitsu/install/nirmitsu_ros2_flowgraph/share/nirmitsu_ros2_flowgraph/hook/cmake_prefix_path.dsv'
[0.899s] INFO:colcon.colcon_core.shell:Creating environment hook '/home/dhruft/ws_nirmitsu/install/nirmitsu_ros2_flowgraph/share/nirmitsu_ros2_flowgraph/hook/cmake_prefix_path.sh'
[0.900s] Level 1:colcon.colcon_core.environment:checking '/home/dhruft/ws_nirmitsu/install/nirmitsu_ros2_flowgraph/lib'
[0.900s] Level 1:colcon.colcon_core.environment:checking '/home/dhruft/ws_nirmitsu/install/nirmitsu_ros2_flowgraph/bin'
[0.900s] Level 1:colcon.colcon_core.environment:checking '/home/dhruft/ws_nirmitsu/install/nirmitsu_ros2_flowgraph/lib/pkgconfig/nirmitsu_ros2_flowgraph.pc'
[0.900s] Level 1:colcon.colcon_core.environment:checking '/home/dhruft/ws_nirmitsu/install/nirmitsu_ros2_flowgraph/lib/python3.10/site-packages'
[0.900s] Level 1:colcon.colcon_core.environment:checking '/home/dhruft/ws_nirmitsu/install/nirmitsu_ros2_flowgraph/bin'
[0.901s] INFO:colcon.colcon_core.shell:Creating package script '/home/dhruft/ws_nirmitsu/install/nirmitsu_ros2_flowgraph/share/nirmitsu_ros2_flowgraph/package.ps1'
[0.902s] INFO:colcon.colcon_core.shell:Creating package descriptor '/home/dhruft/ws_nirmitsu/install/nirmitsu_ros2_flowgraph/share/nirmitsu_ros2_flowgraph/package.dsv'
[0.902s] INFO:colcon.colcon_core.shell:Creating package script '/home/dhruft/ws_nirmitsu/install/nirmitsu_ros2_flowgraph/share/nirmitsu_ros2_flowgraph/package.sh'
[0.902s] INFO:colcon.colcon_core.shell:Creating package script '/home/dhruft/ws_nirmitsu/install/nirmitsu_ros2_flowgraph/share/nirmitsu_ros2_flowgraph/package.bash'
[0.903s] INFO:colcon.colcon_core.shell:Creating package script '/home/dhruft/ws_nirmitsu/install/nirmitsu_ros2_flowgraph/share/nirmitsu_ros2_flowgraph/package.zsh'
[0.903s] Level 1:colcon.colcon_core.environment:create_file_with_runtime_dependencies(/home/dhruft/ws_nirmitsu/install/nirmitsu_ros2_flowgraph/share/colcon-core/packages/nirmitsu_ros2_flowgraph)
[0.903s] DEBUG:colcon.colcon_parallel_executor.executor.parallel:closing loop
[0.903s] DEBUG:colcon.colcon_parallel_executor.executor.parallel:loop closed
[0.903s] DEBUG:colcon.colcon_parallel_executor.executor.parallel:run_until_complete finished with '0'
[0.903s] DEBUG:colcon.colcon_core.event_reactor:joining thread
[0.909s] INFO:colcon.colcon_core.plugin_system:Skipping extension 'colcon_notification.desktop_notification.terminal_notifier': Not used on non-Darwin systems
[0.910s] INFO:colcon.colcon_core.plugin_system:Skipping extension 'colcon_notification.desktop_notification.win32': Not used on non-Windows systems
[0.910s] INFO:colcon.colcon_notification.desktop_notification:Sending desktop notification using 'notify2'
[0.930s] DEBUG:colcon.colcon_core.event_reactor:joined thread
[0.933s] INFO:colcon.colcon_core.shell:Creating prefix script '/home/dhruft/ws_nirmitsu/install/local_setup.ps1'
[0.934s] INFO:colcon.colcon_core.shell:Creating prefix util module '/home/dhruft/ws_nirmitsu/install/_local_setup_util_ps1.py'
[0.935s] INFO:colcon.colcon_core.shell:Creating prefix chain script '/home/dhruft/ws_nirmitsu/install/setup.ps1'
[0.936s] INFO:colcon.colcon_core.shell:Creating prefix script '/home/dhruft/ws_nirmitsu/install/local_setup.sh'
[0.937s] INFO:colcon.colcon_core.shell:Creating prefix util module '/home/dhruft/ws_nirmitsu/install/_local_setup_util_sh.py'
[0.937s] INFO:colcon.colcon_core.shell:Creating prefix chain script '/home/dhruft/ws_nirmitsu/install/setup.sh'
[0.939s] INFO:colcon.colcon_core.shell:Creating prefix script '/home/dhruft/ws_nirmitsu/install/local_setup.bash'
[0.939s] INFO:colcon.colcon_core.shell:Creating prefix chain script '/home/dhruft/ws_nirmitsu/install/setup.bash'
[0.941s] INFO:colcon.colcon_core.shell:Creating prefix script '/home/dhruft/ws_nirmitsu/install/local_setup.zsh'
[0.941s] INFO:colcon.colcon_core.shell:Creating prefix chain script '/home/dhruft/ws_nirmitsu/install/setup.zsh'
