[0.013s] Invoking command in '/home/dhruft/ws_nirmitsu/build/NodeEditor': /usr/bin/cmake --build /home/dhruft/ws_nirmitsu/build/NodeEditor -- -j16 -l16
[0.058s] [  1%] [34m[1mAutomatic MOC for target nodes[0m
[0.075s] [  1%] Built target nodes_autogen
[0.115s] [ 68%] Built target nodes
[0.136s] [ 71%] [34m[1mAutomatic MOC for target calculator[0m
[0.137s] [ 71%] [34m[1mAutomatic MOC for target test_nodes[0m
[0.137s] [ 71%] [34m[1mAutomatic MOC for target example2[0m
[0.137s] [ 74%] [34m[1mAutomatic MOC for target images[0m
[0.137s] [ 74%] [34m[1mAutomatic MOC for target connection_colors[0m
[0.137s] [ 74%] [34m[1mAutomatic MOC for target styles[0m
[0.156s] [ 74%] Built target connection_colors_autogen
[0.157s] [ 74%] Built target test_nodes_autogen
[0.157s] [ 74%] Built target calculator_autogen
[0.157s] [ 74%] Built target styles_autogen
[0.157s] [ 74%] Built target images_autogen
[0.157s] [ 74%] Built target example2_autogen
[0.181s] [ 89%] Built target styles
[0.182s] [ 89%] Built target connection_colors
[0.182s] [ 93%] Built target images
[0.182s] [ 94%] Built target calculator
[0.182s] [ 94%] Built target example2
[0.184s] [100%] Built target test_nodes
[0.197s] Invoked command in '/home/dhruft/ws_nirmitsu/build/NodeEditor' returned '0': /usr/bin/cmake --build /home/dhruft/ws_nirmitsu/build/NodeEditor -- -j16 -l16
[0.283s] Invoking command in '/home/dhruft/ws_nirmitsu/build/NodeEditor': /usr/bin/cmake --install /home/dhruft/ws_nirmitsu/build/NodeEditor
[0.289s] -- Install configuration: ""
[0.290s] -- Up-to-date: /home/dhruft/ws_nirmitsu/install/NodeEditor/lib/libnodes.so
[0.290s] -- Up-to-date: /home/dhruft/ws_nirmitsu/install/NodeEditor/include
[0.290s] -- Up-to-date: /home/dhruft/ws_nirmitsu/install/NodeEditor/include/nodes
[0.290s] -- Up-to-date: /home/dhruft/ws_nirmitsu/install/NodeEditor/include/nodes/FlowScene
[0.291s] -- Up-to-date: /home/dhruft/ws_nirmitsu/install/NodeEditor/include/nodes/Connection
[0.291s] -- Up-to-date: /home/dhruft/ws_nirmitsu/install/NodeEditor/include/nodes/ConnectionStyle
[0.291s] -- Up-to-date: /home/dhruft/ws_nirmitsu/install/NodeEditor/include/nodes/NodeGeometry
[0.291s] -- Up-to-date: /home/dhruft/ws_nirmitsu/install/NodeEditor/include/nodes/NodeData
[0.291s] -- Up-to-date: /home/dhruft/ws_nirmitsu/install/NodeEditor/include/nodes/NodeStyle
[0.291s] -- Up-to-date: /home/dhruft/ws_nirmitsu/install/NodeEditor/include/nodes/NodeState
[0.291s] -- Up-to-date: /home/dhruft/ws_nirmitsu/install/NodeEditor/include/nodes/FlowViewStyle
[0.291s] -- Up-to-date: /home/dhruft/ws_nirmitsu/install/NodeEditor/include/nodes/TypeConverter
[0.292s] -- Up-to-date: /home/dhruft/ws_nirmitsu/install/NodeEditor/include/nodes/FlowView
[0.292s] -- Up-to-date: /home/dhruft/ws_nirmitsu/install/NodeEditor/include/nodes/DataModelRegistry
[0.292s] -- Up-to-date: /home/dhruft/ws_nirmitsu/install/NodeEditor/include/nodes/NodePainterDelegate
[0.292s] -- Up-to-date: /home/dhruft/ws_nirmitsu/install/NodeEditor/include/nodes/NodeDataModel
[0.292s] -- Up-to-date: /home/dhruft/ws_nirmitsu/install/NodeEditor/include/nodes/StyleCollection
[0.292s] -- Up-to-date: /home/dhruft/ws_nirmitsu/install/NodeEditor/include/nodes/Node
[0.292s] -- Up-to-date: /home/dhruft/ws_nirmitsu/install/NodeEditor/include/nodes/internal
[0.292s] -- Up-to-date: /home/dhruft/ws_nirmitsu/install/NodeEditor/include/nodes/internal/Node.hpp
[0.292s] -- Up-to-date: /home/dhruft/ws_nirmitsu/install/NodeEditor/include/nodes/internal/Export.hpp
[0.292s] -- Up-to-date: /home/dhruft/ws_nirmitsu/install/NodeEditor/include/nodes/internal/Serializable.hpp
[0.292s] -- Up-to-date: /home/dhruft/ws_nirmitsu/install/NodeEditor/include/nodes/internal/ConnectionGeometry.hpp
[0.292s] -- Up-to-date: /home/dhruft/ws_nirmitsu/install/NodeEditor/include/nodes/internal/PortType.hpp
[0.292s] -- Up-to-date: /home/dhruft/ws_nirmitsu/install/NodeEditor/include/nodes/internal/NodeState.hpp
[0.292s] -- Up-to-date: /home/dhruft/ws_nirmitsu/install/NodeEditor/include/nodes/internal/NodeDataModel.hpp
[0.292s] -- Up-to-date: /home/dhruft/ws_nirmitsu/install/NodeEditor/include/nodes/internal/memory.hpp
[0.292s] -- Up-to-date: /home/dhruft/ws_nirmitsu/install/NodeEditor/include/nodes/internal/QUuidStdHash.hpp
[0.292s] -- Up-to-date: /home/dhruft/ws_nirmitsu/install/NodeEditor/include/nodes/internal/ConnectionStyle.hpp
[0.292s] -- Up-to-date: /home/dhruft/ws_nirmitsu/install/NodeEditor/include/nodes/internal/NodeGeometry.hpp
[0.292s] -- Up-to-date: /home/dhruft/ws_nirmitsu/install/NodeEditor/include/nodes/internal/TypeConverter.hpp
[0.292s] -- Up-to-date: /home/dhruft/ws_nirmitsu/install/NodeEditor/include/nodes/internal/NodePainterDelegate.hpp
[0.292s] -- Up-to-date: /home/dhruft/ws_nirmitsu/install/NodeEditor/include/nodes/internal/FlowViewStyle.hpp
[0.293s] -- Up-to-date: /home/dhruft/ws_nirmitsu/install/NodeEditor/include/nodes/internal/DataModelRegistry.hpp
[0.293s] -- Up-to-date: /home/dhruft/ws_nirmitsu/install/NodeEditor/include/nodes/internal/NodeStyle.hpp
[0.293s] -- Up-to-date: /home/dhruft/ws_nirmitsu/install/NodeEditor/include/nodes/internal/NodeData.hpp
[0.293s] -- Up-to-date: /home/dhruft/ws_nirmitsu/install/NodeEditor/include/nodes/internal/OperatingSystem.hpp
[0.294s] -- Up-to-date: /home/dhruft/ws_nirmitsu/install/NodeEditor/include/nodes/internal/FlowView.hpp
[0.294s] -- Up-to-date: /home/dhruft/ws_nirmitsu/install/NodeEditor/include/nodes/internal/ConnectionGraphicsObject.hpp
[0.294s] -- Up-to-date: /home/dhruft/ws_nirmitsu/install/NodeEditor/include/nodes/internal/Compiler.hpp
[0.294s] -- Up-to-date: /home/dhruft/ws_nirmitsu/install/NodeEditor/include/nodes/internal/Style.hpp
[0.295s] -- Up-to-date: /home/dhruft/ws_nirmitsu/install/NodeEditor/include/nodes/internal/NodeGraphicsObject.hpp
[0.295s] -- Up-to-date: /home/dhruft/ws_nirmitsu/install/NodeEditor/include/nodes/internal/ConnectionState.hpp
[0.295s] -- Up-to-date: /home/dhruft/ws_nirmitsu/install/NodeEditor/include/nodes/internal/QStringStdHash.hpp
[0.295s] -- Up-to-date: /home/dhruft/ws_nirmitsu/install/NodeEditor/include/nodes/internal/StyleCollection.hpp
[0.295s] -- Up-to-date: /home/dhruft/ws_nirmitsu/install/NodeEditor/include/nodes/internal/FlowScene.hpp
[0.295s] -- Up-to-date: /home/dhruft/ws_nirmitsu/install/NodeEditor/include/nodes/internal/Connection.hpp
[0.295s] -- Up-to-date: /home/dhruft/ws_nirmitsu/install/NodeEditor/lib/cmake/NodeEditor/NodeEditorTargets.cmake
[0.296s] -- Up-to-date: /home/dhruft/ws_nirmitsu/install/NodeEditor/lib/cmake/NodeEditor/NodeEditorTargets-noconfig.cmake
[0.296s] -- Up-to-date: /home/dhruft/ws_nirmitsu/install/NodeEditor/lib/cmake/NodeEditor/NodeEditorConfig.cmake
[0.296s] -- Up-to-date: /home/dhruft/ws_nirmitsu/install/NodeEditor/lib/NodeEditor/connection_colors
[0.296s] -- Up-to-date: /home/dhruft/ws_nirmitsu/install/NodeEditor/lib/NodeEditor/example2
[0.296s] -- Up-to-date: /home/dhruft/ws_nirmitsu/install/NodeEditor/lib/NodeEditor/calculator
[0.296s] -- Up-to-date: /home/dhruft/ws_nirmitsu/install/NodeEditor/lib/NodeEditor/images
[0.297s] -- Up-to-date: /home/dhruft/ws_nirmitsu/install/NodeEditor/lib/NodeEditor/styles
[0.297s] Invoked command in '/home/dhruft/ws_nirmitsu/build/NodeEditor' returned '0': /usr/bin/cmake --install /home/dhruft/ws_nirmitsu/build/NodeEditor
