[0.014s] Invoking command in '/home/dhruft/ws_nirmitsu/build/NodeEditor': /usr/bin/cmake /home/dhruft/ws_nirmitsu/src/nirmitsu-ros2/nodeeditor -DCMAKE_INSTALL_PREFIX=/home/dhruft/ws_nirmitsu/install/NodeEditor
[0.085s] -- Configuring done
[0.169s] -- Generating done
[0.175s] -- Build files have been written to: /home/dhruft/ws_nirmitsu/build/NodeEditor
[0.179s] Invoked command in '/home/dhruft/ws_nirmitsu/build/NodeEditor' returned '0': /usr/bin/cmake /home/dhruft/ws_nirmitsu/src/nirmitsu-ros2/nodeeditor -DCMAKE_INSTALL_PREFIX=/home/dhruft/ws_nirmitsu/install/NodeEditor
[0.181s] Invoking command in '/home/dhruft/ws_nirmitsu/build/NodeEditor': /usr/bin/cmake --build /home/dhruft/ws_nirmitsu/build/NodeEditor -- -j16 -l16
[0.223s] [  1%] [34m[1mAutomatic MOC for target nodes[0m
[0.239s] [  1%] Built target nodes_autogen
[0.268s] [35m[1mConsolidate compiler generated dependencies of target nodes[0m
[0.325s] [  2%] [32mBuilding CXX object CMakeFiles/nodes.dir/src/ConnectionGraphicsObject.cpp.o[0m
[0.327s] [  3%] [32mBuilding CXX object CMakeFiles/nodes.dir/src/NodeGraphicsObject.cpp.o[0m
[0.327s] [  4%] [32mBuilding CXX object CMakeFiles/nodes.dir/src/NodeConnectionInteraction.cpp.o[0m
[3.741s] [  5%] [32m[1mLinking CXX shared library lib/libnodes.so[0m
[4.190s] [ 68%] Built target nodes
[4.218s] [ 71%] [34m[1mAutomatic MOC for target images[0m
[4.218s] [ 73%] [34m[1mAutomatic MOC for target calculator[0m
[4.218s] [ 73%] [34m[1mAutomatic MOC for target example2[0m
[4.218s] [ 74%] [34m[1mAutomatic MOC for target styles[0m
[4.218s] [ 74%] [34m[1mAutomatic MOC for target connection_colors[0m
[4.218s] [ 74%] [34m[1mAutomatic MOC for target test_nodes[0m
[4.239s] [ 74%] Built target test_nodes_autogen
[4.239s] [ 74%] Built target connection_colors_autogen
[4.239s] [ 74%] Built target styles_autogen
[4.240s] [ 74%] Built target example2_autogen
[4.240s] [ 74%] Built target images_autogen
[4.240s] [ 74%] Built target calculator_autogen
[4.253s] [35m[1mConsolidate compiler generated dependencies of target connection_colors[0m
[4.253s] [35m[1mConsolidate compiler generated dependencies of target styles[0m
[4.254s] [35m[1mConsolidate compiler generated dependencies of target example2[0m
[4.255s] [35m[1mConsolidate compiler generated dependencies of target images[0m
[4.256s] [35m[1mConsolidate compiler generated dependencies of target test_nodes[0m
[4.274s] [ 75%] [32m[1mLinking CXX executable ../../bin/styles[0m
[4.275s] [ 76%] [32m[1mLinking CXX executable ../../bin/connection_colors[0m
[4.277s] [ 77%] [32m[1mLinking CXX executable ../../bin/example2[0m
[4.280s] [ 78%] [32m[1mLinking CXX executable ../../bin/images[0m
[4.289s] [ 79%] [32m[1mLinking CXX executable ../bin/test_nodes[0m
[4.864s] [ 82%] Built target styles
[4.864s] [ 83%] Built target connection_colors
[4.877s] [ 86%] Built target example2
[4.880s] [35m[1mConsolidate compiler generated dependencies of target calculator[0m
[4.904s] [ 87%] [32m[1mLinking CXX executable ../../bin/calculator[0m
[4.909s] [ 90%] Built target images
[5.272s] [ 95%] Built target test_nodes
[5.390s] [100%] Built target calculator
[5.406s] Invoked command in '/home/dhruft/ws_nirmitsu/build/NodeEditor' returned '0': /usr/bin/cmake --build /home/dhruft/ws_nirmitsu/build/NodeEditor -- -j16 -l16
[5.495s] Invoking command in '/home/dhruft/ws_nirmitsu/build/NodeEditor': /usr/bin/cmake --install /home/dhruft/ws_nirmitsu/build/NodeEditor
[5.501s] -- Install configuration: ""
[5.501s] -- Installing: /home/dhruft/ws_nirmitsu/install/NodeEditor/lib/libnodes.so
[5.503s] -- Up-to-date: /home/dhruft/ws_nirmitsu/install/NodeEditor/include
[5.503s] -- Up-to-date: /home/dhruft/ws_nirmitsu/install/NodeEditor/include/nodes
[5.504s] -- Up-to-date: /home/dhruft/ws_nirmitsu/install/NodeEditor/include/nodes/FlowScene
[5.504s] -- Up-to-date: /home/dhruft/ws_nirmitsu/install/NodeEditor/include/nodes/Connection
[5.504s] -- Up-to-date: /home/dhruft/ws_nirmitsu/install/NodeEditor/include/nodes/ConnectionStyle
[5.504s] -- Up-to-date: /home/dhruft/ws_nirmitsu/install/NodeEditor/include/nodes/NodeGeometry
[5.504s] -- Up-to-date: /home/dhruft/ws_nirmitsu/install/NodeEditor/include/nodes/NodeData
[5.504s] -- Up-to-date: /home/dhruft/ws_nirmitsu/install/NodeEditor/include/nodes/NodeStyle
[5.504s] -- Up-to-date: /home/dhruft/ws_nirmitsu/install/NodeEditor/include/nodes/NodeState
[5.504s] -- Up-to-date: /home/dhruft/ws_nirmitsu/install/NodeEditor/include/nodes/FlowViewStyle
[5.504s] -- Up-to-date: /home/dhruft/ws_nirmitsu/install/NodeEditor/include/nodes/TypeConverter
[5.504s] -- Up-to-date: /home/dhruft/ws_nirmitsu/install/NodeEditor/include/nodes/FlowView
[5.504s] -- Up-to-date: /home/dhruft/ws_nirmitsu/install/NodeEditor/include/nodes/DataModelRegistry
[5.504s] -- Up-to-date: /home/dhruft/ws_nirmitsu/install/NodeEditor/include/nodes/NodePainterDelegate
[5.505s] -- Up-to-date: /home/dhruft/ws_nirmitsu/install/NodeEditor/include/nodes/NodeDataModel
[5.505s] -- Up-to-date: /home/dhruft/ws_nirmitsu/install/NodeEditor/include/nodes/StyleCollection
[5.505s] -- Up-to-date: /home/dhruft/ws_nirmitsu/install/NodeEditor/include/nodes/Node
[5.505s] -- Up-to-date: /home/dhruft/ws_nirmitsu/install/NodeEditor/include/nodes/internal
[5.505s] -- Up-to-date: /home/dhruft/ws_nirmitsu/install/NodeEditor/include/nodes/internal/Node.hpp
[5.505s] -- Up-to-date: /home/dhruft/ws_nirmitsu/install/NodeEditor/include/nodes/internal/Export.hpp
[5.505s] -- Up-to-date: /home/dhruft/ws_nirmitsu/install/NodeEditor/include/nodes/internal/Serializable.hpp
[5.505s] -- Up-to-date: /home/dhruft/ws_nirmitsu/install/NodeEditor/include/nodes/internal/ConnectionGeometry.hpp
[5.505s] -- Up-to-date: /home/dhruft/ws_nirmitsu/install/NodeEditor/include/nodes/internal/PortType.hpp
[5.505s] -- Up-to-date: /home/dhruft/ws_nirmitsu/install/NodeEditor/include/nodes/internal/NodeState.hpp
[5.505s] -- Up-to-date: /home/dhruft/ws_nirmitsu/install/NodeEditor/include/nodes/internal/NodeDataModel.hpp
[5.505s] -- Up-to-date: /home/dhruft/ws_nirmitsu/install/NodeEditor/include/nodes/internal/memory.hpp
[5.506s] -- Up-to-date: /home/dhruft/ws_nirmitsu/install/NodeEditor/include/nodes/internal/QUuidStdHash.hpp
[5.506s] -- Up-to-date: /home/dhruft/ws_nirmitsu/install/NodeEditor/include/nodes/internal/ConnectionStyle.hpp
[5.506s] -- Up-to-date: /home/dhruft/ws_nirmitsu/install/NodeEditor/include/nodes/internal/NodeGeometry.hpp
[5.506s] -- Up-to-date: /home/dhruft/ws_nirmitsu/install/NodeEditor/include/nodes/internal/TypeConverter.hpp
[5.506s] -- Up-to-date: /home/dhruft/ws_nirmitsu/install/NodeEditor/include/nodes/internal/NodePainterDelegate.hpp
[5.506s] -- Up-to-date: /home/dhruft/ws_nirmitsu/install/NodeEditor/include/nodes/internal/FlowViewStyle.hpp
[5.506s] -- Up-to-date: /home/dhruft/ws_nirmitsu/install/NodeEditor/include/nodes/internal/DataModelRegistry.hpp
[5.506s] -- Up-to-date: /home/dhruft/ws_nirmitsu/install/NodeEditor/include/nodes/internal/NodeStyle.hpp
[5.506s] -- Up-to-date: /home/dhruft/ws_nirmitsu/install/NodeEditor/include/nodes/internal/NodeData.hpp
[5.506s] -- Up-to-date: /home/dhruft/ws_nirmitsu/install/NodeEditor/include/nodes/internal/OperatingSystem.hpp
[5.506s] -- Up-to-date: /home/dhruft/ws_nirmitsu/install/NodeEditor/include/nodes/internal/FlowView.hpp
[5.506s] -- Up-to-date: /home/dhruft/ws_nirmitsu/install/NodeEditor/include/nodes/internal/ConnectionGraphicsObject.hpp
[5.506s] -- Up-to-date: /home/dhruft/ws_nirmitsu/install/NodeEditor/include/nodes/internal/Compiler.hpp
[5.506s] -- Up-to-date: /home/dhruft/ws_nirmitsu/install/NodeEditor/include/nodes/internal/Style.hpp
[5.506s] -- Up-to-date: /home/dhruft/ws_nirmitsu/install/NodeEditor/include/nodes/internal/NodeGraphicsObject.hpp
[5.507s] -- Up-to-date: /home/dhruft/ws_nirmitsu/install/NodeEditor/include/nodes/internal/ConnectionState.hpp
[5.507s] -- Up-to-date: /home/dhruft/ws_nirmitsu/install/NodeEditor/include/nodes/internal/QStringStdHash.hpp
[5.507s] -- Up-to-date: /home/dhruft/ws_nirmitsu/install/NodeEditor/include/nodes/internal/StyleCollection.hpp
[5.507s] -- Up-to-date: /home/dhruft/ws_nirmitsu/install/NodeEditor/include/nodes/internal/FlowScene.hpp
[5.507s] -- Up-to-date: /home/dhruft/ws_nirmitsu/install/NodeEditor/include/nodes/internal/Connection.hpp
[5.507s] -- Up-to-date: /home/dhruft/ws_nirmitsu/install/NodeEditor/lib/cmake/NodeEditor/NodeEditorTargets.cmake
[5.507s] -- Up-to-date: /home/dhruft/ws_nirmitsu/install/NodeEditor/lib/cmake/NodeEditor/NodeEditorTargets-noconfig.cmake
[5.507s] -- Up-to-date: /home/dhruft/ws_nirmitsu/install/NodeEditor/lib/cmake/NodeEditor/NodeEditorConfig.cmake
[5.507s] -- Installing: /home/dhruft/ws_nirmitsu/install/NodeEditor/lib/NodeEditor/connection_colors
[5.507s] -- Set runtime path of "/home/dhruft/ws_nirmitsu/install/NodeEditor/lib/NodeEditor/connection_colors" to ""
[5.508s] -- Installing: /home/dhruft/ws_nirmitsu/install/NodeEditor/lib/NodeEditor/example2
[5.509s] -- Set runtime path of "/home/dhruft/ws_nirmitsu/install/NodeEditor/lib/NodeEditor/example2" to ""
[5.509s] -- Installing: /home/dhruft/ws_nirmitsu/install/NodeEditor/lib/NodeEditor/calculator
[5.510s] -- Set runtime path of "/home/dhruft/ws_nirmitsu/install/NodeEditor/lib/NodeEditor/calculator" to ""
[5.511s] -- Installing: /home/dhruft/ws_nirmitsu/install/NodeEditor/lib/NodeEditor/images
[5.511s] -- Set runtime path of "/home/dhruft/ws_nirmitsu/install/NodeEditor/lib/NodeEditor/images" to ""
[5.512s] -- Installing: /home/dhruft/ws_nirmitsu/install/NodeEditor/lib/NodeEditor/styles
[5.513s] -- Set runtime path of "/home/dhruft/ws_nirmitsu/install/NodeEditor/lib/NodeEditor/styles" to ""
[5.516s] Invoked command in '/home/dhruft/ws_nirmitsu/build/NodeEditor' returned '0': /usr/bin/cmake --install /home/dhruft/ws_nirmitsu/build/NodeEditor
