[0.292s] DEBUG:colcon:Command line arguments: ['/usr/bin/colcon', 'build']
[0.292s] DEBUG:colcon:Parsed command line arguments: Namespace(log_base=None, log_level=None, verb_name='build', build_base='build', install_base='install', merge_install=False, symlink_install=False, test_result_base=None, continue_on_error=False, executor='parallel', parallel_workers=16, event_handlers=None, ignore_user_meta=False, metas=['./colcon.meta'], base_paths=['.'], packages_ignore=None, packages_ignore_regex=None, paths=None, packages_up_to=None, packages_up_to_regex=None, packages_above=None, packages_above_and_dependencies=None, packages_above_depth=None, packages_select_by_dep=None, packages_skip_by_dep=None, packages_skip_up_to=None, packages_select_build_failed=False, packages_skip_build_finished=False, packages_select_test_failures=False, packages_skip_test_passed=False, packages_select=None, packages_skip=None, packages_select_regex=None, packages_skip_regex=None, packages_start=None, packages_end=None, allow_overriding=[], cmake_args=None, cmake_target=None, cmake_target_skip_unavailable=False, cmake_clean_cache=False, cmake_clean_first=False, cmake_force_configure=False, ament_cmake_args=None, catkin_cmake_args=None, catkin_skip_building_tests=False, verb_parser=<colcon_defaults.argument_parser.defaults.DefaultArgumentsDecorator object at 0x7f6896de11e0>, verb_extension=<colcon_core.verb.build.BuildVerb object at 0x7f6897744670>, main=<bound method BuildVerb.main of <colcon_core.verb.build.BuildVerb object at 0x7f6897744670>>)
[0.323s] Level 1:colcon.colcon_core.package_discovery:discover_packages(colcon_meta) check parameters
[0.323s] Level 1:colcon.colcon_core.package_discovery:discover_packages(recursive) check parameters
[0.323s] Level 1:colcon.colcon_core.package_discovery:discover_packages(ignore) check parameters
[0.323s] Level 1:colcon.colcon_core.package_discovery:discover_packages(path) check parameters
[0.323s] Level 1:colcon.colcon_core.package_discovery:discover_packages(colcon_meta) discover
[0.323s] Level 1:colcon.colcon_core.package_discovery:discover_packages(recursive) discover
[0.323s] INFO:colcon.colcon_core.package_discovery:Crawling recursively for packages in '/home/dhruft/ws_nirmitsu'
[0.323s] Level 1:colcon.colcon_core.package_identification:_identify(.) by extensions ['ignore', 'ignore_ament_install']
[0.323s] Level 1:colcon.colcon_core.package_identification:_identify(.) by extension 'ignore'
[0.323s] Level 1:colcon.colcon_core.package_identification:_identify(.) by extension 'ignore_ament_install'
[0.323s] Level 1:colcon.colcon_core.package_identification:_identify(.) by extensions ['colcon_pkg']
[0.324s] Level 1:colcon.colcon_core.package_identification:_identify(.) by extension 'colcon_pkg'
[0.324s] Level 1:colcon.colcon_core.package_identification:_identify(.) by extensions ['colcon_meta']
[0.324s] Level 1:colcon.colcon_core.package_identification:_identify(.) by extension 'colcon_meta'
[0.324s] Level 1:colcon.colcon_core.package_identification:_identify(.) by extensions ['ros']
[0.324s] Level 1:colcon.colcon_core.package_identification:_identify(.) by extension 'ros'
[0.337s] Level 1:colcon.colcon_core.package_identification:_identify(.) by extensions ['cmake', 'python']
[0.337s] Level 1:colcon.colcon_core.package_identification:_identify(.) by extension 'cmake'
[0.337s] Level 1:colcon.colcon_core.package_identification:_identify(.) by extension 'python'
[0.337s] Level 1:colcon.colcon_core.package_identification:_identify(.) by extensions ['python_setup_py']
[0.337s] Level 1:colcon.colcon_core.package_identification:_identify(.) by extension 'python_setup_py'
[0.337s] Level 1:colcon.colcon_core.package_identification:_identify(build) by extensions ['ignore', 'ignore_ament_install']
[0.337s] Level 1:colcon.colcon_core.package_identification:_identify(build) by extension 'ignore'
[0.338s] Level 1:colcon.colcon_core.package_identification:_identify(build) ignored
[0.338s] Level 1:colcon.colcon_core.package_identification:_identify(install) by extensions ['ignore', 'ignore_ament_install']
[0.338s] Level 1:colcon.colcon_core.package_identification:_identify(install) by extension 'ignore'
[0.338s] Level 1:colcon.colcon_core.package_identification:_identify(install) ignored
[0.338s] Level 1:colcon.colcon_core.package_identification:_identify(log) by extensions ['ignore', 'ignore_ament_install']
[0.338s] Level 1:colcon.colcon_core.package_identification:_identify(log) by extension 'ignore'
[0.338s] Level 1:colcon.colcon_core.package_identification:_identify(log) ignored
[0.338s] Level 1:colcon.colcon_core.package_identification:_identify(src) by extensions ['ignore', 'ignore_ament_install']
[0.338s] Level 1:colcon.colcon_core.package_identification:_identify(src) by extension 'ignore'
[0.338s] Level 1:colcon.colcon_core.package_identification:_identify(src) by extension 'ignore_ament_install'
[0.338s] Level 1:colcon.colcon_core.package_identification:_identify(src) by extensions ['colcon_pkg']
[0.338s] Level 1:colcon.colcon_core.package_identification:_identify(src) by extension 'colcon_pkg'
[0.339s] Level 1:colcon.colcon_core.package_identification:_identify(src) by extensions ['colcon_meta']
[0.339s] Level 1:colcon.colcon_core.package_identification:_identify(src) by extension 'colcon_meta'
[0.339s] Level 1:colcon.colcon_core.package_identification:_identify(src) by extensions ['ros']
[0.339s] Level 1:colcon.colcon_core.package_identification:_identify(src) by extension 'ros'
[0.339s] Level 1:colcon.colcon_core.package_identification:_identify(src) by extensions ['cmake', 'python']
[0.339s] Level 1:colcon.colcon_core.package_identification:_identify(src) by extension 'cmake'
[0.339s] Level 1:colcon.colcon_core.package_identification:_identify(src) by extension 'python'
[0.339s] Level 1:colcon.colcon_core.package_identification:_identify(src) by extensions ['python_setup_py']
[0.339s] Level 1:colcon.colcon_core.package_identification:_identify(src) by extension 'python_setup_py'
[0.339s] Level 1:colcon.colcon_core.package_identification:_identify(src/nirmitsu-ros2) by extensions ['ignore', 'ignore_ament_install']
[0.339s] Level 1:colcon.colcon_core.package_identification:_identify(src/nirmitsu-ros2) by extension 'ignore'
[0.339s] Level 1:colcon.colcon_core.package_identification:_identify(src/nirmitsu-ros2) by extension 'ignore_ament_install'
[0.339s] Level 1:colcon.colcon_core.package_identification:_identify(src/nirmitsu-ros2) by extensions ['colcon_pkg']
[0.339s] Level 1:colcon.colcon_core.package_identification:_identify(src/nirmitsu-ros2) by extension 'colcon_pkg'
[0.339s] Level 1:colcon.colcon_core.package_identification:_identify(src/nirmitsu-ros2) by extensions ['colcon_meta']
[0.339s] Level 1:colcon.colcon_core.package_identification:_identify(src/nirmitsu-ros2) by extension 'colcon_meta'
[0.339s] Level 1:colcon.colcon_core.package_identification:_identify(src/nirmitsu-ros2) by extensions ['ros']
[0.339s] Level 1:colcon.colcon_core.package_identification:_identify(src/nirmitsu-ros2) by extension 'ros'
[0.340s] Level 1:colcon.colcon_core.package_identification:_identify(src/nirmitsu-ros2) by extensions ['cmake', 'python']
[0.340s] Level 1:colcon.colcon_core.package_identification:_identify(src/nirmitsu-ros2) by extension 'cmake'
[0.340s] Level 1:colcon.colcon_core.package_identification:_identify(src/nirmitsu-ros2) by extension 'python'
[0.340s] Level 1:colcon.colcon_core.package_identification:_identify(src/nirmitsu-ros2) by extensions ['python_setup_py']
[0.340s] Level 1:colcon.colcon_core.package_identification:_identify(src/nirmitsu-ros2) by extension 'python_setup_py'
[0.340s] Level 1:colcon.colcon_core.package_identification:_identify(src/nirmitsu-ros2/nirmitsu_ros2_flowgraph) by extensions ['ignore', 'ignore_ament_install']
[0.340s] Level 1:colcon.colcon_core.package_identification:_identify(src/nirmitsu-ros2/nirmitsu_ros2_flowgraph) by extension 'ignore'
[0.340s] Level 1:colcon.colcon_core.package_identification:_identify(src/nirmitsu-ros2/nirmitsu_ros2_flowgraph) by extension 'ignore_ament_install'
[0.340s] Level 1:colcon.colcon_core.package_identification:_identify(src/nirmitsu-ros2/nirmitsu_ros2_flowgraph) by extensions ['colcon_pkg']
[0.340s] Level 1:colcon.colcon_core.package_identification:_identify(src/nirmitsu-ros2/nirmitsu_ros2_flowgraph) by extension 'colcon_pkg'
[0.340s] Level 1:colcon.colcon_core.package_identification:_identify(src/nirmitsu-ros2/nirmitsu_ros2_flowgraph) by extensions ['colcon_meta']
[0.340s] Level 1:colcon.colcon_core.package_identification:_identify(src/nirmitsu-ros2/nirmitsu_ros2_flowgraph) by extension 'colcon_meta'
[0.340s] Level 1:colcon.colcon_core.package_identification:_identify(src/nirmitsu-ros2/nirmitsu_ros2_flowgraph) by extensions ['ros']
[0.340s] Level 1:colcon.colcon_core.package_identification:_identify(src/nirmitsu-ros2/nirmitsu_ros2_flowgraph) by extension 'ros'
[0.344s] DEBUG:colcon.colcon_core.package_identification:Package 'src/nirmitsu-ros2/nirmitsu_ros2_flowgraph' with type 'ros.ament_cmake' and name 'nirmitsu_ros2_flowgraph'
[0.344s] Level 1:colcon.colcon_core.package_identification:_identify(src/nirmitsu-ros2/nodeeditor) by extensions ['ignore', 'ignore_ament_install']
[0.344s] Level 1:colcon.colcon_core.package_identification:_identify(src/nirmitsu-ros2/nodeeditor) by extension 'ignore'
[0.344s] Level 1:colcon.colcon_core.package_identification:_identify(src/nirmitsu-ros2/nodeeditor) by extension 'ignore_ament_install'
[0.344s] Level 1:colcon.colcon_core.package_identification:_identify(src/nirmitsu-ros2/nodeeditor) by extensions ['colcon_pkg']
[0.344s] Level 1:colcon.colcon_core.package_identification:_identify(src/nirmitsu-ros2/nodeeditor) by extension 'colcon_pkg'
[0.344s] Level 1:colcon.colcon_core.package_identification:_identify(src/nirmitsu-ros2/nodeeditor) by extensions ['colcon_meta']
[0.344s] Level 1:colcon.colcon_core.package_identification:_identify(src/nirmitsu-ros2/nodeeditor) by extension 'colcon_meta'
[0.344s] Level 1:colcon.colcon_core.package_identification:_identify(src/nirmitsu-ros2/nodeeditor) by extensions ['ros']
[0.344s] Level 1:colcon.colcon_core.package_identification:_identify(src/nirmitsu-ros2/nodeeditor) by extension 'ros'
[0.344s] Level 1:colcon.colcon_core.package_identification:_identify(src/nirmitsu-ros2/nodeeditor) by extensions ['cmake', 'python']
[0.345s] Level 1:colcon.colcon_core.package_identification:_identify(src/nirmitsu-ros2/nodeeditor) by extension 'cmake'
[0.348s] Level 1:colcon.colcon_core.package_identification:_identify(src/nirmitsu-ros2/nodeeditor) by extension 'python'
[0.348s] DEBUG:colcon.colcon_core.package_identification:Package 'src/nirmitsu-ros2/nodeeditor' with type 'cmake' and name 'NodeEditor'
[0.348s] Level 1:colcon.colcon_core.package_discovery:discover_packages(recursive) using defaults
[0.348s] Level 1:colcon.colcon_core.package_discovery:discover_packages(ignore) discover
[0.348s] Level 1:colcon.colcon_core.package_discovery:discover_packages(ignore) using defaults
[0.348s] Level 1:colcon.colcon_core.package_discovery:discover_packages(path) discover
[0.348s] Level 1:colcon.colcon_core.package_discovery:discover_packages(path) using defaults
[0.404s] Level 1:colcon.colcon_core.package_discovery:discover_packages(prefix_path) check parameters
[0.405s] Level 1:colcon.colcon_core.package_discovery:discover_packages(prefix_path) discover
[0.406s] Level 1:colcon.colcon_core.package_discovery:discover_packages(prefix_path) using defaults
[0.408s] Level 5:colcon.colcon_core.verb:set package 'NodeEditor' build argument 'cmake_args' from command line to 'None'
[0.408s] Level 5:colcon.colcon_core.verb:set package 'NodeEditor' build argument 'cmake_target' from command line to 'None'
[0.408s] Level 5:colcon.colcon_core.verb:set package 'NodeEditor' build argument 'cmake_target_skip_unavailable' from command line to 'False'
[0.408s] Level 5:colcon.colcon_core.verb:set package 'NodeEditor' build argument 'cmake_clean_cache' from command line to 'False'
[0.408s] Level 5:colcon.colcon_core.verb:set package 'NodeEditor' build argument 'cmake_clean_first' from command line to 'False'
[0.408s] Level 5:colcon.colcon_core.verb:set package 'NodeEditor' build argument 'cmake_force_configure' from command line to 'False'
[0.408s] Level 5:colcon.colcon_core.verb:set package 'NodeEditor' build argument 'ament_cmake_args' from command line to 'None'
[0.408s] Level 5:colcon.colcon_core.verb:set package 'NodeEditor' build argument 'catkin_cmake_args' from command line to 'None'
[0.408s] Level 5:colcon.colcon_core.verb:set package 'NodeEditor' build argument 'catkin_skip_building_tests' from command line to 'False'
[0.408s] DEBUG:colcon.colcon_core.verb:Building package 'NodeEditor' with the following arguments: {'ament_cmake_args': None, 'build_base': '/home/dhruft/ws_nirmitsu/build/NodeEditor', 'catkin_cmake_args': None, 'catkin_skip_building_tests': False, 'cmake_args': None, 'cmake_clean_cache': False, 'cmake_clean_first': False, 'cmake_force_configure': False, 'cmake_target': None, 'cmake_target_skip_unavailable': False, 'install_base': '/home/dhruft/ws_nirmitsu/install/NodeEditor', 'merge_install': False, 'path': '/home/dhruft/ws_nirmitsu/src/nirmitsu-ros2/nodeeditor', 'symlink_install': False, 'test_result_base': None}
[0.409s] Level 5:colcon.colcon_core.verb:set package 'nirmitsu_ros2_flowgraph' build argument 'cmake_args' from command line to 'None'
[0.409s] Level 5:colcon.colcon_core.verb:set package 'nirmitsu_ros2_flowgraph' build argument 'cmake_target' from command line to 'None'
[0.409s] Level 5:colcon.colcon_core.verb:set package 'nirmitsu_ros2_flowgraph' build argument 'cmake_target_skip_unavailable' from command line to 'False'
[0.409s] Level 5:colcon.colcon_core.verb:set package 'nirmitsu_ros2_flowgraph' build argument 'cmake_clean_cache' from command line to 'False'
[0.409s] Level 5:colcon.colcon_core.verb:set package 'nirmitsu_ros2_flowgraph' build argument 'cmake_clean_first' from command line to 'False'
[0.409s] Level 5:colcon.colcon_core.verb:set package 'nirmitsu_ros2_flowgraph' build argument 'cmake_force_configure' from command line to 'False'
[0.409s] Level 5:colcon.colcon_core.verb:set package 'nirmitsu_ros2_flowgraph' build argument 'ament_cmake_args' from command line to 'None'
[0.409s] Level 5:colcon.colcon_core.verb:set package 'nirmitsu_ros2_flowgraph' build argument 'catkin_cmake_args' from command line to 'None'
[0.409s] Level 5:colcon.colcon_core.verb:set package 'nirmitsu_ros2_flowgraph' build argument 'catkin_skip_building_tests' from command line to 'False'
[0.409s] DEBUG:colcon.colcon_core.verb:Building package 'nirmitsu_ros2_flowgraph' with the following arguments: {'ament_cmake_args': None, 'build_base': '/home/dhruft/ws_nirmitsu/build/nirmitsu_ros2_flowgraph', 'catkin_cmake_args': None, 'catkin_skip_building_tests': False, 'cmake_args': None, 'cmake_clean_cache': False, 'cmake_clean_first': False, 'cmake_force_configure': False, 'cmake_target': None, 'cmake_target_skip_unavailable': False, 'install_base': '/home/dhruft/ws_nirmitsu/install/nirmitsu_ros2_flowgraph', 'merge_install': False, 'path': '/home/dhruft/ws_nirmitsu/src/nirmitsu-ros2/nirmitsu_ros2_flowgraph', 'symlink_install': False, 'test_result_base': None}
[0.410s] INFO:colcon.colcon_core.executor:Executing jobs using 'parallel' executor
[0.415s] DEBUG:colcon.colcon_parallel_executor.executor.parallel:run_until_complete
[0.415s] INFO:colcon.colcon_cmake.task.cmake.build:Building CMake package in '/home/dhruft/ws_nirmitsu/src/nirmitsu-ros2/nodeeditor'
[0.420s] INFO:colcon.colcon_core.plugin_system:Skipping extension 'colcon_core.shell.bat': Not used on non-Windows systems
[0.421s] INFO:colcon.colcon_core.shell:Skip shell extension 'powershell' for command environment: Not usable outside of PowerShell
[0.421s] DEBUG:colcon.colcon_core.shell:Skip shell extension 'dsv' for command environment
[0.431s] DEBUG:colcon.colcon_core.event_handler.log_command:Invoking command in '/home/dhruft/ws_nirmitsu/build/NodeEditor': /usr/bin/cmake --build /home/dhruft/ws_nirmitsu/build/NodeEditor -- -j16 -l16
[0.660s] DEBUG:colcon.colcon_core.event_handler.log_command:Invoked command in '/home/dhruft/ws_nirmitsu/build/NodeEditor' returned '0': /usr/bin/cmake --build /home/dhruft/ws_nirmitsu/build/NodeEditor -- -j16 -l16
[0.775s] DEBUG:colcon.colcon_core.event_handler.log_command:Invoking command in '/home/dhruft/ws_nirmitsu/build/NodeEditor': /usr/bin/cmake --install /home/dhruft/ws_nirmitsu/build/NodeEditor
[0.791s] Level 1:colcon.colcon_core.environment:create_environment_scripts_only(NodeEditor)
[0.793s] DEBUG:colcon.colcon_core.event_handler.log_command:Invoked command in '/home/dhruft/ws_nirmitsu/build/NodeEditor' returned '0': /usr/bin/cmake --install /home/dhruft/ws_nirmitsu/build/NodeEditor
[0.799s] Level 1:colcon.colcon_core.environment:checking '/home/dhruft/ws_nirmitsu/install/NodeEditor' for CMake module files
[0.800s] Level 1:colcon.colcon_core.environment:checking '/home/dhruft/ws_nirmitsu/install/NodeEditor' for CMake config files
[0.800s] Level 1:colcon.colcon_core.shell:create_environment_hook('NodeEditor', 'cmake_prefix_path')
[0.801s] INFO:colcon.colcon_core.shell:Creating environment hook '/home/dhruft/ws_nirmitsu/install/NodeEditor/share/NodeEditor/hook/cmake_prefix_path.ps1'
[0.802s] INFO:colcon.colcon_core.shell:Creating environment descriptor '/home/dhruft/ws_nirmitsu/install/NodeEditor/share/NodeEditor/hook/cmake_prefix_path.dsv'
[0.803s] INFO:colcon.colcon_core.shell:Creating environment hook '/home/dhruft/ws_nirmitsu/install/NodeEditor/share/NodeEditor/hook/cmake_prefix_path.sh'
[0.804s] Level 1:colcon.colcon_core.environment:checking '/home/dhruft/ws_nirmitsu/install/NodeEditor/lib'
[0.804s] Level 1:colcon.colcon_core.shell:create_environment_hook('NodeEditor', 'ld_library_path_lib')
[0.805s] INFO:colcon.colcon_core.shell:Creating environment hook '/home/dhruft/ws_nirmitsu/install/NodeEditor/share/NodeEditor/hook/ld_library_path_lib.ps1'
[0.806s] INFO:colcon.colcon_core.shell:Creating environment descriptor '/home/dhruft/ws_nirmitsu/install/NodeEditor/share/NodeEditor/hook/ld_library_path_lib.dsv'
[0.806s] INFO:colcon.colcon_core.shell:Creating environment hook '/home/dhruft/ws_nirmitsu/install/NodeEditor/share/NodeEditor/hook/ld_library_path_lib.sh'
[0.806s] Level 1:colcon.colcon_core.environment:checking '/home/dhruft/ws_nirmitsu/install/NodeEditor/bin'
[0.806s] Level 1:colcon.colcon_core.environment:checking '/home/dhruft/ws_nirmitsu/install/NodeEditor/lib/pkgconfig/NodeEditor.pc'
[0.808s] Level 1:colcon.colcon_core.environment:checking '/home/dhruft/ws_nirmitsu/install/NodeEditor/lib/python3.10/site-packages'
[0.808s] Level 1:colcon.colcon_core.environment:checking '/home/dhruft/ws_nirmitsu/install/NodeEditor/bin'
[0.810s] INFO:colcon.colcon_core.shell:Creating package script '/home/dhruft/ws_nirmitsu/install/NodeEditor/share/NodeEditor/package.ps1'
[0.811s] INFO:colcon.colcon_core.shell:Creating package descriptor '/home/dhruft/ws_nirmitsu/install/NodeEditor/share/NodeEditor/package.dsv'
[0.812s] INFO:colcon.colcon_core.shell:Creating package script '/home/dhruft/ws_nirmitsu/install/NodeEditor/share/NodeEditor/package.sh'
[0.812s] INFO:colcon.colcon_core.shell:Creating package script '/home/dhruft/ws_nirmitsu/install/NodeEditor/share/NodeEditor/package.bash'
[0.814s] INFO:colcon.colcon_core.shell:Creating package script '/home/dhruft/ws_nirmitsu/install/NodeEditor/share/NodeEditor/package.zsh'
[0.814s] Level 1:colcon.colcon_core.environment:create_file_with_runtime_dependencies(/home/dhruft/ws_nirmitsu/install/NodeEditor/share/colcon-core/packages/NodeEditor)
[0.815s] INFO:colcon.colcon_ros.task.ament_cmake.build:Building ROS package in '/home/dhruft/ws_nirmitsu/src/nirmitsu-ros2/nirmitsu_ros2_flowgraph' with build type 'ament_cmake'
[0.815s] INFO:colcon.colcon_cmake.task.cmake.build:Building CMake package in '/home/dhruft/ws_nirmitsu/src/nirmitsu-ros2/nirmitsu_ros2_flowgraph'
[0.816s] INFO:colcon.colcon_core.shell:Skip shell extension 'powershell' for command environment: Not usable outside of PowerShell
[0.816s] DEBUG:colcon.colcon_core.shell:Skip shell extension 'dsv' for command environment
[0.825s] DEBUG:colcon.colcon_core.event_handler.log_command:Invoking command in '/home/dhruft/ws_nirmitsu/build/nirmitsu_ros2_flowgraph': CMAKE_PREFIX_PATH=/home/dhruft/ws_nirmitsu/install/NodeEditor LD_LIBRARY_PATH=/home/dhruft/ws_nirmitsu/install/NodeEditor/lib /usr/bin/cmake --build /home/dhruft/ws_nirmitsu/build/nirmitsu_ros2_flowgraph -- -j16 -l16
[6.522s] DEBUG:colcon.colcon_core.event_handler.log_command:Invoked command in '/home/dhruft/ws_nirmitsu/build/nirmitsu_ros2_flowgraph' returned '2': CMAKE_PREFIX_PATH=/home/dhruft/ws_nirmitsu/install/NodeEditor LD_LIBRARY_PATH=/home/dhruft/ws_nirmitsu/install/NodeEditor/lib /usr/bin/cmake --build /home/dhruft/ws_nirmitsu/build/nirmitsu_ros2_flowgraph -- -j16 -l16
[6.564s] Level 1:colcon.colcon_core.environment:create_environment_scripts_only(nirmitsu_ros2_flowgraph)
[6.566s] Level 1:colcon.colcon_core.environment:checking '/home/dhruft/ws_nirmitsu/install/nirmitsu_ros2_flowgraph' for CMake module files
[6.566s] Level 1:colcon.colcon_core.environment:checking '/home/dhruft/ws_nirmitsu/install/nirmitsu_ros2_flowgraph' for CMake config files
[6.567s] Level 1:colcon.colcon_core.shell:create_environment_hook('nirmitsu_ros2_flowgraph', 'cmake_prefix_path')
[6.568s] INFO:colcon.colcon_core.shell:Creating environment hook '/home/dhruft/ws_nirmitsu/install/nirmitsu_ros2_flowgraph/share/nirmitsu_ros2_flowgraph/hook/cmake_prefix_path.ps1'
[6.569s] INFO:colcon.colcon_core.shell:Creating environment descriptor '/home/dhruft/ws_nirmitsu/install/nirmitsu_ros2_flowgraph/share/nirmitsu_ros2_flowgraph/hook/cmake_prefix_path.dsv'
[6.570s] INFO:colcon.colcon_core.shell:Creating environment hook '/home/dhruft/ws_nirmitsu/install/nirmitsu_ros2_flowgraph/share/nirmitsu_ros2_flowgraph/hook/cmake_prefix_path.sh'
[6.570s] Level 1:colcon.colcon_core.environment:checking '/home/dhruft/ws_nirmitsu/install/nirmitsu_ros2_flowgraph/lib'
[6.571s] Level 1:colcon.colcon_core.environment:checking '/home/dhruft/ws_nirmitsu/install/nirmitsu_ros2_flowgraph/bin'
[6.571s] Level 1:colcon.colcon_core.environment:checking '/home/dhruft/ws_nirmitsu/install/nirmitsu_ros2_flowgraph/lib/pkgconfig/nirmitsu_ros2_flowgraph.pc'
[6.571s] Level 1:colcon.colcon_core.environment:checking '/home/dhruft/ws_nirmitsu/install/nirmitsu_ros2_flowgraph/lib/python3.10/site-packages'
[6.571s] Level 1:colcon.colcon_core.environment:checking '/home/dhruft/ws_nirmitsu/install/nirmitsu_ros2_flowgraph/bin'
[6.573s] INFO:colcon.colcon_core.shell:Creating package script '/home/dhruft/ws_nirmitsu/install/nirmitsu_ros2_flowgraph/share/nirmitsu_ros2_flowgraph/package.ps1'
[6.574s] INFO:colcon.colcon_core.shell:Creating package descriptor '/home/dhruft/ws_nirmitsu/install/nirmitsu_ros2_flowgraph/share/nirmitsu_ros2_flowgraph/package.dsv'
[6.574s] INFO:colcon.colcon_core.shell:Creating package script '/home/dhruft/ws_nirmitsu/install/nirmitsu_ros2_flowgraph/share/nirmitsu_ros2_flowgraph/package.sh'
[6.574s] INFO:colcon.colcon_core.shell:Creating package script '/home/dhruft/ws_nirmitsu/install/nirmitsu_ros2_flowgraph/share/nirmitsu_ros2_flowgraph/package.bash'
[6.575s] INFO:colcon.colcon_core.shell:Creating package script '/home/dhruft/ws_nirmitsu/install/nirmitsu_ros2_flowgraph/share/nirmitsu_ros2_flowgraph/package.zsh'
[6.575s] Level 1:colcon.colcon_core.environment:create_file_with_runtime_dependencies(/home/dhruft/ws_nirmitsu/install/nirmitsu_ros2_flowgraph/share/colcon-core/packages/nirmitsu_ros2_flowgraph)
[6.586s] DEBUG:colcon.colcon_parallel_executor.executor.parallel:closing loop
[6.586s] DEBUG:colcon.colcon_parallel_executor.executor.parallel:loop closed
[6.586s] DEBUG:colcon.colcon_parallel_executor.executor.parallel:run_until_complete finished with '2'
[6.586s] DEBUG:colcon.colcon_core.event_reactor:joining thread
[6.595s] INFO:colcon.colcon_core.plugin_system:Skipping extension 'colcon_notification.desktop_notification.terminal_notifier': Not used on non-Darwin systems
[6.595s] INFO:colcon.colcon_core.plugin_system:Skipping extension 'colcon_notification.desktop_notification.win32': Not used on non-Windows systems
[6.595s] INFO:colcon.colcon_notification.desktop_notification:Sending desktop notification using 'notify2'
[6.613s] DEBUG:colcon.colcon_core.event_reactor:joined thread
[6.615s] INFO:colcon.colcon_core.shell:Creating prefix script '/home/dhruft/ws_nirmitsu/install/local_setup.ps1'
[6.617s] INFO:colcon.colcon_core.shell:Creating prefix util module '/home/dhruft/ws_nirmitsu/install/_local_setup_util_ps1.py'
[6.618s] INFO:colcon.colcon_core.shell:Creating prefix chain script '/home/dhruft/ws_nirmitsu/install/setup.ps1'
[6.619s] INFO:colcon.colcon_core.shell:Creating prefix script '/home/dhruft/ws_nirmitsu/install/local_setup.sh'
[6.620s] INFO:colcon.colcon_core.shell:Creating prefix util module '/home/dhruft/ws_nirmitsu/install/_local_setup_util_sh.py'
[6.620s] INFO:colcon.colcon_core.shell:Creating prefix chain script '/home/dhruft/ws_nirmitsu/install/setup.sh'
[6.621s] INFO:colcon.colcon_core.shell:Creating prefix script '/home/dhruft/ws_nirmitsu/install/local_setup.bash'
[6.622s] INFO:colcon.colcon_core.shell:Creating prefix chain script '/home/dhruft/ws_nirmitsu/install/setup.bash'
[6.623s] INFO:colcon.colcon_core.shell:Creating prefix script '/home/dhruft/ws_nirmitsu/install/local_setup.zsh'
[6.624s] INFO:colcon.colcon_core.shell:Creating prefix chain script '/home/dhruft/ws_nirmitsu/install/setup.zsh'
