[0.009s] Invoking command in '/home/dhruft/ws_nirmitsu/build/nirmitsu_ros2_flowgraph': CMAKE_PREFIX_PATH=/home/dhruft/ws_nirmitsu/install/NodeEditor:/home/dhruft/ws_nirmitsu/install/nirmitsu_ros2_flowgraph:/opt/ros/humble /usr/bin/cmake --build /home/dhruft/ws_nirmitsu/build/nirmitsu_ros2_flowgraph -- -j16 -l16
[0.059s] [  5%] [34m[1mAutomatic MOC and UIC for target nirmitsu[0m
[0.083s] [  5%] Built target nirmitsu_autogen
[0.107s] [35m[1mConsolidate compiler generated dependencies of target nirmitsu[0m
[0.142s] [ 11%] [32mBuilding CXX object CMakeFiles/nirmitsu.dir/src/datatypes/Pos.cpp.o[0m
[0.632s] [ 16%] [32m[1mLinking CXX executable nirmitsu[0m
[2.007s] [100%] Built target nirmitsu
[2.021s] Invoked command in '/home/dhruft/ws_nirmitsu/build/nirmitsu_ros2_flowgraph' returned '0': CMAKE_PREFIX_PATH=/home/dhruft/ws_nirmitsu/install/NodeEditor:/home/dhruft/ws_nirmitsu/install/nirmitsu_ros2_flowgraph:/opt/ros/humble /usr/bin/cmake --build /home/dhruft/ws_nirmitsu/build/nirmitsu_ros2_flowgraph -- -j16 -l16
[2.055s] Invoking command in '/home/dhruft/ws_nirmitsu/build/nirmitsu_ros2_flowgraph': CMAKE_PREFIX_PATH=/home/dhruft/ws_nirmitsu/install/NodeEditor:/home/dhruft/ws_nirmitsu/install/nirmitsu_ros2_flowgraph:/opt/ros/humble /usr/bin/cmake --install /home/dhruft/ws_nirmitsu/build/nirmitsu_ros2_flowgraph
[2.060s] -- Install configuration: ""
[2.061s] -- Installing: /home/dhruft/ws_nirmitsu/install/nirmitsu_ros2_flowgraph/lib/nirmitsu_ros2_flowgraph/nirmitsu
[2.062s] -- Set runtime path of "/home/dhruft/ws_nirmitsu/install/nirmitsu_ros2_flowgraph/lib/nirmitsu_ros2_flowgraph/nirmitsu" to ""
[2.062s] -- Up-to-date: /home/dhruft/ws_nirmitsu/install/nirmitsu_ros2_flowgraph/share/ament_index/resource_index/package_run_dependencies/nirmitsu_ros2_flowgraph
[2.062s] -- Up-to-date: /home/dhruft/ws_nirmitsu/install/nirmitsu_ros2_flowgraph/share/ament_index/resource_index/parent_prefix_path/nirmitsu_ros2_flowgraph
[2.062s] -- Up-to-date: /home/dhruft/ws_nirmitsu/install/nirmitsu_ros2_flowgraph/share/nirmitsu_ros2_flowgraph/environment/ament_prefix_path.sh
[2.062s] -- Up-to-date: /home/dhruft/ws_nirmitsu/install/nirmitsu_ros2_flowgraph/share/nirmitsu_ros2_flowgraph/environment/ament_prefix_path.dsv
[2.062s] -- Up-to-date: /home/dhruft/ws_nirmitsu/install/nirmitsu_ros2_flowgraph/share/nirmitsu_ros2_flowgraph/environment/path.sh
[2.062s] -- Up-to-date: /home/dhruft/ws_nirmitsu/install/nirmitsu_ros2_flowgraph/share/nirmitsu_ros2_flowgraph/environment/path.dsv
[2.062s] -- Up-to-date: /home/dhruft/ws_nirmitsu/install/nirmitsu_ros2_flowgraph/share/nirmitsu_ros2_flowgraph/local_setup.bash
[2.062s] -- Up-to-date: /home/dhruft/ws_nirmitsu/install/nirmitsu_ros2_flowgraph/share/nirmitsu_ros2_flowgraph/local_setup.sh
[2.062s] -- Up-to-date: /home/dhruft/ws_nirmitsu/install/nirmitsu_ros2_flowgraph/share/nirmitsu_ros2_flowgraph/local_setup.zsh
[2.062s] -- Up-to-date: /home/dhruft/ws_nirmitsu/install/nirmitsu_ros2_flowgraph/share/nirmitsu_ros2_flowgraph/local_setup.dsv
[2.062s] -- Installing: /home/dhruft/ws_nirmitsu/install/nirmitsu_ros2_flowgraph/share/nirmitsu_ros2_flowgraph/package.dsv
[2.062s] -- Up-to-date: /home/dhruft/ws_nirmitsu/install/nirmitsu_ros2_flowgraph/share/ament_index/resource_index/packages/nirmitsu_ros2_flowgraph
[2.063s] -- Up-to-date: /home/dhruft/ws_nirmitsu/install/nirmitsu_ros2_flowgraph/share/nirmitsu_ros2_flowgraph/cmake/nirmitsu_ros2_flowgraphConfig.cmake
[2.063s] -- Up-to-date: /home/dhruft/ws_nirmitsu/install/nirmitsu_ros2_flowgraph/share/nirmitsu_ros2_flowgraph/cmake/nirmitsu_ros2_flowgraphConfig-version.cmake
[2.063s] -- Up-to-date: /home/dhruft/ws_nirmitsu/install/nirmitsu_ros2_flowgraph/share/nirmitsu_ros2_flowgraph/package.xml
[2.065s] Invoked command in '/home/dhruft/ws_nirmitsu/build/nirmitsu_ros2_flowgraph' returned '0': CMAKE_PREFIX_PATH=/home/dhruft/ws_nirmitsu/install/NodeEditor:/home/dhruft/ws_nirmitsu/install/nirmitsu_ros2_flowgraph:/opt/ros/humble /usr/bin/cmake --install /home/dhruft/ws_nirmitsu/build/nirmitsu_ros2_flowgraph
